#
# There is insufficient memory for the Java Runtime Environment to continue.
# Native memory allocation (malloc) failed to allocate 221584 bytes for Chunk::new
# Possible reasons:
#   The system is out of physical RAM or swap space
#   The process is running with CompressedOops enabled, and the Java Heap may be blocking the growth of the native heap
# Possible solutions:
#   Reduce memory load on the system
#   Increase physical memory or swap space
#   Check if swap backing store is full
#   Decrease Java heap size (-Xmx/-Xms)
#   Decrease number of Java threads
#   Decrease Java thread stack sizes (-Xss)
#   Set larger code cache with -XX:ReservedCodeCacheSize=
#   JVM is running with Unscaled Compressed Oops mode in which the Java heap is
#     placed in the first 4GB address space. The Java Heap base address is the
#     maximum limit for the native heap growth. Please use -XX:HeapBaseMinAddress
#     to set the Java Heap base and to place the Java Heap above 4GB virtual address.
# This output file may be truncated or incomplete.
#
#  Out of Memory Error (arena.cpp:189), pid=30388, tid=21776
#
# JRE version: Java(TM) SE Runtime Environment (17.0+35) (build 17+35-LTS-2724)
# Java VM: Java HotSpot(TM) 64-Bit Server VM (17+35-LTS-2724, mixed mode, sharing, tiered, compressed oops, compressed class ptrs, g1 gc, windows-amd64)
# No core dump will be written. Minidumps are not enabled by default on client versions of Windows
#

---------------  S U M M A R Y ------------

Command Line: -Dfile.encoding=UTF-8 --module-path=D:\NetBeansProjects\BankManagementSystem\build\classes bankmanagementsystem.SignUp

Host: AMD Ryzen 5 4500U with Radeon Graphics         , 6 cores, 7G,  Windows 10 , 64 bit Build 19041 (10.0.19041.2913)
Time: Wed Jun 14 21:17:15 2023 India Standard Time elapsed time: 0.937984 seconds (0d 0h 0m 0s)

---------------  T H R E A D  ---------------

Current thread (0x00000256561f2ba0):  JavaThread "C2 CompilerThread0" daemon [_thread_in_native, id=21776, stack(0x000000b188800000,0x000000b188900000)]


Current CompileTask:
C2:    938  950   !   4       sun.font.TrueTypeFont::getTableBuffer (199 bytes)

Stack: [0x000000b188800000,0x000000b188900000]
Native frames: (J=compiled Java code, j=interpreted, Vv=VM code, C=native code)
V  [jvm.dll+0x66f8ea]
V  [jvm.dll+0x7ce224]
V  [jvm.dll+0x7cf9ce]
V  [jvm.dll+0x7d0033]
V  [jvm.dll+0x242bb5]
V  [jvm.dll+0xaa05b]
V  [jvm.dll+0xaa5ec]
V  [jvm.dll+0x11b687]
V  [jvm.dll+0x6032e5]
V  [jvm.dll+0x6019b4]
V  [jvm.dll+0x215b18]
V  [jvm.dll+0x2150c1]
V  [jvm.dll+0x1a168d]
V  [jvm.dll+0x2248f8]
V  [jvm.dll+0x222a5c]
V  [jvm.dll+0x78422b]
V  [jvm.dll+0x77e7ea]
V  [jvm.dll+0x66e715]
C  [ucrtbase.dll+0x21bb2]
C  [KERNEL32.DLL+0x17614]
C  [ntdll.dll+0x526a1]


---------------  P R O C E S S  ---------------

Threads class SMR info:
_java_thread_list=0x000002565bbff890, length=17, elements={
0x00000256561dac10, 0x00000256561db880, 0x00000256561ef1a0, 0x00000256561f0b60,
0x00000256561f1510, 0x00000256561f1ec0, 0x00000256561f2ba0, 0x00000256561f3640,
0x00000256561f9540, 0x00000256561cc840, 0x0000025656ccca60, 0x0000025656e6d160,
0x0000025656e74100, 0x0000025656eb9590, 0x000002565bba7a30, 0x0000025638acd2e0,
0x000002565bc13fc0
}

Java Threads: ( => current thread )
  0x00000256561dac10 JavaThread "Reference Handler" daemon [_thread_blocked, id=14252, stack(0x000000b188200000,0x000000b188300000)]
  0x00000256561db880 JavaThread "Finalizer" daemon [_thread_blocked, id=29960, stack(0x000000b188300000,0x000000b188400000)]
  0x00000256561ef1a0 JavaThread "Signal Dispatcher" daemon [_thread_blocked, id=29968, stack(0x000000b188400000,0x000000b188500000)]
  0x00000256561f0b60 JavaThread "Attach Listener" daemon [_thread_blocked, id=30012, stack(0x000000b188500000,0x000000b188600000)]
  0x00000256561f1510 JavaThread "Service Thread" daemon [_thread_blocked, id=29704, stack(0x000000b188600000,0x000000b188700000)]
  0x00000256561f1ec0 JavaThread "Monitor Deflation Thread" daemon [_thread_blocked, id=30356, stack(0x000000b188700000,0x000000b188800000)]
=>0x00000256561f2ba0 JavaThread "C2 CompilerThread0" daemon [_thread_in_native, id=21776, stack(0x000000b188800000,0x000000b188900000)]
  0x00000256561f3640 JavaThread "C1 CompilerThread0" daemon [_thread_blocked, id=29780, stack(0x000000b188900000,0x000000b188a00000)]
  0x00000256561f9540 JavaThread "Sweeper thread" daemon [_thread_blocked, id=24896, stack(0x000000b188a00000,0x000000b188b00000)]
  0x00000256561cc840 JavaThread "Common-Cleaner" daemon [_thread_blocked, id=30408, stack(0x000000b188b00000,0x000000b188c00000)]
  0x0000025656ccca60 JavaThread "Notification Thread" daemon [_thread_blocked, id=30460, stack(0x000000b188c00000,0x000000b188d00000)]
  0x0000025656e6d160 JavaThread "Java2D Disposer" daemon [_thread_blocked, id=26336, stack(0x000000b188e00000,0x000000b188f00000)]
  0x0000025656e74100 JavaThread "AWT-Shutdown" [_thread_blocked, id=10312, stack(0x000000b188f00000,0x000000b189000000)]
  0x0000025656eb9590 JavaThread "AWT-Windows" daemon [_thread_in_native, id=24184, stack(0x000000b189000000,0x000000b189100000)]
  0x000002565bba7a30 JavaThread "AWT-EventQueue-0" [_thread_in_native, id=24892, stack(0x000000b189b00000,0x000000b189c00000)]
  0x0000025638acd2e0 JavaThread "DestroyJavaVM" [_thread_blocked, id=616, stack(0x000000b187b00000,0x000000b187c00000)]
  0x000002565bc13fc0 JavaThread "D3D Screen Updater" daemon [_thread_blocked, id=26780, stack(0x000000b189c00000,0x000000b189d00000)]

Other Threads:
  0x00000256561d4d10 VMThread "VM Thread" [stack: 0x000000b188100000,0x000000b188200000] [id=2308]
  0x0000025638b216a0 WatcherThread [stack: 0x000000b188d00000,0x000000b188e00000] [id=30204]
  0x0000025638b09640 GCTaskThread "GC Thread#0" [stack: 0x000000b187c00000,0x000000b187d00000] [id=24400]
  0x0000025638b19200 ConcurrentGCThread "G1 Main Marker" [stack: 0x000000b187d00000,0x000000b187e00000] [id=24404]
  0x0000025638b1b3c0 ConcurrentGCThread "G1 Conc#0" [stack: 0x000000b187e00000,0x000000b187f00000] [id=22048]
  0x0000025638b8c6b0 ConcurrentGCThread "G1 Refine#0" [stack: 0x000000b187f00000,0x000000b188000000] [id=20652]
  0x0000025638b8d0d0 ConcurrentGCThread "G1 Service" [stack: 0x000000b188000000,0x000000b188100000] [id=22964]

Threads with active compile tasks:
C2 CompilerThread0      963  950   !   4       sun.font.TrueTypeFont::getTableBuffer (199 bytes)

VM state: not at safepoint (normal execution)

VM Mutex/Monitor currently owned by a thread: None

Heap address: 0x0000000089c00000, size: 1892 MB, Compressed Oops mode: 32-bit

CDS archive(s) mapped at: [0x0000000800000000-0x0000000800bc0000-0x0000000800bc0000), size 12320768, SharedBaseAddress: 0x0000000800000000, ArchiveRelocationMode: 0.
Compressed class space mapped at: 0x0000000800c00000-0x0000000840c00000, reserved size: 1073741824
Narrow klass base: 0x0000000800000000, Narrow klass shift: 0, Narrow klass range: 0x100000000

GC Precious Log:
 CPUs: 6 total, 6 available
 Memory: 7564M
 Large Page Support: Disabled
 NUMA Support: Disabled
 Compressed Oops: Enabled (32-bit)
 Heap Region Size: 1M
 Heap Min Capacity: 8M
 Heap Initial Capacity: 120M
 Heap Max Capacity: 1892M
 Pre-touch: Disabled
 Parallel Workers: 6
 Concurrent Workers: 2
 Concurrent Refinement Workers: 6
 Periodic GC: Disabled

Heap:
 garbage-first heap   total 122880K, used 18432K [0x0000000089c00000, 0x0000000100000000)
  region size 1024K, 15 young (15360K), 0 survivors (0K)
 Metaspace       used 6290K, committed 6464K, reserved 1056768K
  class space    used 674K, committed 768K, reserved 1048576K

Heap Regions: E=young(eden), S=young(survivor), O=old, HS=humongous(starts), HC=humongous(continues), CS=collection set, F=free, OA=open archive, CA=closed archive, TAMS=top-at-mark-start (previous, next)
|   0|0x0000000089c00000, 0x0000000089d00000, 0x0000000089d00000|100%|HS|  |TAMS 0x0000000089c00000, 0x0000000089c00000| Complete 
|   1|0x0000000089d00000, 0x0000000089e00000, 0x0000000089e00000|100%|HC|  |TAMS 0x0000000089d00000, 0x0000000089d00000| Complete 
|   2|0x0000000089e00000, 0x0000000089f00000, 0x0000000089f00000|100%|HC|  |TAMS 0x0000000089e00000, 0x0000000089e00000| Complete 
|   3|0x0000000089f00000, 0x000000008a000000, 0x000000008a000000|100%|HC|  |TAMS 0x0000000089f00000, 0x0000000089f00000| Complete 
|   4|0x000000008a000000, 0x000000008a000000, 0x000000008a100000|  0%| F|  |TAMS 0x000000008a000000, 0x000000008a000000| Untracked 
|   5|0x000000008a100000, 0x000000008a100000, 0x000000008a200000|  0%| F|  |TAMS 0x000000008a100000, 0x000000008a100000| Untracked 
|   6|0x000000008a200000, 0x000000008a200000, 0x000000008a300000|  0%| F|  |TAMS 0x000000008a200000, 0x000000008a200000| Untracked 
|   7|0x000000008a300000, 0x000000008a300000, 0x000000008a400000|  0%| F|  |TAMS 0x000000008a300000, 0x000000008a300000| Untracked 
|   8|0x000000008a400000, 0x000000008a400000, 0x000000008a500000|  0%| F|  |TAMS 0x000000008a400000, 0x000000008a400000| Untracked 
|   9|0x000000008a500000, 0x000000008a500000, 0x000000008a600000|  0%| F|  |TAMS 0x000000008a500000, 0x000000008a500000| Untracked 
|  10|0x000000008a600000, 0x000000008a600000, 0x000000008a700000|  0%| F|  |TAMS 0x000000008a600000, 0x000000008a600000| Untracked 
|  11|0x000000008a700000, 0x000000008a700000, 0x000000008a800000|  0%| F|  |TAMS 0x000000008a700000, 0x000000008a700000| Untracked 
|  12|0x000000008a800000, 0x000000008a800000, 0x000000008a900000|  0%| F|  |TAMS 0x000000008a800000, 0x000000008a800000| Untracked 
|  13|0x000000008a900000, 0x000000008a900000, 0x000000008aa00000|  0%| F|  |TAMS 0x000000008a900000, 0x000000008a900000| Untracked 
|  14|0x000000008aa00000, 0x000000008aa00000, 0x000000008ab00000|  0%| F|  |TAMS 0x000000008aa00000, 0x000000008aa00000| Untracked 
|  15|0x000000008ab00000, 0x000000008ab00000, 0x000000008ac00000|  0%| F|  |TAMS 0x000000008ab00000, 0x000000008ab00000| Untracked 
|  16|0x000000008ac00000, 0x000000008ac00000, 0x000000008ad00000|  0%| F|  |TAMS 0x000000008ac00000, 0x000000008ac00000| Untracked 
|  17|0x000000008ad00000, 0x000000008ad00000, 0x000000008ae00000|  0%| F|  |TAMS 0x000000008ad00000, 0x000000008ad00000| Untracked 
|  18|0x000000008ae00000, 0x000000008ae00000, 0x000000008af00000|  0%| F|  |TAMS 0x000000008ae00000, 0x000000008ae00000| Untracked 
|  19|0x000000008af00000, 0x000000008af00000, 0x000000008b000000|  0%| F|  |TAMS 0x000000008af00000, 0x000000008af00000| Untracked 
|  20|0x000000008b000000, 0x000000008b000000, 0x000000008b100000|  0%| F|  |TAMS 0x000000008b000000, 0x000000008b000000| Untracked 
|  21|0x000000008b100000, 0x000000008b100000, 0x000000008b200000|  0%| F|  |TAMS 0x000000008b100000, 0x000000008b100000| Untracked 
|  22|0x000000008b200000, 0x000000008b200000, 0x000000008b300000|  0%| F|  |TAMS 0x000000008b200000, 0x000000008b200000| Untracked 
|  23|0x000000008b300000, 0x000000008b300000, 0x000000008b400000|  0%| F|  |TAMS 0x000000008b300000, 0x000000008b300000| Untracked 
|  24|0x000000008b400000, 0x000000008b400000, 0x000000008b500000|  0%| F|  |TAMS 0x000000008b400000, 0x000000008b400000| Untracked 
|  25|0x000000008b500000, 0x000000008b500000, 0x000000008b600000|  0%| F|  |TAMS 0x000000008b500000, 0x000000008b500000| Untracked 
|  26|0x000000008b600000, 0x000000008b600000, 0x000000008b700000|  0%| F|  |TAMS 0x000000008b600000, 0x000000008b600000| Untracked 
|  27|0x000000008b700000, 0x000000008b700000, 0x000000008b800000|  0%| F|  |TAMS 0x000000008b700000, 0x000000008b700000| Untracked 
|  28|0x000000008b800000, 0x000000008b800000, 0x000000008b900000|  0%| F|  |TAMS 0x000000008b800000, 0x000000008b800000| Untracked 
|  29|0x000000008b900000, 0x000000008b900000, 0x000000008ba00000|  0%| F|  |TAMS 0x000000008b900000, 0x000000008b900000| Untracked 
|  30|0x000000008ba00000, 0x000000008ba00000, 0x000000008bb00000|  0%| F|  |TAMS 0x000000008ba00000, 0x000000008ba00000| Untracked 
|  31|0x000000008bb00000, 0x000000008bb00000, 0x000000008bc00000|  0%| F|  |TAMS 0x000000008bb00000, 0x000000008bb00000| Untracked 
|  32|0x000000008bc00000, 0x000000008bc00000, 0x000000008bd00000|  0%| F|  |TAMS 0x000000008bc00000, 0x000000008bc00000| Untracked 
|  33|0x000000008bd00000, 0x000000008bd00000, 0x000000008be00000|  0%| F|  |TAMS 0x000000008bd00000, 0x000000008bd00000| Untracked 
|  34|0x000000008be00000, 0x000000008be00000, 0x000000008bf00000|  0%| F|  |TAMS 0x000000008be00000, 0x000000008be00000| Untracked 
|  35|0x000000008bf00000, 0x000000008bf00000, 0x000000008c000000|  0%| F|  |TAMS 0x000000008bf00000, 0x000000008bf00000| Untracked 
|  36|0x000000008c000000, 0x000000008c000000, 0x000000008c100000|  0%| F|  |TAMS 0x000000008c000000, 0x000000008c000000| Untracked 
|  37|0x000000008c100000, 0x000000008c100000, 0x000000008c200000|  0%| F|  |TAMS 0x000000008c100000, 0x000000008c100000| Untracked 
|  38|0x000000008c200000, 0x000000008c200000, 0x000000008c300000|  0%| F|  |TAMS 0x000000008c200000, 0x000000008c200000| Untracked 
|  39|0x000000008c300000, 0x000000008c300000, 0x000000008c400000|  0%| F|  |TAMS 0x000000008c300000, 0x000000008c300000| Untracked 
|  40|0x000000008c400000, 0x000000008c400000, 0x000000008c500000|  0%| F|  |TAMS 0x000000008c400000, 0x000000008c400000| Untracked 
|  41|0x000000008c500000, 0x000000008c500000, 0x000000008c600000|  0%| F|  |TAMS 0x000000008c500000, 0x000000008c500000| Untracked 
|  42|0x000000008c600000, 0x000000008c600000, 0x000000008c700000|  0%| F|  |TAMS 0x000000008c600000, 0x000000008c600000| Untracked 
|  43|0x000000008c700000, 0x000000008c700000, 0x000000008c800000|  0%| F|  |TAMS 0x000000008c700000, 0x000000008c700000| Untracked 
|  44|0x000000008c800000, 0x000000008c800000, 0x000000008c900000|  0%| F|  |TAMS 0x000000008c800000, 0x000000008c800000| Untracked 
|  45|0x000000008c900000, 0x000000008c900000, 0x000000008ca00000|  0%| F|  |TAMS 0x000000008c900000, 0x000000008c900000| Untracked 
|  46|0x000000008ca00000, 0x000000008ca00000, 0x000000008cb00000|  0%| F|  |TAMS 0x000000008ca00000, 0x000000008ca00000| Untracked 
|  47|0x000000008cb00000, 0x000000008cb00000, 0x000000008cc00000|  0%| F|  |TAMS 0x000000008cb00000, 0x000000008cb00000| Untracked 
|  48|0x000000008cc00000, 0x000000008cc00000, 0x000000008cd00000|  0%| F|  |TAMS 0x000000008cc00000, 0x000000008cc00000| Untracked 
|  49|0x000000008cd00000, 0x000000008cd00000, 0x000000008ce00000|  0%| F|  |TAMS 0x000000008cd00000, 0x000000008cd00000| Untracked 
|  50|0x000000008ce00000, 0x000000008ce00000, 0x000000008cf00000|  0%| F|  |TAMS 0x000000008ce00000, 0x000000008ce00000| Untracked 
|  51|0x000000008cf00000, 0x000000008cf00000, 0x000000008d000000|  0%| F|  |TAMS 0x000000008cf00000, 0x000000008cf00000| Untracked 
|  52|0x000000008d000000, 0x000000008d000000, 0x000000008d100000|  0%| F|  |TAMS 0x000000008d000000, 0x000000008d000000| Untracked 
|  53|0x000000008d100000, 0x000000008d100000, 0x000000008d200000|  0%| F|  |TAMS 0x000000008d100000, 0x000000008d100000| Untracked 
|  54|0x000000008d200000, 0x000000008d200000, 0x000000008d300000|  0%| F|  |TAMS 0x000000008d200000, 0x000000008d200000| Untracked 
|  55|0x000000008d300000, 0x000000008d300000, 0x000000008d400000|  0%| F|  |TAMS 0x000000008d300000, 0x000000008d300000| Untracked 
|  56|0x000000008d400000, 0x000000008d400000, 0x000000008d500000|  0%| F|  |TAMS 0x000000008d400000, 0x000000008d400000| Untracked 
|  57|0x000000008d500000, 0x000000008d500000, 0x000000008d600000|  0%| F|  |TAMS 0x000000008d500000, 0x000000008d500000| Untracked 
|  58|0x000000008d600000, 0x000000008d600000, 0x000000008d700000|  0%| F|  |TAMS 0x000000008d600000, 0x000000008d600000| Untracked 
|  59|0x000000008d700000, 0x000000008d700000, 0x000000008d800000|  0%| F|  |TAMS 0x000000008d700000, 0x000000008d700000| Untracked 
|  60|0x000000008d800000, 0x000000008d800000, 0x000000008d900000|  0%| F|  |TAMS 0x000000008d800000, 0x000000008d800000| Untracked 
|  61|0x000000008d900000, 0x000000008d900000, 0x000000008da00000|  0%| F|  |TAMS 0x000000008d900000, 0x000000008d900000| Untracked 
|  62|0x000000008da00000, 0x000000008da00000, 0x000000008db00000|  0%| F|  |TAMS 0x000000008da00000, 0x000000008da00000| Untracked 
|  63|0x000000008db00000, 0x000000008db00000, 0x000000008dc00000|  0%| F|  |TAMS 0x000000008db00000, 0x000000008db00000| Untracked 
|  64|0x000000008dc00000, 0x000000008dc00000, 0x000000008dd00000|  0%| F|  |TAMS 0x000000008dc00000, 0x000000008dc00000| Untracked 
|  65|0x000000008dd00000, 0x000000008dd00000, 0x000000008de00000|  0%| F|  |TAMS 0x000000008dd00000, 0x000000008dd00000| Untracked 
|  66|0x000000008de00000, 0x000000008de00000, 0x000000008df00000|  0%| F|  |TAMS 0x000000008de00000, 0x000000008de00000| Untracked 
|  67|0x000000008df00000, 0x000000008df00000, 0x000000008e000000|  0%| F|  |TAMS 0x000000008df00000, 0x000000008df00000| Untracked 
|  68|0x000000008e000000, 0x000000008e000000, 0x000000008e100000|  0%| F|  |TAMS 0x000000008e000000, 0x000000008e000000| Untracked 
|  69|0x000000008e100000, 0x000000008e100000, 0x000000008e200000|  0%| F|  |TAMS 0x000000008e100000, 0x000000008e100000| Untracked 
|  70|0x000000008e200000, 0x000000008e200000, 0x000000008e300000|  0%| F|  |TAMS 0x000000008e200000, 0x000000008e200000| Untracked 
|  71|0x000000008e300000, 0x000000008e300000, 0x000000008e400000|  0%| F|  |TAMS 0x000000008e300000, 0x000000008e300000| Untracked 
|  72|0x000000008e400000, 0x000000008e400000, 0x000000008e500000|  0%| F|  |TAMS 0x000000008e400000, 0x000000008e400000| Untracked 
|  73|0x000000008e500000, 0x000000008e500000, 0x000000008e600000|  0%| F|  |TAMS 0x000000008e500000, 0x000000008e500000| Untracked 
|  74|0x000000008e600000, 0x000000008e600000, 0x000000008e700000|  0%| F|  |TAMS 0x000000008e600000, 0x000000008e600000| Untracked 
|  75|0x000000008e700000, 0x000000008e700000, 0x000000008e800000|  0%| F|  |TAMS 0x000000008e700000, 0x000000008e700000| Untracked 
|  76|0x000000008e800000, 0x000000008e800000, 0x000000008e900000|  0%| F|  |TAMS 0x000000008e800000, 0x000000008e800000| Untracked 
|  77|0x000000008e900000, 0x000000008e900000, 0x000000008ea00000|  0%| F|  |TAMS 0x000000008e900000, 0x000000008e900000| Untracked 
|  78|0x000000008ea00000, 0x000000008ea00000, 0x000000008eb00000|  0%| F|  |TAMS 0x000000008ea00000, 0x000000008ea00000| Untracked 
|  79|0x000000008eb00000, 0x000000008eb00000, 0x000000008ec00000|  0%| F|  |TAMS 0x000000008eb00000, 0x000000008eb00000| Untracked 
|  80|0x000000008ec00000, 0x000000008ec00000, 0x000000008ed00000|  0%| F|  |TAMS 0x000000008ec00000, 0x000000008ec00000| Untracked 
|  81|0x000000008ed00000, 0x000000008ed00000, 0x000000008ee00000|  0%| F|  |TAMS 0x000000008ed00000, 0x000000008ed00000| Untracked 
|  82|0x000000008ee00000, 0x000000008ee00000, 0x000000008ef00000|  0%| F|  |TAMS 0x000000008ee00000, 0x000000008ee00000| Untracked 
|  83|0x000000008ef00000, 0x000000008ef00000, 0x000000008f000000|  0%| F|  |TAMS 0x000000008ef00000, 0x000000008ef00000| Untracked 
|  84|0x000000008f000000, 0x000000008f000000, 0x000000008f100000|  0%| F|  |TAMS 0x000000008f000000, 0x000000008f000000| Untracked 
|  85|0x000000008f100000, 0x000000008f100000, 0x000000008f200000|  0%| F|  |TAMS 0x000000008f100000, 0x000000008f100000| Untracked 
|  86|0x000000008f200000, 0x000000008f200000, 0x000000008f300000|  0%| F|  |TAMS 0x000000008f200000, 0x000000008f200000| Untracked 
|  87|0x000000008f300000, 0x000000008f300000, 0x000000008f400000|  0%| F|  |TAMS 0x000000008f300000, 0x000000008f300000| Untracked 
|  88|0x000000008f400000, 0x000000008f400000, 0x000000008f500000|  0%| F|  |TAMS 0x000000008f400000, 0x000000008f400000| Untracked 
|  89|0x000000008f500000, 0x000000008f500000, 0x000000008f600000|  0%| F|  |TAMS 0x000000008f500000, 0x000000008f500000| Untracked 
|  90|0x000000008f600000, 0x000000008f600000, 0x000000008f700000|  0%| F|  |TAMS 0x000000008f600000, 0x000000008f600000| Untracked 
|  91|0x000000008f700000, 0x000000008f700000, 0x000000008f800000|  0%| F|  |TAMS 0x000000008f700000, 0x000000008f700000| Untracked 
|  92|0x000000008f800000, 0x000000008f800000, 0x000000008f900000|  0%| F|  |TAMS 0x000000008f800000, 0x000000008f800000| Untracked 
|  93|0x000000008f900000, 0x000000008f900000, 0x000000008fa00000|  0%| F|  |TAMS 0x000000008f900000, 0x000000008f900000| Untracked 
|  94|0x000000008fa00000, 0x000000008fa00000, 0x000000008fb00000|  0%| F|  |TAMS 0x000000008fa00000, 0x000000008fa00000| Untracked 
|  95|0x000000008fb00000, 0x000000008fb00000, 0x000000008fc00000|  0%| F|  |TAMS 0x000000008fb00000, 0x000000008fb00000| Untracked 
|  96|0x000000008fc00000, 0x000000008fc00000, 0x000000008fd00000|  0%| F|  |TAMS 0x000000008fc00000, 0x000000008fc00000| Untracked 
|  97|0x000000008fd00000, 0x000000008fd00000, 0x000000008fe00000|  0%| F|  |TAMS 0x000000008fd00000, 0x000000008fd00000| Untracked 
|  98|0x000000008fe00000, 0x000000008fe00000, 0x000000008ff00000|  0%| F|  |TAMS 0x000000008fe00000, 0x000000008fe00000| Untracked 
|  99|0x000000008ff00000, 0x000000008ff00000, 0x0000000090000000|  0%| F|  |TAMS 0x000000008ff00000, 0x000000008ff00000| Untracked 
| 100|0x0000000090000000, 0x0000000090000000, 0x0000000090100000|  0%| F|  |TAMS 0x0000000090000000, 0x0000000090000000| Untracked 
| 101|0x0000000090100000, 0x0000000090100000, 0x0000000090200000|  0%| F|  |TAMS 0x0000000090100000, 0x0000000090100000| Untracked 
| 102|0x0000000090200000, 0x0000000090200000, 0x0000000090300000|  0%| F|  |TAMS 0x0000000090200000, 0x0000000090200000| Untracked 
| 103|0x0000000090300000, 0x0000000090300000, 0x0000000090400000|  0%| F|  |TAMS 0x0000000090300000, 0x0000000090300000| Untracked 
| 104|0x0000000090400000, 0x0000000090400000, 0x0000000090500000|  0%| F|  |TAMS 0x0000000090400000, 0x0000000090400000| Untracked 
| 105|0x0000000090500000, 0x0000000090600000, 0x0000000090600000|100%| E|  |TAMS 0x0000000090500000, 0x0000000090500000| Complete 
| 106|0x0000000090600000, 0x0000000090700000, 0x0000000090700000|100%| E|CS|TAMS 0x0000000090600000, 0x0000000090600000| Complete 
| 107|0x0000000090700000, 0x0000000090800000, 0x0000000090800000|100%| E|CS|TAMS 0x0000000090700000, 0x0000000090700000| Complete 
| 108|0x0000000090800000, 0x0000000090900000, 0x0000000090900000|100%| E|CS|TAMS 0x0000000090800000, 0x0000000090800000| Complete 
| 109|0x0000000090900000, 0x0000000090a00000, 0x0000000090a00000|100%| E|CS|TAMS 0x0000000090900000, 0x0000000090900000| Complete 
| 110|0x0000000090a00000, 0x0000000090b00000, 0x0000000090b00000|100%| E|CS|TAMS 0x0000000090a00000, 0x0000000090a00000| Complete 
| 111|0x0000000090b00000, 0x0000000090c00000, 0x0000000090c00000|100%| E|CS|TAMS 0x0000000090b00000, 0x0000000090b00000| Complete 
| 112|0x0000000090c00000, 0x0000000090d00000, 0x0000000090d00000|100%| E|CS|TAMS 0x0000000090c00000, 0x0000000090c00000| Complete 
| 113|0x0000000090d00000, 0x0000000090e00000, 0x0000000090e00000|100%| E|CS|TAMS 0x0000000090d00000, 0x0000000090d00000| Complete 
| 114|0x0000000090e00000, 0x0000000090f00000, 0x0000000090f00000|100%| E|CS|TAMS 0x0000000090e00000, 0x0000000090e00000| Complete 
| 115|0x0000000090f00000, 0x0000000091000000, 0x0000000091000000|100%| E|CS|TAMS 0x0000000090f00000, 0x0000000090f00000| Complete 
| 116|0x0000000091000000, 0x0000000091100000, 0x0000000091100000|100%| E|CS|TAMS 0x0000000091000000, 0x0000000091000000| Complete 
| 117|0x0000000091100000, 0x0000000091200000, 0x0000000091200000|100%| E|CS|TAMS 0x0000000091100000, 0x0000000091100000| Complete 
| 118|0x0000000091200000, 0x0000000091300000, 0x0000000091300000|100%| E|CS|TAMS 0x0000000091200000, 0x0000000091200000| Complete 
| 119|0x0000000091300000, 0x0000000091400000, 0x0000000091400000|100%| E|CS|TAMS 0x0000000091300000, 0x0000000091300000| Complete 

Card table byte_map: [0x000002564f7b0000,0x000002564fb70000] _byte_map_base: 0x000002564f362000

Marking Bits (Prev, Next): (CMBitMap*) 0x0000025638b09c50, (CMBitMap*) 0x0000025638b09c90
 Prev Bits: [0x000002564ff30000, 0x0000025651cc0000)
 Next Bits: [0x0000025651cc0000, 0x0000025653a50000)

Polling page: 0x0000025636c40000

Metaspace:

Usage:
  Non-class:      5.49 MB used.
      Class:    674.14 KB used.
       Both:      6.14 MB used.

Virtual space:
  Non-class space:        8.00 MB reserved,       5.56 MB ( 70%) committed,  1 nodes.
      Class space:        1.00 GB reserved,     768.00 KB ( <1%) committed,  1 nodes.
             Both:        1.01 GB reserved,       6.31 MB ( <1%) committed. 

Chunk freelists:
   Non-Class:  2.38 MB
       Class:  3.24 MB
        Both:  5.62 MB

MaxMetaspaceSize: unlimited
CompressedClassSpaceSize: 1.00 GB
Initial GC threshold: 21.00 MB
Current GC threshold: 21.00 MB
CDS: on
MetaspaceReclaimPolicy: balanced
 - commit_granule_bytes: 65536.
 - commit_granule_words: 8192.
 - virtual_space_node_default_size: 1048576.
 - enlarge_chunks_in_place: 1.
 - new_chunks_are_fully_committed: 0.
 - uncommit_free_chunks: 1.
 - use_allocation_guard: 0.
 - handle_deallocations: 1.


Internal statistics:

num_allocs_failed_limit: 0.
num_arena_births: 118.
num_arena_deaths: 0.
num_vsnodes_births: 2.
num_vsnodes_deaths: 0.
num_space_committed: 101.
num_space_uncommitted: 0.
num_chunks_returned_to_freelist: 0.
num_chunks_taken_from_freelist: 164.
num_chunk_merges: 0.
num_chunk_splits: 88.
num_chunks_enlarged: 21.
num_purges: 0.
num_inconsistent_stats: 0.

CodeHeap 'non-profiled nmethods': size=120000Kb used=254Kb max_used=254Kb free=119745Kb
 bounds [0x0000025647db0000, 0x0000025648020000, 0x000002564f2e0000]
CodeHeap 'profiled nmethods': size=120000Kb used=1562Kb max_used=1562Kb free=118437Kb
 bounds [0x0000025640880000, 0x0000025640af0000, 0x0000025647db0000]
CodeHeap 'non-nmethods': size=5760Kb used=1250Kb max_used=1262Kb free=4509Kb
 bounds [0x00000256402e0000, 0x0000025640550000, 0x0000025640880000]
 total_blobs=1532 nmethods=961 adapters=484
 compilation: enabled
              stopped_count=0, restarted_count=0
 full_count=0

Compilation events (20 events):
Event: 0.897 Thread 0x00000256561f3640  949       3       java.lang.StringUTF16::hashCode (33 bytes)
Event: 0.898 Thread 0x00000256561f3640 nmethod 949 0x00000256409ff890 code [0x00000256409ffa20, 0x00000256409ffbd8]
Event: 0.899 Thread 0x00000256561f2ba0 nmethod 948 0x0000025647deef90 code [0x0000025647def100, 0x0000025647def278]
Event: 0.899 Thread 0x00000256561f2ba0  950   !   4       sun.font.TrueTypeFont::getTableBuffer (199 bytes)
Event: 0.900 Thread 0x00000256561f3640  951       3       java.util.HashSet::toArray (16 bytes)
Event: 0.900 Thread 0x00000256561f3640 nmethod 951 0x00000256409ffd10 code [0x00000256409ffec0, 0x0000025640a000d8]
Event: 0.900 Thread 0x00000256561f3640  952       3       java.util.HashMap::prepareArray (38 bytes)
Event: 0.901 Thread 0x00000256561f3640 nmethod 952 0x0000025640a00190 code [0x0000025640a00380, 0x0000025640a00998]
Event: 0.903 Thread 0x00000256561f3640  953       3       sun.nio.ch.FileChannelImpl::open (16 bytes)
Event: 0.903 Thread 0x00000256561f3640 nmethod 953 0x0000025640a00b90 code [0x0000025640a00d40, 0x0000025640a00f08]
Event: 0.906 Thread 0x00000256561f3640  956       3       java.lang.StringUTF16::newBytesFor (61 bytes)
Event: 0.907 Thread 0x00000256561f3640 nmethod 956 0x0000025640a01010 code [0x0000025640a01280, 0x0000025640a01b68]
Event: 0.913 Thread 0x00000256561f3640  958       3       sun.nio.ch.FileDispatcherImpl::size (5 bytes)
Event: 0.913 Thread 0x00000256561f3640 nmethod 958 0x0000025640a01e90 code [0x0000025640a02020, 0x0000025640a02168]
Event: 0.921 Thread 0x00000256561f3640  960   !   3       sun.font.TrueTypeFont::getAllFullNames (30 bytes)
Event: 0.922 Thread 0x00000256561f3640 nmethod 960 0x0000025640a02210 code [0x0000025640a02420, 0x0000025640a02d08]
Event: 0.922 Thread 0x00000256561f3640  962  s    3       sun.font.FontFamily::addLocaleNames (45 bytes)
Event: 0.923 Thread 0x00000256561f3640 nmethod 962 0x0000025640a03010 code [0x0000025640a03240, 0x0000025640a03ac8]
Event: 0.923 Thread 0x00000256561f3640  961   !   3       sun.font.TrueTypeFont::getAllFamilyNames (30 bytes)
Event: 0.924 Thread 0x00000256561f3640 nmethod 961 0x0000025640a03d90 code [0x0000025640a03fa0, 0x0000025640a04888]

GC Heap History (0 events):
No events

Deoptimization events (20 events):
Event: 0.356 Thread 0x0000025638acd2e0 Uncommon trap: trap_request=0xffffff45 fr.pc=0x0000025647dbe874 relative=0x0000000000000894
Event: 0.356 Thread 0x0000025638acd2e0 Uncommon trap: reason=unstable_if action=reinterpret pc=0x0000025647dbe874 method=java.util.HashMap.putVal(ILjava/lang/Object;Ljava/lang/Object;ZZ)Ljava/lang/Object; @ 81 c2
Event: 0.356 Thread 0x0000025638acd2e0 DEOPT PACKING pc=0x0000025647dbe874 sp=0x000000b187bfde90
Event: 0.356 Thread 0x0000025638acd2e0 DEOPT UNPACKING pc=0x00000256403323a3 sp=0x000000b187bfde30 mode 2
Event: 0.630 Thread 0x000002565bba7a30 Uncommon trap: trap_request=0xffffff45 fr.pc=0x0000025647ddf0c8 relative=0x0000000000000488
Event: 0.630 Thread 0x000002565bba7a30 Uncommon trap: reason=unstable_if action=reinterpret pc=0x0000025647ddf0c8 method=java.lang.StringLatin1.toLowerCase(Ljava/lang/String;[BLjava/util/Locale;)Ljava/lang/String; @ 43 c2
Event: 0.630 Thread 0x000002565bba7a30 DEOPT PACKING pc=0x0000025647ddf0c8 sp=0x000000b189bfd340
Event: 0.630 Thread 0x000002565bba7a30 DEOPT UNPACKING pc=0x00000256403323a3 sp=0x000000b189bfd2b0 mode 2
Event: 0.822 Thread 0x000002565bba7a30 DEOPT PACKING pc=0x0000025640897d67 sp=0x000000b189bfc9c0
Event: 0.822 Thread 0x000002565bba7a30 DEOPT UNPACKING pc=0x0000025640332b43 sp=0x000000b189bfbde0 mode 0
Event: 0.872 Thread 0x000002565bba7a30 Uncommon trap: trap_request=0xffffff45 fr.pc=0x0000025647dbb298 relative=0x0000000000000218
Event: 0.872 Thread 0x000002565bba7a30 Uncommon trap: reason=unstable_if action=reinterpret pc=0x0000025647dbb298 method=java.lang.String.isLatin1()Z @ 10 c2
Event: 0.872 Thread 0x000002565bba7a30 DEOPT PACKING pc=0x0000025647dbb298 sp=0x000000b189bfd150
Event: 0.872 Thread 0x000002565bba7a30 DEOPT UNPACKING pc=0x00000256403323a3 sp=0x000000b189bfd080 mode 2
Event: 0.887 Thread 0x000002565bba7a30 Uncommon trap: trap_request=0xffffff45 fr.pc=0x0000025647decf60 relative=0x00000000000003a0
Event: 0.887 Thread 0x000002565bba7a30 Uncommon trap: reason=unstable_if action=reinterpret pc=0x0000025647decf60 method=java.lang.Character.isSurrogate(C)Z @ 3 c2
Event: 0.887 Thread 0x000002565bba7a30 DEOPT PACKING pc=0x0000025647decf60 sp=0x000000b189bfce40
Event: 0.887 Thread 0x000002565bba7a30 DEOPT UNPACKING pc=0x00000256403323a3 sp=0x000000b189bfcd58 mode 2
Event: 0.896 Thread 0x000002565bba7a30 DEOPT PACKING pc=0x000002564088c451 sp=0x000000b189bfcda0
Event: 0.896 Thread 0x000002565bba7a30 DEOPT UNPACKING pc=0x0000025640332b43 sp=0x000000b189bfc218 mode 0

Classes unloaded (0 events):
No events

Classes redefined (0 events):
No events

Internal exceptions (16 events):
Event: 0.097 Thread 0x0000025638acd2e0 Exception <a 'sun/nio/fs/WindowsException'{0x0000000091221710}> (0x0000000091221710) 
thrown [t:\workspace\open\src\hotspot\share\prims\jni.cpp, line 516]
Event: 0.098 Thread 0x0000025638acd2e0 Exception <a 'sun/nio/fs/WindowsException'{0x0000000091221bf8}> (0x0000000091221bf8) 
thrown [t:\workspace\open\src\hotspot\share\prims\jni.cpp, line 516]
Event: 0.100 Thread 0x0000025638acd2e0 Exception <a 'sun/nio/fs/WindowsException'{0x0000000091223da8}> (0x0000000091223da8) 
thrown [t:\workspace\open\src\hotspot\share\prims\jni.cpp, line 516]
Event: 0.101 Thread 0x0000025638acd2e0 Exception <a 'sun/nio/fs/WindowsException'{0x0000000091224788}> (0x0000000091224788) 
thrown [t:\workspace\open\src\hotspot\share\prims\jni.cpp, line 516]
Event: 0.141 Thread 0x0000025638acd2e0 Exception <a 'java/lang/ClassNotFoundException'{0x00000000912c2bf8}: sun/awt/resources/spi/awtProvider> (0x00000000912c2bf8) 
thrown [t:\workspace\open\src\hotspot\share\classfile\systemDictionary.cpp, line 256]
Event: 0.171 Thread 0x0000025638acd2e0 Exception <a 'java/io/FileNotFoundException'{0x0000000091116a00}> (0x0000000091116a00) 
thrown [t:\workspace\open\src\hotspot\share\prims\jni.cpp, line 516]
Event: 0.180 Thread 0x0000025638acd2e0 Exception <a 'java/io/FileNotFoundException'{0x0000000091143928}> (0x0000000091143928) 
thrown [t:\workspace\open\src\hotspot\share\prims\jni.cpp, line 516]
Event: 0.231 Thread 0x0000025638acd2e0 Exception <a 'java/lang/NoSuchMethodError'{0x0000000091187e00}: 'java.lang.Object java.lang.invoke.DirectMethodHandle$Holder.invokeStaticInit(java.lang.Object)'> (0x0000000091187e00) 
thrown [t:\workspace\open\src\hotspot\share\interpreter\linkResolver.cpp, line 766]
Event: 0.358 Thread 0x0000025638acd2e0 Exception <a 'java/lang/NoSuchMethodError'{0x00000000911d2610}: 'void java.lang.invoke.DirectMethodHandle$Holder.invokeSpecial(java.lang.Object, java.lang.Object, java.lang.Object)'> (0x00000000911d2610) 
thrown [t:\workspace\open\src\hotspot\share\interpreter\linkResolver.cpp, line 766]
Event: 0.369 Thread 0x0000025638acd2e0 Exception <a 'java/lang/NoSuchMethodError'{0x0000000091025100}: 'java.lang.Object java.lang.invoke.DirectMethodHandle$Holder.newInvokeSpecial(java.lang.Object, java.lang.Object, java.lang.Object, java.lang.Object, java.lang.Object)'> (0x0000000091025100) 
thrown [t:\workspace\open\src\hotspot\share\interpreter\linkResolver.cpp, line 766]
Event: 0.371 Thread 0x0000025638acd2e0 Exception <a 'java/lang/NoSuchMethodError'{0x0000000091030ac8}: 'java.lang.Object java.lang.invoke.DirectMethodHandle$Holder.invokeStatic(java.lang.Object, int, java.lang.Object, java.lang.Object, java.lang.Object, java.lang.Object)'> (0x0000000091030ac8) 
thrown [t:\workspace\open\src\hotspot\share\interpreter\linkResolver.cpp, line 766]
Event: 0.377 Thread 0x0000025638acd2e0 Exception <a 'java/lang/NoSuchMethodError'{0x0000000091056288}: 'java.lang.Object java.lang.invoke.DirectMethodHandle$Holder.invokeStatic(java.lang.Object, int, java.lang.Object)'> (0x0000000091056288) 
thrown [t:\workspace\open\src\hotspot\share\interpreter\linkResolver.cpp, line 766]
Event: 0.408 Thread 0x0000025638acd2e0 Exception <a 'java/lang/ClassNotFoundException'{0x0000000090f7a3c0}: com/sun/swing/internal/plaf/metal/resources/spi/metalProvider> (0x0000000090f7a3c0) 
thrown [t:\workspace\open\src\hotspot\share\classfile\systemDictionary.cpp, line 256]
Event: 0.409 Thread 0x0000025638acd2e0 Exception <a 'java/lang/ClassNotFoundException'{0x0000000090f7e1c8}: com/sun/swing/internal/plaf/basic/resources/spi/basicProvider> (0x0000000090f7e1c8) 
thrown [t:\workspace\open\src\hotspot\share\classfile\systemDictionary.cpp, line 256]
Event: 0.450 Thread 0x0000025656eb9590 Exception <a 'java/lang/NoSuchMethodError'{0x00000000911e7d88}: 'void java.lang.invoke.DirectMethodHandle$Holder.invokeVirtual(java.lang.Object, java.lang.Object)'> (0x00000000911e7d88) 
thrown [t:\workspace\open\src\hotspot\share\interpreter\linkResolver.cpp, line 766]
Event: 0.475 Thread 0x0000025638acd2e0 Exception <a 'java/lang/NoSuchMethodError'{0x0000000090e023e0}: 'void java.lang.invoke.DirectMethodHandle$Holder.invokeStaticInit(java.lang.Object)'> (0x0000000090e023e0) 
thrown [t:\workspace\open\src\hotspot\share\interpreter\linkResolver.cpp, line 766]

VM Operations (6 events):
Event: 0.102 Executing VM operation: HandshakeAllThreads
Event: 0.102 Executing VM operation: HandshakeAllThreads done
Event: 0.459 Executing VM operation: HandshakeAllThreads
Event: 0.459 Executing VM operation: HandshakeAllThreads done
Event: 0.506 Executing VM operation: HandshakeAllThreads
Event: 0.506 Executing VM operation: HandshakeAllThreads done

Events (20 events):
Event: 0.620 loading class sun/font/TrueTypeFont$DirectoryEntry
Event: 0.620 loading class sun/font/TrueTypeFont$DirectoryEntry done
Event: 0.620 loading class java/nio/ByteBufferAsShortBufferB
Event: 0.620 loading class java/nio/ShortBuffer
Event: 0.621 loading class java/nio/ShortBuffer done
Event: 0.621 loading class java/nio/ByteBufferAsShortBufferB done
Event: 0.621 loading class sun/nio/cs/UTF_16$Decoder
Event: 0.621 loading class sun/nio/cs/UnicodeDecoder
Event: 0.621 loading class sun/nio/cs/UnicodeDecoder done
Event: 0.621 loading class sun/nio/cs/UTF_16$Decoder done
Event: 0.631 loading class sun/font/SunFontManager$4
Event: 0.631 loading class sun/font/SunFontManager$4 done
Event: 0.654 loading class jdk/internal/misc/ScopedMemoryAccess$Scope
Event: 0.654 loading class jdk/internal/misc/ScopedMemoryAccess$Scope done
Event: 0.656 loading class sun/font/SunFontManager$9
Event: 0.656 loading class sun/font/SunFontManager$9 done
Event: 0.657 loading class sun/font/SunFontManager$10
Event: 0.657 loading class sun/font/SunFontManager$10 done
Event: 0.871 loading class jdk/internal/access/foreign/MemorySegmentProxy
Event: 0.871 loading class jdk/internal/access/foreign/MemorySegmentProxy done


Dynamic libraries:
0x00007ff69cff0000 - 0x00007ff69d000000 	C:\Program Files\Java\jdk-17\bin\java.exe
0x00007ffb71150000 - 0x00007ffb71348000 	C:\WINDOWS\SYSTEM32\ntdll.dll
0x00007ffb70ba0000 - 0x00007ffb70c5f000 	C:\WINDOWS\System32\KERNEL32.DLL
0x00007ffb6ec60000 - 0x00007ffb6ef56000 	C:\WINDOWS\System32\KERNELBASE.dll
0x00007ffb6eb60000 - 0x00007ffb6ec60000 	C:\WINDOWS\System32\ucrtbase.dll
0x00007ffb69db0000 - 0x00007ffb69dca000 	C:\Program Files\Java\jdk-17\bin\VCRUNTIME140.dll
0x00007ffb6b380000 - 0x00007ffb6b398000 	C:\Program Files\Java\jdk-17\bin\jli.dll
0x00007ffb70010000 - 0x00007ffb700bf000 	C:\WINDOWS\System32\ADVAPI32.dll
0x00007ffb700c0000 - 0x00007ffb7015e000 	C:\WINDOWS\System32\msvcrt.dll
0x00007ffb70230000 - 0x00007ffb702cc000 	C:\WINDOWS\System32\sechost.dll
0x00007ffb6f720000 - 0x00007ffb6f846000 	C:\WINDOWS\System32\RPCRT4.dll
0x00007ffb6fe70000 - 0x00007ffb7000d000 	C:\WINDOWS\System32\USER32.dll
0x00007ffb6e880000 - 0x00007ffb6e8a2000 	C:\WINDOWS\System32\win32u.dll
0x00007ffb70cf0000 - 0x00007ffb70d1c000 	C:\WINDOWS\System32\GDI32.dll
0x00007ffb6ef60000 - 0x00007ffb6f075000 	C:\WINDOWS\System32\gdi32full.dll
0x00007ffb6e8b0000 - 0x00007ffb6e94d000 	C:\WINDOWS\System32\msvcp_win.dll
0x00007ffb55e50000 - 0x00007ffb560ea000 	C:\WINDOWS\WinSxS\amd64_microsoft.windows.common-controls_6595b64144ccf1df_6.0.19041.1110_none_60b5254171f9507e\COMCTL32.dll
0x00007ffb65580000 - 0x00007ffb6558a000 	C:\WINDOWS\SYSTEM32\VERSION.dll
0x00007ffb70ea0000 - 0x00007ffb70ed0000 	C:\WINDOWS\System32\IMM32.DLL
0x00007ffb6b370000 - 0x00007ffb6b37c000 	C:\Program Files\Java\jdk-17\bin\vcruntime140_1.dll
0x00007ffb69cd0000 - 0x00007ffb69d5d000 	C:\Program Files\Java\jdk-17\bin\msvcp140.dll
0x00007ffb529f0000 - 0x00007ffb535ae000 	C:\Program Files\Java\jdk-17\bin\server\jvm.dll
0x00007ffb70ce0000 - 0x00007ffb70ce8000 	C:\WINDOWS\System32\PSAPI.DLL
0x00007ffb57070000 - 0x00007ffb57079000 	C:\WINDOWS\SYSTEM32\WSOCK32.dll
0x00007ffb65590000 - 0x00007ffb655b7000 	C:\WINDOWS\SYSTEM32\WINMM.dll
0x00007ffb702d0000 - 0x00007ffb7033b000 	C:\WINDOWS\System32\WS2_32.dll
0x00007ffb6d080000 - 0x00007ffb6d092000 	C:\WINDOWS\SYSTEM32\kernel.appcore.dll
0x00007ffb53740000 - 0x00007ffb5374a000 	C:\Program Files\Java\jdk-17\bin\jimage.dll
0x00007ffb6cd30000 - 0x00007ffb6cf14000 	C:\WINDOWS\SYSTEM32\DBGHELP.DLL
0x00007ffb57310000 - 0x00007ffb57344000 	C:\WINDOWS\SYSTEM32\dbgcore.DLL
0x00007ffb6f120000 - 0x00007ffb6f1a2000 	C:\WINDOWS\System32\bcryptPrimitives.dll
0x00007ffb53710000 - 0x00007ffb53735000 	C:\Program Files\Java\jdk-17\bin\java.dll
0x00007ffb51410000 - 0x00007ffb514e6000 	C:\Program Files\Java\jdk-17\bin\svml.dll
0x00007ffb703b0000 - 0x00007ffb70af4000 	C:\WINDOWS\System32\SHELL32.dll
0x00007ffb6c470000 - 0x00007ffb6cc03000 	C:\WINDOWS\SYSTEM32\windows.storage.dll
0x00007ffb6f210000 - 0x00007ffb6f564000 	C:\WINDOWS\System32\combase.dll
0x00007ffb6e290000 - 0x00007ffb6e2be000 	C:\WINDOWS\SYSTEM32\Wldp.dll
0x00007ffb6f870000 - 0x00007ffb6f91d000 	C:\WINDOWS\System32\SHCORE.dll
0x00007ffb6f1b0000 - 0x00007ffb6f205000 	C:\WINDOWS\System32\shlwapi.dll
0x00007ffb6e770000 - 0x00007ffb6e78f000 	C:\WINDOWS\SYSTEM32\profapi.dll
0x00007ffb50de0000 - 0x00007ffb50df9000 	C:\Program Files\Java\jdk-17\bin\net.dll
0x00007ffb69710000 - 0x00007ffb6981a000 	C:\WINDOWS\SYSTEM32\WINHTTP.dll
0x00007ffb6df80000 - 0x00007ffb6dfea000 	C:\WINDOWS\system32\mswsock.dll
0x00007ffb50dc0000 - 0x00007ffb50dd5000 	C:\Program Files\Java\jdk-17\bin\nio.dll
0x00007ffb35130000 - 0x00007ffb352bf000 	C:\Program Files\Java\jdk-17\bin\awt.dll
0x00007ffb70160000 - 0x00007ffb7022d000 	C:\WINDOWS\System32\OLEAUT32.dll
0x00007ffb6ba00000 - 0x00007ffb6ba91000 	C:\WINDOWS\SYSTEM32\apphelp.dll
0x00007ffb6be80000 - 0x00007ffb6beaf000 	C:\WINDOWS\system32\DWMAPI.DLL
0x00007ffb6bba0000 - 0x00007ffb6bc3e000 	C:\WINDOWS\system32\uxtheme.dll
0x00007ffb16d10000 - 0x00007ffb16e35000 	C:\WINDOWS\system32\opengl32.dll
0x00007ffb16c20000 - 0x00007ffb16c4c000 	C:\WINDOWS\SYSTEM32\GLU32.dll
0x00007ffb70d20000 - 0x00007ffb70e34000 	C:\WINDOWS\System32\MSCTF.dll
0x00007ffb70f80000 - 0x00007ffb710aa000 	C:\WINDOWS\System32\ole32.dll
0x00007ffb07310000 - 0x00007ffb074dd000 	C:\WINDOWS\system32\d3d9.dll
0x00007ffb651e0000 - 0x00007ffb653bb000 	C:\WINDOWS\System32\DriverStore\FileRepository\u0369254.inf_amd64_6f1e9c11bbc40f12\B369275\aticfx64.dll
0x00007ffaf5c20000 - 0x00007ffaf5c53000 	C:\WINDOWS\System32\DriverStore\FileRepository\u0369254.inf_amd64_6f1e9c11bbc40f12\B369275\atiu9p64.dll
0x00007ffaf4ec0000 - 0x00007ffaf5c1a000 	C:\WINDOWS\System32\DriverStore\FileRepository\u0369254.inf_amd64_6f1e9c11bbc40f12\B369275\atiumd64.dll
0x0000000062bc0000 - 0x0000000063a8b000 	C:\WINDOWS\System32\DriverStore\FileRepository\u0369254.inf_amd64_6f1e9c11bbc40f12\B369275\atiumd6a.dll
0x00007ffb6e240000 - 0x00007ffb6e28b000 	C:\WINDOWS\SYSTEM32\POWRPROF.dll
0x00007ffb6e220000 - 0x00007ffb6e232000 	C:\WINDOWS\SYSTEM32\UMPDC.dll
0x00007ffb63070000 - 0x00007ffb630a0000 	C:\WINDOWS\SYSTEM32\amdihk64.dll
0x00007ffb65540000 - 0x00007ffb6557b000 	C:\WINDOWS\SYSTEM32\dxcore.dll
0x00007ffb6e830000 - 0x00007ffb6e87e000 	C:\WINDOWS\System32\cfgmgr32.dll
0x00007ffb406d0000 - 0x00007ffb40759000 	C:\Program Files\Java\jdk-17\bin\freetype.dll
0x00007ffb40620000 - 0x00007ffb406c8000 	C:\Program Files\Java\jdk-17\bin\fontmanager.dll
0x00007ffb55480000 - 0x00007ffb5557a000 	C:\WINDOWS\SYSTEM32\textinputframework.dll
0x00007ffb6b010000 - 0x00007ffb6b36e000 	C:\WINDOWS\System32\CoreUIComponents.dll
0x00007ffb6b7d0000 - 0x00007ffb6b8c2000 	C:\WINDOWS\System32\CoreMessaging.dll
0x00007ffb6d9b0000 - 0x00007ffb6d9e3000 	C:\WINDOWS\SYSTEM32\ntmarta.dll
0x00007ffb6acc0000 - 0x00007ffb6ae14000 	C:\WINDOWS\SYSTEM32\wintypes.dll
0x00007ffb45fd0000 - 0x00007ffb46036000 	C:\WINDOWS\system32\Oleacc.dll

dbghelp: loaded successfully - version: 4.0.5 - missing functions: none
symbol engine: initialized successfully - sym options: 0x614 - pdb path: .;C:\Program Files\Java\jdk-17\bin;C:\WINDOWS\SYSTEM32;C:\WINDOWS\WinSxS\amd64_microsoft.windows.common-controls_6595b64144ccf1df_6.0.19041.1110_none_60b5254171f9507e;C:\Program Files\Java\jdk-17\bin\server;C:\WINDOWS\System32\DriverStore\FileRepository\u0369254.inf_amd64_6f1e9c11bbc40f12\B369275

VM Arguments:
jvm_args: -Dfile.encoding=UTF-8 --module-path=D:\NetBeansProjects\BankManagementSystem\build\classes 
java_command: bankmanagementsystem.SignUp
java_class_path (initial): D:\NetBeansProjects\BankManagementSystem\build\classes
Launcher Type: SUN_STANDARD

[Global flags]
     intx CICompilerCount                          = 3                                         {product} {ergonomic}
     uint ConcGCThreads                            = 2                                         {product} {ergonomic}
     uint G1ConcRefinementThreads                  = 6                                         {product} {ergonomic}
   size_t G1HeapRegionSize                         = 1048576                                   {product} {ergonomic}
    uintx GCDrainStackTargetSize                   = 64                                        {product} {ergonomic}
   size_t InitialHeapSize                          = 125829120                                 {product} {ergonomic}
   size_t MarkStackSize                            = 4194304                                   {product} {ergonomic}
   size_t MaxHeapSize                              = 1983905792                                {product} {ergonomic}
   size_t MaxNewSize                               = 1190133760                                {product} {ergonomic}
   size_t MinHeapDeltaBytes                        = 1048576                                   {product} {ergonomic}
   size_t MinHeapSize                              = 8388608                                   {product} {ergonomic}
    uintx NonNMethodCodeHeapSize                   = 5832780                                {pd product} {ergonomic}
    uintx NonProfiledCodeHeapSize                  = 122912730                              {pd product} {ergonomic}
    uintx ProfiledCodeHeapSize                     = 122912730                              {pd product} {ergonomic}
    uintx ReservedCodeCacheSize                    = 251658240                              {pd product} {ergonomic}
     bool SegmentedCodeCache                       = true                                      {product} {ergonomic}
   size_t SoftMaxHeapSize                          = 1983905792                             {manageable} {ergonomic}
     bool UseCompressedClassPointers               = true                           {product lp64_product} {ergonomic}
     bool UseCompressedOops                        = true                           {product lp64_product} {ergonomic}
     bool UseG1GC                                  = true                                      {product} {ergonomic}
     bool UseLargePagesIndividualAllocation        = false                                  {pd product} {ergonomic}

Logging:
Log output configuration:
 #0: stdout all=warning uptime,level,tags
 #1: stderr all=off uptime,level,tags

Environment Variables:
JAVA_HOME=C:\Program Files\Amazon Corretto\jdk11.0.11_9
CLASSPATH=C:\Program Files\Apache Software Foundation\Tomcat 9.0\lib\servlet-api.jar;
PATH=C:\Program Files\Eclipse Adoptium\jdk-17.0.6.10-hotspot\bin;C:\Program Files\Microsoft\jdk-11.0.12.7-hotspot\bin;C:\oraclexe\app\oracle\product\11.2.0\server\bin;C:\Program Files\Common Files\Oracle\Java\javapath;C:\Program Files (x86)\Common Files\Oracle\Java\javapath;C:\Program Files\Amazon Corretto\jdk11.0.11_9\bin;C:\WINDOWS\system32;C:\WINDOWS;C:\WINDOWS\System32\Wbem;C:\WINDOWS\System32\WindowsPowerShell\v1.0\;C:\WINDOWS\System32\OpenSSH\;C:\Program Files\mingw-w64\mingw64\bin;C:\Program Files\MATLAB\R2022b\bin;C:\Program Files\Polyspace\R2019a\runtime\win64;C:\Program Files\Polyspace\R2019a\bin;C:\Program Files\Polyspace\R2019a\polyspace\bin;C:\Program Files\Microsoft SQL Server\130\Tools\Binn\;C:\MinGW\bin;C:\Program Files\dotnet\;C:\Program Files\Microsoft SQL Server\Client SDK\ODBC\170\Tools\Binn\;C:\MinGW\bin;C:\Program Files\Git\cmd;C:\Program Files\nodejs\;C:\Program Files\Java\jdk-17\bin;C:\Program Files\Microsoft SQL Server\150\Tools\Binn\;C:\Users\sanur\AppData\Local\Microsoft\WindowsApps;C:\Users\sanur\.dotnet\tools;C:\Users\sanur\AppData\Local\Programs\Microsoft VS Code\bin;C:\Users\sanur\AppData\Roaming\npm;C:\Users\sanur\AppData\Local\GitHubDesktop\bin
USERNAME=sanur
OS=Windows_NT
PROCESSOR_IDENTIFIER=AMD64 Family 23 Model 96 Stepping 1, AuthenticAMD



---------------  S Y S T E M  ---------------

OS:
 Windows 10 , 64 bit Build 19041 (10.0.19041.2913)
OS uptime: 0 days 23:04 hours

CPU: total 6 (initial active 6) (6 cores per cpu, 1 threads per core) family 23 model 96 stepping 1 microcode 0x0, cx8, cmov, fxsr, mmx, 3dnowpref, sse, sse2, sse3, ssse3, sse4a, sse4.1, sse4.2, popcnt, lzcnt, tsc, tscinvbit, avx, avx2, aes, clmul, bmi1, bmi2, adx, sha, fma, vzeroupper, clflush, clflushopt

Memory: 4k page, system-wide physical 7564M (215M free)
TotalPageFile size 31116M (AvailPageFile size 5M)
current process WorkingSet (physical memory assigned to process): 79M, peak: 79M
current process commit charge ("private bytes"): 234M, peak: 235M

vm_info: Java HotSpot(TM) 64-Bit Server VM (17+35-LTS-2724) for windows-amd64 JRE (17+35-LTS-2724), built on Aug  5 2021 23:28:28 by "mach5one" with MS VC++ 16.8 (VS2019)

END.
