#
# A fatal error has been detected by the Java Runtime Environment:
#
#  EXCEPTION_ACCESS_VIOLATION (0xc0000005) at pc=0x00007ffe7fa48a4c, pid=20484, tid=14984
#
# JRE version: Java(TM) SE Runtime Environment (17.0+35) (build 17+35-LTS-2724)
# Java VM: Java HotSpot(TM) 64-Bit Server VM (17+35-LTS-2724, mixed mode, sharing, tiered, compressed oops, compressed class ptrs, g1 gc, windows-amd64)
# Problematic frame:
# C  [ucrtbase.dll+0x18a4c]
#
# No core dump will be written. Minidumps are not enabled by default on client versions of Windows
#
# If you would like to submit a bug report, please visit:
#   https://bugreport.java.com/bugreport/crash.jsp
#

---------------  S U M M A R Y ------------

Command Line: -Dfile.encoding=UTF-8 --module-path=D:\NetBeansProjects\BankManagementSystem\build\classes bankmanagementsystem.Login

Host: AMD Ryzen 5 4500U with Radeon Graphics         , 6 cores, 7G,  Windows 10 , 64 bit Build 19041 (10.0.19041.3031)
Time: Sat Jun 17 13:56:14 2023 India Standard Time elapsed time: 25.441854 seconds (0d 0h 0m 25s)

---------------  T H R E A D  ---------------

Current thread (0x0000017d4b592280):  JavaThread "C1 CompilerThread0" daemon [_thread_in_native, id=14984, stack(0x0000006564900000,0x0000006564a00000)]


Current CompileTask:
C1:  25442 2048   !   3       java.awt.DefaultKeyboardFocusManager::dispatchEvent (1621 bytes)

Stack: [0x0000006564900000,0x0000006564a00000],  sp=0x00000065649fd350,  free space=1012k
Native frames: (J=compiled Java code, j=interpreted, Vv=VM code, C=native code)
C  [ucrtbase.dll+0x18a4c]
C  [ucrtbase.dll+0x17ea9]
C  [ucrtbase.dll+0x1a3f4]
C  [ucrtbase.dll+0x1a587]
C  [ucrtbase.dll+0x1b216]
C  [ucrtbase.dll+0x1b347]
C  [ucrtbase.dll+0x1b3e4]
C  [awt.dll+0x74c2d]


siginfo: EXCEPTION_ACCESS_VIOLATION (0xc0000005), writing address 0x0000000000000000


Register to memory mapping:

RIP=0x00007ffe7fa48a4c ucrtbase.dll
RAX=0x0000017d2bcb336a points into unknown readable memory: 00 00 00 00 00 00
RBX=0x00007ffe7fb1f540 ucrtbase.dll
RCX=0x0 is NULL
RDX=0x0000017d2bcb3390 points into unknown readable memory: 0xffffffffffffffff | ff ff ff ff ff ff ff ff
RSP=0x00000065649fd350 is pointing into the stack for thread: 0x0000017d4b592280
RBP=0x00000065649fd510 is pointing into the stack for thread: 0x0000017d4b592280
RSI=0x0 is NULL
RDI=0x0 is NULL
R8 =0x0000000000002282 is an unknown value
R9 =0x0000000000000002 is an unknown value
R10=0x0000017d2bcb3390 points into unknown readable memory: 0xffffffffffffffff | ff ff ff ff ff ff ff ff
R11=0x00007ffe7fb20980 ucrtbase.dll
R12=0x0000000000000013 is an unknown value
R13=0x00000065649fe400 is pointing into the stack for thread: 0x0000017d4b592280
R14=0x00007ffe7fafbc10 ucrtbase.dll
R15=0x0000017d4b5e2150 points into unknown readable memory: 0x00007ffe64bfe678 | 78 e6 bf 64 fe 7f 00 00


Registers:
RAX=0x0000017d2bcb336a, RBX=0x00007ffe7fb1f540, RCX=0x0000000000000000, RDX=0x0000017d2bcb3390
RSP=0x00000065649fd350, RBP=0x00000065649fd510, RSI=0x0000000000000000, RDI=0x0000000000000000
R8 =0x0000000000002282, R9 =0x0000000000000002, R10=0x0000017d2bcb3390, R11=0x00007ffe7fb20980
R12=0x0000000000000013, R13=0x00000065649fe400, R14=0x00007ffe7fafbc10, R15=0x0000017d4b5e2150
RIP=0x00007ffe7fa48a4c, EFLAGS=0x0000000000010246

Top of Stack: (sp=0x00000065649fd350)
0x00000065649fd350:   00000065649fd3d0 00007ffe649733c7
0x00000065649fd360:   00000065649fd3b0 0000000000000000
0x00000065649fd370:   000000000000006a 00007ffe7fa47ea9
0x00000065649fd380:   00000065649fd46a 00007ffe7fb1f540
0x00000065649fd390:   00000065649fd8f8 00000065649fd4d0
0x00000065649fd3a0:   00000000ffffffff 00007ffe7fa4a3f4
0x00000065649fd3b0:   00000065649fd490 0000000000000001
0x00000065649fd3c0:   0000000800000d01 0000017d4b592280
0x00000065649fd3d0:   0000017d5138c650 00007ffe7fa4a587
0x00000065649fd3e0:   0000017d5138c895 0000000000000000
0x00000065649fd3f0:   0000000000000003 0000017d5138c890
0x00000065649fd400:   00000000000000e8 00007ffe7fa4b216
0x00000065649fd410:   00000065649fd990 00000065649fda00
0x00000065649fd420:   00007ffe7fb1f540 0000000000000048
0x00000065649fd430:   00000065649fd448 00000065649fd440
0x00000065649fd440:   00000065649fda30 00000065649fd470 

Instructions: (pc=0x00007ffe7fa48a4c)
0x00007ffe7fa4894c:   cc cc cc cc 48 63 d2 e9 78 ff ff ff cc cc cc cc
0x00007ffe7fa4895c:   cc cc cc cc 48 89 5c 24 08 48 89 74 24 10 57 48
0x00007ffe7fa4896c:   83 ec 20 41 8b d9 49 8b f8 48 8b f2 e8 63 d6 ff
0x00007ffe7fa4897c:   ff 90 44 8b c3 48 8b d7 48 8b ce e8 64 81 00 00
0x00007ffe7fa4898c:   8b d8 e8 dd d5 ff ff 8b c3 48 8b 5c 24 30 48 8b
0x00007ffe7fa4899c:   74 24 38 48 83 c4 20 5f c3 cc cc cc cc cc cc cc
0x00007ffe7fa489ac:   cc cc cc cc 45 8b c8 4c 8b c2 48 8b d1 e9 a2 ff
0x00007ffe7fa489bc:   ff ff cc cc cc cc cc cc 48 89 5c 24 10 48 89 74
0x00007ffe7fa489cc:   24 18 88 4c 24 08 57 48 83 ec 20 48 8b ca 48 8b
0x00007ffe7fa489dc:   da e8 9e f8 ff ff 8b 4b 14 4c 63 c8 f6 c1 c0 0f
0x00007ffe7fa489ec:   84 29 b5 03 00 8b 3b 33 f6 48 8b 53 08 2b 7b 08
0x00007ffe7fa489fc:   48 8d 42 01 48 89 03 8b 43 20 ff c8 89 43 10 85
0x00007ffe7fa48a0c:   ff 7f 52 41 8d 41 02 83 f8 01 76 58 49 8b c9 48
0x00007ffe7fa48a1c:   8d 15 5e 7f 0d 00 49 8b c1 48 c1 f8 06 83 e1 3f
0x00007ffe7fa48a2c:   48 8b 04 c2 48 8d 0c c9 48 8d 14 c8 f6 42 38 20
0x00007ffe7fa48a3c:   0f 85 b4 b4 03 00 48 8b 4b 08 3b f7 8a 44 24 30
0x00007ffe7fa48a4c:   88 01 0f 94 c0 48 8b 5c 24 38 48 8b 74 24 40 48
0x00007ffe7fa48a5c:   83 c4 20 5f c3 44 8b c7 41 8b c9 e8 34 f1 ff ff
0x00007ffe7fa48a6c:   8b f0 eb d2 48 8d 15 a9 71 0d 00 eb bf cc cc cc
0x00007ffe7fa48a7c:   cc cc cc cc 48 89 5c 24 20 48 89 4c 24 08 57 48
0x00007ffe7fa48a8c:   83 ec 30 48 89 64 24 20 48 8b d9 48 85 c9 0f 84
0x00007ffe7fa48a9c:   96 b4 03 00 48 8d 79 30 48 8b cf ff 15 7b 0b 0a
0x00007ffe7fa48aac:   00 90 48 89 5c 24 48 48 8d 4c 24 48 e8 db b7 05
0x00007ffe7fa48abc:   00 0f ba e0 0c 72 6d 48 89 5c 24 50 48 8d 4c 24
0x00007ffe7fa48acc:   50 e8 2a c9 05 00 8d 48 02 4c 63 c8 4c 8d 15 a1
0x00007ffe7fa48adc:   7e 0d 00 83 f9 01 76 6e 4d 8b c1 49 c1 f8 06 49
0x00007ffe7fa48aec:   8b c9 83 e1 3f 48 8d 14 c9 4b 8b 0c c2 4c 8d 04
0x00007ffe7fa48afc:   d1 48 8d 0d 1c 71 0d 00 41 80 78 39 00 75 53 83
0x00007ffe7fa48b0c:   c0 02 83 f8 01 76 17 49 8b c1 48 c1 f8 06 41 83
0x00007ffe7fa48b1c:   e1 3f 4b 8d 0c c9 49 8b 04 c2 48 8d 0c c8 f6 41
0x00007ffe7fa48b2c:   3d 01 75 2e 83 6b 10 01 78 10 48 8b 03 0f b6 10
0x00007ffe7fa48b3c:   48 ff c0 48 89 03 8b da eb 3a 48 8b cb e8 f2 f5 


Stack slot to memory mapping:
stack at sp + 0 slots: 0x00000065649fd3d0 is pointing into the stack for thread: 0x0000017d4b592280
stack at sp + 1 slots: 0x00007ffe649733c7 jvm.dll
stack at sp + 2 slots: 0x00000065649fd3b0 is pointing into the stack for thread: 0x0000017d4b592280
stack at sp + 3 slots: 0x0 is NULL
stack at sp + 4 slots: 0x000000000000006a is an unknown value
stack at sp + 5 slots: 0x00007ffe7fa47ea9 ucrtbase.dll
stack at sp + 6 slots: 0x00000065649fd46a is pointing into the stack for thread: 0x0000017d4b592280
stack at sp + 7 slots: 0x00007ffe7fb1f540 ucrtbase.dll


---------------  P R O C E S S  ---------------

Threads class SMR info:
_java_thread_list=0x0000017d511a0a50, length=18, elements={
0x0000017d4b57a390, 0x0000017d4b57af10, 0x0000017d4b58e1e0, 0x0000017d4b58eaa0,
0x0000017d4b58f360, 0x0000017d4b58fc20, 0x0000017d4b5918d0, 0x0000017d4b592280,
0x0000017d4b5a7a50, 0x0000017d4b564760, 0x0000017d4c11fb60, 0x0000017d4c17a8e0,
0x0000017d4c305910, 0x0000017d4c3098b0, 0x0000017d50ff0740, 0x0000017d2de3da30,
0x0000017d510ea590, 0x0000017d5117c970
}

Java Threads: ( => current thread )
  0x0000017d4b57a390 JavaThread "Reference Handler" daemon [_thread_blocked, id=30860, stack(0x0000006564200000,0x0000006564300000)]
  0x0000017d4b57af10 JavaThread "Finalizer" daemon [_thread_blocked, id=11244, stack(0x0000006564300000,0x0000006564400000)]
  0x0000017d4b58e1e0 JavaThread "Signal Dispatcher" daemon [_thread_blocked, id=32408, stack(0x0000006564400000,0x0000006564500000)]
  0x0000017d4b58eaa0 JavaThread "Attach Listener" daemon [_thread_blocked, id=14216, stack(0x0000006564500000,0x0000006564600000)]
  0x0000017d4b58f360 JavaThread "Service Thread" daemon [_thread_blocked, id=28224, stack(0x0000006564600000,0x0000006564700000)]
  0x0000017d4b58fc20 JavaThread "Monitor Deflation Thread" daemon [_thread_blocked, id=26436, stack(0x0000006564700000,0x0000006564800000)]
  0x0000017d4b5918d0 JavaThread "C2 CompilerThread0" daemon [_thread_blocked, id=11328, stack(0x0000006564800000,0x0000006564900000)]
=>0x0000017d4b592280 JavaThread "C1 CompilerThread0" daemon [_thread_in_native, id=14984, stack(0x0000006564900000,0x0000006564a00000)]
  0x0000017d4b5a7a50 JavaThread "Sweeper thread" daemon [_thread_blocked, id=14528, stack(0x0000006564a00000,0x0000006564b00000)]
  0x0000017d4b564760 JavaThread "Common-Cleaner" daemon [_thread_blocked, id=28544, stack(0x0000006564b00000,0x0000006564c00000)]
  0x0000017d4c11fb60 JavaThread "Notification Thread" daemon [_thread_blocked, id=18472, stack(0x0000006564c00000,0x0000006564d00000)]
  0x0000017d4c17a8e0 JavaThread "Java2D Disposer" daemon [_thread_blocked, id=28880, stack(0x0000006564e00000,0x0000006564f00000)]
  0x0000017d4c305910 JavaThread "AWT-Shutdown" [_thread_blocked, id=2780, stack(0x0000006564f00000,0x0000006565000000)]
  0x0000017d4c3098b0 JavaThread "AWT-Windows" daemon [_thread_in_native, id=11988, stack(0x0000006565000000,0x0000006565100000)]
  0x0000017d50ff0740 JavaThread "AWT-EventQueue-0" [_thread_blocked, id=29112, stack(0x0000006565d00000,0x0000006565e00000)]
  0x0000017d2de3da30 JavaThread "DestroyJavaVM" [_thread_blocked, id=18744, stack(0x0000006563b00000,0x0000006563c00000)]
  0x0000017d510ea590 JavaThread "D3D Screen Updater" daemon [_thread_blocked, id=2044, stack(0x0000006565f00000,0x0000006566000000)]
  0x0000017d5117c970 JavaThread "TimerQueue" daemon [_thread_blocked, id=17108, stack(0x0000006566000000,0x0000006566100000)]

Other Threads:
  0x0000017d4b574cc0 VMThread "VM Thread" [stack: 0x0000006564100000,0x0000006564200000] [id=15596]
  0x0000017d4c120030 WatcherThread [stack: 0x0000006564d00000,0x0000006564e00000] [id=16436]
  0x0000017d2de7a5a0 GCTaskThread "GC Thread#0" [stack: 0x0000006563c00000,0x0000006563d00000] [id=31300]
  0x0000017d510eb8a0 GCTaskThread "GC Thread#1" [stack: 0x0000006565c00000,0x0000006565d00000] [id=26612]
  0x0000017d51400d60 GCTaskThread "GC Thread#2" [stack: 0x0000006566100000,0x0000006566200000] [id=28452]
  0x0000017d51301db0 GCTaskThread "GC Thread#3" [stack: 0x0000006566200000,0x0000006566300000] [id=32000]
  0x0000017d520e3a00 GCTaskThread "GC Thread#4" [stack: 0x0000006566300000,0x0000006566400000] [id=16376]
  0x0000017d520e3cb0 GCTaskThread "GC Thread#5" [stack: 0x0000006566400000,0x0000006566500000] [id=17276]
  0x0000017d2de8b080 ConcurrentGCThread "G1 Main Marker" [stack: 0x0000006563d00000,0x0000006563e00000] [id=15652]
  0x0000017d2de8c9b0 ConcurrentGCThread "G1 Conc#0" [stack: 0x0000006563e00000,0x0000006563f00000] [id=4304]
  0x0000017d4b4340b0 ConcurrentGCThread "G1 Refine#0" [stack: 0x0000006563f00000,0x0000006564000000] [id=22020]
  0x0000017d520ff8e0 ConcurrentGCThread "G1 Refine#1" [stack: 0x0000006566500000,0x0000006566600000] [id=27488]
  0x0000017d520ffbc0 ConcurrentGCThread "G1 Refine#2" [stack: 0x0000006566600000,0x0000006566700000] [id=17096]
  0x0000017d4b4349e0 ConcurrentGCThread "G1 Service" [stack: 0x0000006564000000,0x0000006564100000] [id=29348]

Threads with active compile tasks:
C1 CompilerThread0    25491 2048   !   3       java.awt.DefaultKeyboardFocusManager::dispatchEvent (1621 bytes)

VM state: not at safepoint (normal execution)

VM Mutex/Monitor currently owned by a thread: None

Heap address: 0x0000000089c00000, size: 1892 MB, Compressed Oops mode: 32-bit

CDS archive(s) mapped at: [0x0000000800000000-0x0000000800bc0000-0x0000000800bc0000), size 12320768, SharedBaseAddress: 0x0000000800000000, ArchiveRelocationMode: 0.
Compressed class space mapped at: 0x0000000800c00000-0x0000000840c00000, reserved size: 1073741824
Narrow klass base: 0x0000000800000000, Narrow klass shift: 0, Narrow klass range: 0x100000000

GC Precious Log:
 CPUs: 6 total, 6 available
 Memory: 7564M
 Large Page Support: Disabled
 NUMA Support: Disabled
 Compressed Oops: Enabled (32-bit)
 Heap Region Size: 1M
 Heap Min Capacity: 8M
 Heap Initial Capacity: 120M
 Heap Max Capacity: 1892M
 Pre-touch: Disabled
 Parallel Workers: 6
 Concurrent Workers: 2
 Concurrent Refinement Workers: 6
 Periodic GC: Disabled

Heap:
 garbage-first heap   total 122880K, used 7068K [0x0000000089c00000, 0x0000000100000000)
  region size 1024K, 6 young (6144K), 3 survivors (3072K)
 Metaspace       used 11486K, committed 11712K, reserved 1064960K
  class space    used 1369K, committed 1472K, reserved 1048576K

Heap Regions: E=young(eden), S=young(survivor), O=old, HS=humongous(starts), HC=humongous(continues), CS=collection set, F=free, OA=open archive, CA=closed archive, TAMS=top-at-mark-start (previous, next)
|   0|0x0000000089c00000, 0x0000000089d00000, 0x0000000089d00000|100%| O|  |TAMS 0x0000000089c00000, 0x0000000089c00000| Untracked 
|   1|0x0000000089d00000, 0x0000000089de7200, 0x0000000089e00000| 90%| O|  |TAMS 0x0000000089d00000, 0x0000000089d00000| Untracked 
|   2|0x0000000089e00000, 0x0000000089e00000, 0x0000000089f00000|  0%| F|  |TAMS 0x0000000089e00000, 0x0000000089e00000| Untracked 
|   3|0x0000000089f00000, 0x0000000089f00000, 0x000000008a000000|  0%| F|  |TAMS 0x0000000089f00000, 0x0000000089f00000| Untracked 
|   4|0x000000008a000000, 0x000000008a000000, 0x000000008a100000|  0%| F|  |TAMS 0x000000008a000000, 0x000000008a000000| Untracked 
|   5|0x000000008a100000, 0x000000008a100000, 0x000000008a200000|  0%| F|  |TAMS 0x000000008a100000, 0x000000008a100000| Untracked 
|   6|0x000000008a200000, 0x000000008a200000, 0x000000008a300000|  0%| F|  |TAMS 0x000000008a200000, 0x000000008a200000| Untracked 
|   7|0x000000008a300000, 0x000000008a300000, 0x000000008a400000|  0%| F|  |TAMS 0x000000008a300000, 0x000000008a300000| Untracked 
|   8|0x000000008a400000, 0x000000008a400000, 0x000000008a500000|  0%| F|  |TAMS 0x000000008a400000, 0x000000008a400000| Untracked 
|   9|0x000000008a500000, 0x000000008a500000, 0x000000008a600000|  0%| F|  |TAMS 0x000000008a500000, 0x000000008a500000| Untracked 
|  10|0x000000008a600000, 0x000000008a600000, 0x000000008a700000|  0%| F|  |TAMS 0x000000008a600000, 0x000000008a600000| Untracked 
|  11|0x000000008a700000, 0x000000008a700000, 0x000000008a800000|  0%| F|  |TAMS 0x000000008a700000, 0x000000008a700000| Untracked 
|  12|0x000000008a800000, 0x000000008a800000, 0x000000008a900000|  0%| F|  |TAMS 0x000000008a800000, 0x000000008a800000| Untracked 
|  13|0x000000008a900000, 0x000000008a900000, 0x000000008aa00000|  0%| F|  |TAMS 0x000000008a900000, 0x000000008a900000| Untracked 
|  14|0x000000008aa00000, 0x000000008aa00000, 0x000000008ab00000|  0%| F|  |TAMS 0x000000008aa00000, 0x000000008aa00000| Untracked 
|  15|0x000000008ab00000, 0x000000008ab00000, 0x000000008ac00000|  0%| F|  |TAMS 0x000000008ab00000, 0x000000008ab00000| Untracked 
|  16|0x000000008ac00000, 0x000000008ac00000, 0x000000008ad00000|  0%| F|  |TAMS 0x000000008ac00000, 0x000000008ac00000| Untracked 
|  17|0x000000008ad00000, 0x000000008ad00000, 0x000000008ae00000|  0%| F|  |TAMS 0x000000008ad00000, 0x000000008ad00000| Untracked 
|  18|0x000000008ae00000, 0x000000008ae00000, 0x000000008af00000|  0%| F|  |TAMS 0x000000008ae00000, 0x000000008ae00000| Untracked 
|  19|0x000000008af00000, 0x000000008af00000, 0x000000008b000000|  0%| F|  |TAMS 0x000000008af00000, 0x000000008af00000| Untracked 
|  20|0x000000008b000000, 0x000000008b000000, 0x000000008b100000|  0%| F|  |TAMS 0x000000008b000000, 0x000000008b000000| Untracked 
|  21|0x000000008b100000, 0x000000008b100000, 0x000000008b200000|  0%| F|  |TAMS 0x000000008b100000, 0x000000008b100000| Untracked 
|  22|0x000000008b200000, 0x000000008b200000, 0x000000008b300000|  0%| F|  |TAMS 0x000000008b200000, 0x000000008b200000| Untracked 
|  23|0x000000008b300000, 0x000000008b300000, 0x000000008b400000|  0%| F|  |TAMS 0x000000008b300000, 0x000000008b300000| Untracked 
|  24|0x000000008b400000, 0x000000008b400000, 0x000000008b500000|  0%| F|  |TAMS 0x000000008b400000, 0x000000008b400000| Untracked 
|  25|0x000000008b500000, 0x000000008b500000, 0x000000008b600000|  0%| F|  |TAMS 0x000000008b500000, 0x000000008b500000| Untracked 
|  26|0x000000008b600000, 0x000000008b600000, 0x000000008b700000|  0%| F|  |TAMS 0x000000008b600000, 0x000000008b600000| Untracked 
|  27|0x000000008b700000, 0x000000008b700000, 0x000000008b800000|  0%| F|  |TAMS 0x000000008b700000, 0x000000008b700000| Untracked 
|  28|0x000000008b800000, 0x000000008b800000, 0x000000008b900000|  0%| F|  |TAMS 0x000000008b800000, 0x000000008b800000| Untracked 
|  29|0x000000008b900000, 0x000000008b900000, 0x000000008ba00000|  0%| F|  |TAMS 0x000000008b900000, 0x000000008b900000| Untracked 
|  30|0x000000008ba00000, 0x000000008ba00000, 0x000000008bb00000|  0%| F|  |TAMS 0x000000008ba00000, 0x000000008ba00000| Untracked 
|  31|0x000000008bb00000, 0x000000008bb00000, 0x000000008bc00000|  0%| F|  |TAMS 0x000000008bb00000, 0x000000008bb00000| Untracked 
|  32|0x000000008bc00000, 0x000000008bc00000, 0x000000008bd00000|  0%| F|  |TAMS 0x000000008bc00000, 0x000000008bc00000| Untracked 
|  33|0x000000008bd00000, 0x000000008bd00000, 0x000000008be00000|  0%| F|  |TAMS 0x000000008bd00000, 0x000000008bd00000| Untracked 
|  34|0x000000008be00000, 0x000000008be00000, 0x000000008bf00000|  0%| F|  |TAMS 0x000000008be00000, 0x000000008be00000| Untracked 
|  35|0x000000008bf00000, 0x000000008bf00000, 0x000000008c000000|  0%| F|  |TAMS 0x000000008bf00000, 0x000000008bf00000| Untracked 
|  36|0x000000008c000000, 0x000000008c000000, 0x000000008c100000|  0%| F|  |TAMS 0x000000008c000000, 0x000000008c000000| Untracked 
|  37|0x000000008c100000, 0x000000008c100000, 0x000000008c200000|  0%| F|  |TAMS 0x000000008c100000, 0x000000008c100000| Untracked 
|  38|0x000000008c200000, 0x000000008c200000, 0x000000008c300000|  0%| F|  |TAMS 0x000000008c200000, 0x000000008c200000| Untracked 
|  39|0x000000008c300000, 0x000000008c300000, 0x000000008c400000|  0%| F|  |TAMS 0x000000008c300000, 0x000000008c300000| Untracked 
|  40|0x000000008c400000, 0x000000008c400000, 0x000000008c500000|  0%| F|  |TAMS 0x000000008c400000, 0x000000008c400000| Untracked 
|  41|0x000000008c500000, 0x000000008c500000, 0x000000008c600000|  0%| F|  |TAMS 0x000000008c500000, 0x000000008c500000| Untracked 
|  42|0x000000008c600000, 0x000000008c600000, 0x000000008c700000|  0%| F|  |TAMS 0x000000008c600000, 0x000000008c600000| Untracked 
|  43|0x000000008c700000, 0x000000008c700000, 0x000000008c800000|  0%| F|  |TAMS 0x000000008c700000, 0x000000008c700000| Untracked 
|  44|0x000000008c800000, 0x000000008c800000, 0x000000008c900000|  0%| F|  |TAMS 0x000000008c800000, 0x000000008c800000| Untracked 
|  45|0x000000008c900000, 0x000000008c900000, 0x000000008ca00000|  0%| F|  |TAMS 0x000000008c900000, 0x000000008c900000| Untracked 
|  46|0x000000008ca00000, 0x000000008ca00000, 0x000000008cb00000|  0%| F|  |TAMS 0x000000008ca00000, 0x000000008ca00000| Untracked 
|  47|0x000000008cb00000, 0x000000008cb00000, 0x000000008cc00000|  0%| F|  |TAMS 0x000000008cb00000, 0x000000008cb00000| Untracked 
|  48|0x000000008cc00000, 0x000000008cc00000, 0x000000008cd00000|  0%| F|  |TAMS 0x000000008cc00000, 0x000000008cc00000| Untracked 
|  49|0x000000008cd00000, 0x000000008cd00000, 0x000000008ce00000|  0%| F|  |TAMS 0x000000008cd00000, 0x000000008cd00000| Untracked 
|  50|0x000000008ce00000, 0x000000008ce00000, 0x000000008cf00000|  0%| F|  |TAMS 0x000000008ce00000, 0x000000008ce00000| Untracked 
|  51|0x000000008cf00000, 0x000000008cf00000, 0x000000008d000000|  0%| F|  |TAMS 0x000000008cf00000, 0x000000008cf00000| Untracked 
|  52|0x000000008d000000, 0x000000008d000000, 0x000000008d100000|  0%| F|  |TAMS 0x000000008d000000, 0x000000008d000000| Untracked 
|  53|0x000000008d100000, 0x000000008d100000, 0x000000008d200000|  0%| F|  |TAMS 0x000000008d100000, 0x000000008d100000| Untracked 
|  54|0x000000008d200000, 0x000000008d200000, 0x000000008d300000|  0%| F|  |TAMS 0x000000008d200000, 0x000000008d200000| Untracked 
|  55|0x000000008d300000, 0x000000008d300000, 0x000000008d400000|  0%| F|  |TAMS 0x000000008d300000, 0x000000008d300000| Untracked 
|  56|0x000000008d400000, 0x000000008d400000, 0x000000008d500000|  0%| F|  |TAMS 0x000000008d400000, 0x000000008d400000| Untracked 
|  57|0x000000008d500000, 0x000000008d500000, 0x000000008d600000|  0%| F|  |TAMS 0x000000008d500000, 0x000000008d500000| Untracked 
|  58|0x000000008d600000, 0x000000008d600000, 0x000000008d700000|  0%| F|  |TAMS 0x000000008d600000, 0x000000008d600000| Untracked 
|  59|0x000000008d700000, 0x000000008d700000, 0x000000008d800000|  0%| F|  |TAMS 0x000000008d700000, 0x000000008d700000| Untracked 
|  60|0x000000008d800000, 0x000000008d800000, 0x000000008d900000|  0%| F|  |TAMS 0x000000008d800000, 0x000000008d800000| Untracked 
|  61|0x000000008d900000, 0x000000008d900000, 0x000000008da00000|  0%| F|  |TAMS 0x000000008d900000, 0x000000008d900000| Untracked 
|  62|0x000000008da00000, 0x000000008da00000, 0x000000008db00000|  0%| F|  |TAMS 0x000000008da00000, 0x000000008da00000| Untracked 
|  63|0x000000008db00000, 0x000000008db00000, 0x000000008dc00000|  0%| F|  |TAMS 0x000000008db00000, 0x000000008db00000| Untracked 
|  64|0x000000008dc00000, 0x000000008dc00000, 0x000000008dd00000|  0%| F|  |TAMS 0x000000008dc00000, 0x000000008dc00000| Untracked 
|  65|0x000000008dd00000, 0x000000008dd00000, 0x000000008de00000|  0%| F|  |TAMS 0x000000008dd00000, 0x000000008dd00000| Untracked 
|  66|0x000000008de00000, 0x000000008de00000, 0x000000008df00000|  0%| F|  |TAMS 0x000000008de00000, 0x000000008de00000| Untracked 
|  67|0x000000008df00000, 0x000000008df00000, 0x000000008e000000|  0%| F|  |TAMS 0x000000008df00000, 0x000000008df00000| Untracked 
|  68|0x000000008e000000, 0x000000008e000000, 0x000000008e100000|  0%| F|  |TAMS 0x000000008e000000, 0x000000008e000000| Untracked 
|  69|0x000000008e100000, 0x000000008e100000, 0x000000008e200000|  0%| F|  |TAMS 0x000000008e100000, 0x000000008e100000| Untracked 
|  70|0x000000008e200000, 0x000000008e200000, 0x000000008e300000|  0%| F|  |TAMS 0x000000008e200000, 0x000000008e200000| Untracked 
|  71|0x000000008e300000, 0x000000008e300000, 0x000000008e400000|  0%| F|  |TAMS 0x000000008e300000, 0x000000008e300000| Untracked 
|  72|0x000000008e400000, 0x000000008e400000, 0x000000008e500000|  0%| F|  |TAMS 0x000000008e400000, 0x000000008e400000| Untracked 
|  73|0x000000008e500000, 0x000000008e500000, 0x000000008e600000|  0%| F|  |TAMS 0x000000008e500000, 0x000000008e500000| Untracked 
|  74|0x000000008e600000, 0x000000008e600000, 0x000000008e700000|  0%| F|  |TAMS 0x000000008e600000, 0x000000008e600000| Untracked 
|  75|0x000000008e700000, 0x000000008e700000, 0x000000008e800000|  0%| F|  |TAMS 0x000000008e700000, 0x000000008e700000| Untracked 
|  76|0x000000008e800000, 0x000000008e800000, 0x000000008e900000|  0%| F|  |TAMS 0x000000008e800000, 0x000000008e800000| Untracked 
|  77|0x000000008e900000, 0x000000008e900000, 0x000000008ea00000|  0%| F|  |TAMS 0x000000008e900000, 0x000000008e900000| Untracked 
|  78|0x000000008ea00000, 0x000000008ea00000, 0x000000008eb00000|  0%| F|  |TAMS 0x000000008ea00000, 0x000000008ea00000| Untracked 
|  79|0x000000008eb00000, 0x000000008eb00000, 0x000000008ec00000|  0%| F|  |TAMS 0x000000008eb00000, 0x000000008eb00000| Untracked 
|  80|0x000000008ec00000, 0x000000008ec00000, 0x000000008ed00000|  0%| F|  |TAMS 0x000000008ec00000, 0x000000008ec00000| Untracked 
|  81|0x000000008ed00000, 0x000000008ed00000, 0x000000008ee00000|  0%| F|  |TAMS 0x000000008ed00000, 0x000000008ed00000| Untracked 
|  82|0x000000008ee00000, 0x000000008ee00000, 0x000000008ef00000|  0%| F|  |TAMS 0x000000008ee00000, 0x000000008ee00000| Untracked 
|  83|0x000000008ef00000, 0x000000008ef00000, 0x000000008f000000|  0%| F|  |TAMS 0x000000008ef00000, 0x000000008ef00000| Untracked 
|  84|0x000000008f000000, 0x000000008f000000, 0x000000008f100000|  0%| F|  |TAMS 0x000000008f000000, 0x000000008f000000| Untracked 
|  85|0x000000008f100000, 0x000000008f100000, 0x000000008f200000|  0%| F|  |TAMS 0x000000008f100000, 0x000000008f100000| Untracked 
|  86|0x000000008f200000, 0x000000008f200000, 0x000000008f300000|  0%| F|  |TAMS 0x000000008f200000, 0x000000008f200000| Untracked 
|  87|0x000000008f300000, 0x000000008f300000, 0x000000008f400000|  0%| F|  |TAMS 0x000000008f300000, 0x000000008f300000| Untracked 
|  88|0x000000008f400000, 0x000000008f400000, 0x000000008f500000|  0%| F|  |TAMS 0x000000008f400000, 0x000000008f400000| Untracked 
|  89|0x000000008f500000, 0x000000008f500000, 0x000000008f600000|  0%| F|  |TAMS 0x000000008f500000, 0x000000008f500000| Untracked 
|  90|0x000000008f600000, 0x000000008f600000, 0x000000008f700000|  0%| F|  |TAMS 0x000000008f600000, 0x000000008f600000| Untracked 
|  91|0x000000008f700000, 0x000000008f700000, 0x000000008f800000|  0%| F|  |TAMS 0x000000008f700000, 0x000000008f700000| Untracked 
|  92|0x000000008f800000, 0x000000008f800000, 0x000000008f900000|  0%| F|  |TAMS 0x000000008f800000, 0x000000008f800000| Untracked 
|  93|0x000000008f900000, 0x000000008f900000, 0x000000008fa00000|  0%| F|  |TAMS 0x000000008f900000, 0x000000008f900000| Untracked 
|  94|0x000000008fa00000, 0x000000008fa00000, 0x000000008fb00000|  0%| F|  |TAMS 0x000000008fa00000, 0x000000008fa00000| Untracked 
|  95|0x000000008fb00000, 0x000000008fb00000, 0x000000008fc00000|  0%| F|  |TAMS 0x000000008fb00000, 0x000000008fb00000| Untracked 
|  96|0x000000008fc00000, 0x000000008fd00000, 0x000000008fd00000|100%| S|CS|TAMS 0x000000008fc00000, 0x000000008fc00000| Complete 
|  97|0x000000008fd00000, 0x000000008fe00000, 0x000000008fe00000|100%| S|CS|TAMS 0x000000008fd00000, 0x000000008fd00000| Complete 
|  98|0x000000008fe00000, 0x000000008ff00000, 0x000000008ff00000|100%| S|CS|TAMS 0x000000008fe00000, 0x000000008fe00000| Complete 
|  99|0x000000008ff00000, 0x000000008ff00000, 0x0000000090000000|  0%| F|  |TAMS 0x000000008ff00000, 0x000000008ff00000| Untracked 
| 100|0x0000000090000000, 0x0000000090000000, 0x0000000090100000|  0%| F|  |TAMS 0x0000000090000000, 0x0000000090000000| Untracked 
| 101|0x0000000090100000, 0x0000000090100000, 0x0000000090200000|  0%| F|  |TAMS 0x0000000090100000, 0x0000000090100000| Untracked 
| 102|0x0000000090200000, 0x0000000090200000, 0x0000000090300000|  0%| F|  |TAMS 0x0000000090200000, 0x0000000090200000| Untracked 
| 103|0x0000000090300000, 0x0000000090300000, 0x0000000090400000|  0%| F|  |TAMS 0x0000000090300000, 0x0000000090300000| Untracked 
| 104|0x0000000090400000, 0x0000000090400000, 0x0000000090500000|  0%| F|  |TAMS 0x0000000090400000, 0x0000000090400000| Untracked 
| 105|0x0000000090500000, 0x0000000090500000, 0x0000000090600000|  0%| F|  |TAMS 0x0000000090500000, 0x0000000090500000| Untracked 
| 106|0x0000000090600000, 0x0000000090600000, 0x0000000090700000|  0%| F|  |TAMS 0x0000000090600000, 0x0000000090600000| Untracked 
| 107|0x0000000090700000, 0x0000000090700000, 0x0000000090800000|  0%| F|  |TAMS 0x0000000090700000, 0x0000000090700000| Untracked 
| 108|0x0000000090800000, 0x0000000090800000, 0x0000000090900000|  0%| F|  |TAMS 0x0000000090800000, 0x0000000090800000| Untracked 
| 109|0x0000000090900000, 0x0000000090900000, 0x0000000090a00000|  0%| F|  |TAMS 0x0000000090900000, 0x0000000090900000| Untracked 
| 110|0x0000000090a00000, 0x0000000090a00000, 0x0000000090b00000|  0%| F|  |TAMS 0x0000000090a00000, 0x0000000090a00000| Untracked 
| 111|0x0000000090b00000, 0x0000000090b00000, 0x0000000090c00000|  0%| F|  |TAMS 0x0000000090b00000, 0x0000000090b00000| Untracked 
| 112|0x0000000090c00000, 0x0000000090c00000, 0x0000000090d00000|  0%| F|  |TAMS 0x0000000090c00000, 0x0000000090c00000| Untracked 
| 113|0x0000000090d00000, 0x0000000090d00000, 0x0000000090e00000|  0%| F|  |TAMS 0x0000000090d00000, 0x0000000090d00000| Untracked 
| 114|0x0000000090e00000, 0x0000000090e00000, 0x0000000090f00000|  0%| F|  |TAMS 0x0000000090e00000, 0x0000000090e00000| Untracked 
| 115|0x0000000090f00000, 0x0000000090f00000, 0x0000000091000000|  0%| F|  |TAMS 0x0000000090f00000, 0x0000000090f00000| Untracked 
| 116|0x0000000091000000, 0x0000000091000000, 0x0000000091100000|  0%| F|  |TAMS 0x0000000091000000, 0x0000000091000000| Untracked 
| 117|0x0000000091100000, 0x00000000911bf9a0, 0x0000000091200000| 74%| E|  |TAMS 0x0000000091100000, 0x0000000091100000| Complete 
| 118|0x0000000091200000, 0x0000000091300000, 0x0000000091300000|100%| E|CS|TAMS 0x0000000091200000, 0x0000000091200000| Complete 
| 119|0x0000000091300000, 0x0000000091400000, 0x0000000091400000|100%| E|CS|TAMS 0x0000000091300000, 0x0000000091300000| Complete 

Card table byte_map: [0x0000017d44b20000,0x0000017d44ee0000] _byte_map_base: 0x0000017d446d2000

Marking Bits (Prev, Next): (CMBitMap*) 0x0000017d2de7bad0, (CMBitMap*) 0x0000017d2de7bb10
 Prev Bits: [0x0000017d452a0000, 0x0000017d47030000)
 Next Bits: [0x0000017d47030000, 0x0000017d48dc0000)

Polling page: 0x0000017d2d620000

Metaspace:

Usage:
  Non-class:      9.88 MB used.
      Class:      1.34 MB used.
       Both:     11.22 MB used.

Virtual space:
  Non-class space:       16.00 MB reserved,      10.00 MB ( 62%) committed,  2 nodes.
      Class space:        1.00 GB reserved,       1.44 MB ( <1%) committed,  1 nodes.
             Both:        1.02 GB reserved,      11.44 MB (  1%) committed. 

Chunk freelists:
   Non-Class:  2.04 MB
       Class:  2.54 MB
        Both:  4.58 MB

MaxMetaspaceSize: unlimited
CompressedClassSpaceSize: 1.00 GB
Initial GC threshold: 21.00 MB
Current GC threshold: 21.00 MB
CDS: on
MetaspaceReclaimPolicy: balanced
 - commit_granule_bytes: 65536.
 - commit_granule_words: 8192.
 - virtual_space_node_default_size: 1048576.
 - enlarge_chunks_in_place: 1.
 - new_chunks_are_fully_committed: 0.
 - uncommit_free_chunks: 1.
 - use_allocation_guard: 0.
 - handle_deallocations: 1.


Internal statistics:

num_allocs_failed_limit: 0.
num_arena_births: 136.
num_arena_deaths: 0.
num_vsnodes_births: 3.
num_vsnodes_deaths: 0.
num_space_committed: 183.
num_space_uncommitted: 0.
num_chunks_returned_to_freelist: 0.
num_chunks_taken_from_freelist: 223.
num_chunk_merges: 0.
num_chunk_splits: 113.
num_chunks_enlarged: 32.
num_purges: 0.
num_inconsistent_stats: 0.

CodeHeap 'non-profiled nmethods': size=120000Kb used=587Kb max_used=587Kb free=119412Kb
 bounds [0x0000017d3d120000, 0x0000017d3d390000, 0x0000017d44650000]
CodeHeap 'profiled nmethods': size=120000Kb used=3486Kb max_used=3486Kb free=116513Kb
 bounds [0x0000017d35bf0000, 0x0000017d35f60000, 0x0000017d3d120000]
CodeHeap 'non-nmethods': size=5760Kb used=1319Kb max_used=1333Kb free=4440Kb
 bounds [0x0000017d35650000, 0x0000017d358c0000, 0x0000017d35bf0000]
 total_blobs=2706 nmethods=2046 adapters=572
 compilation: enabled
              stopped_count=0, restarted_count=0
 full_count=0

Compilation events (20 events):
Event: 24.683 Thread 0x0000017d4b592280 nmethod 2038 0x0000017d35f51b90 code [0x0000017d35f51d40, 0x0000017d35f51fa8]
Event: 24.684 Thread 0x0000017d4b592280 2039       1       javax.swing.JLayeredPane::isOptimizedDrawingEnabled (5 bytes)
Event: 24.684 Thread 0x0000017d4b592280 nmethod 2039 0x0000017d3d1b2410 code [0x0000017d3d1b25a0, 0x0000017d3d1b2678]
Event: 24.684 Thread 0x0000017d4b592280 2040       1       sun.java2d.SunGraphics2D::getComposite (5 bytes)
Event: 24.684 Thread 0x0000017d4b592280 nmethod 2040 0x0000017d3d1b2710 code [0x0000017d3d1b28a0, 0x0000017d3d1b2978]
Event: 24.686 Thread 0x0000017d4b592280 2041       1       sun.java2d.SurfaceDataProxy::isValid (5 bytes)
Event: 24.687 Thread 0x0000017d4b592280 nmethod 2041 0x0000017d3d1b2a10 code [0x0000017d3d1b2ba0, 0x0000017d3d1b2c78]
Event: 24.687 Thread 0x0000017d4b592280 2042       3       sun.java2d.pipe.BufferedContext::setSurfaces (49 bytes)
Event: 24.688 Thread 0x0000017d4b592280 nmethod 2042 0x0000017d35f52090 code [0x0000017d35f522c0, 0x0000017d35f52a28]
Event: 24.691 Thread 0x0000017d4b592280 2043  s    3       javax.swing.RepaintManager::isPaintingThread (16 bytes)
Event: 24.691 Thread 0x0000017d4b592280 nmethod 2043 0x0000017d35f52e10 code [0x0000017d35f52fa0, 0x0000017d35f531d8]
Event: 24.805 Thread 0x0000017d4b592280 2044       3       sun.java2d.d3d.D3DSurfaceData$D3DWindowSurfaceData::markClean (9 bytes)
Event: 24.805 Thread 0x0000017d4b592280 nmethod 2044 0x0000017d35f53290 code [0x0000017d35f53440, 0x0000017d35f536c8]
Event: 25.180 Thread 0x0000017d4b592280 2045       3       sun.font.FontUtilities::isComplexText (38 bytes)
Event: 25.180 Thread 0x0000017d4b592280 nmethod 2045 0x0000017d35f53810 code [0x0000017d35f539e0, 0x0000017d35f53de8]
Event: 25.287 Thread 0x0000017d4b592280 2046   !   3       sun.java2d.d3d.D3DSurfaceData::swapBuffers (147 bytes)
Event: 25.291 Thread 0x0000017d4b592280 nmethod 2046 0x0000017d35f53f90 code [0x0000017d35f54420, 0x0000017d35f567f8]
Event: 25.291 Thread 0x0000017d4b592280 2047       3       sun.java2d.d3d.D3DRenderQueue::isRenderQueueThread (15 bytes)
Event: 25.291 Thread 0x0000017d4b592280 nmethod 2047 0x0000017d35f57810 code [0x0000017d35f579a0, 0x0000017d35f57b18]
Event: 25.401 Thread 0x0000017d4b592280 2048   !   3       java.awt.DefaultKeyboardFocusManager::dispatchEvent (1621 bytes)

GC Heap History (2 events):
Event: 4.280 GC heap before
{Heap before GC invocations=0 (full 0):
 garbage-first heap   total 122880K, used 21504K [0x0000000089c00000, 0x0000000100000000)
  region size 1024K, 21 young (21504K), 0 survivors (0K)
 Metaspace       used 10866K, committed 11136K, reserved 1064960K
  class space    used 1340K, committed 1472K, reserved 1048576K
}
Event: 4.289 GC heap after
{Heap after GC invocations=1 (full 0):
 garbage-first heap   total 122880K, used 5020K [0x0000000089c00000, 0x0000000100000000)
  region size 1024K, 3 young (3072K), 3 survivors (3072K)
 Metaspace       used 10866K, committed 11136K, reserved 1064960K
  class space    used 1340K, committed 1472K, reserved 1048576K
}

Deoptimization events (20 events):
Event: 4.356 Thread 0x0000017d50ff0740 Uncommon trap: trap_request=0xffffff45 fr.pc=0x0000017d3d189c74 relative=0x0000000000002234
Event: 4.356 Thread 0x0000017d50ff0740 Uncommon trap: reason=unstable_if action=reinterpret pc=0x0000017d3d189c74 method=java.lang.ref.SoftReference.get()Ljava/lang/Object; @ 17 c2
Event: 4.356 Thread 0x0000017d50ff0740 DEOPT PACKING pc=0x0000017d3d189c74 sp=0x0000006565dfdcb0
Event: 4.356 Thread 0x0000017d50ff0740 DEOPT UNPACKING pc=0x0000017d356a23a3 sp=0x0000006565dfda28 mode 2
Event: 8.703 Thread 0x0000017d50ff0740 Uncommon trap: trap_request=0xffffffde fr.pc=0x0000017d3d132b24 relative=0x00000000000001a4
Event: 8.703 Thread 0x0000017d50ff0740 Uncommon trap: reason=class_check action=maybe_recompile pc=0x0000017d3d132b24 method=java.lang.String.equals(Ljava/lang/Object;)Z @ 8 c2
Event: 8.703 Thread 0x0000017d50ff0740 DEOPT PACKING pc=0x0000017d3d132b24 sp=0x0000006565dfe520
Event: 8.703 Thread 0x0000017d50ff0740 DEOPT UNPACKING pc=0x0000017d356a23a3 sp=0x0000006565dfe4b8 mode 2
Event: 8.703 Thread 0x0000017d50ff0740 Uncommon trap: trap_request=0xffffffde fr.pc=0x0000017d3d132b24 relative=0x00000000000001a4
Event: 8.703 Thread 0x0000017d50ff0740 Uncommon trap: reason=class_check action=maybe_recompile pc=0x0000017d3d132b24 method=java.lang.String.equals(Ljava/lang/Object;)Z @ 8 c2
Event: 8.703 Thread 0x0000017d50ff0740 DEOPT PACKING pc=0x0000017d3d132b24 sp=0x0000006565dfe520
Event: 8.703 Thread 0x0000017d50ff0740 DEOPT UNPACKING pc=0x0000017d356a23a3 sp=0x0000006565dfe4b8 mode 2
Event: 8.877 Thread 0x0000017d50ff0740 Uncommon trap: trap_request=0xffffffde fr.pc=0x0000017d3d132b24 relative=0x00000000000001a4
Event: 8.877 Thread 0x0000017d50ff0740 Uncommon trap: reason=class_check action=maybe_recompile pc=0x0000017d3d132b24 method=java.lang.String.equals(Ljava/lang/Object;)Z @ 8 c2
Event: 8.877 Thread 0x0000017d50ff0740 DEOPT PACKING pc=0x0000017d3d132b24 sp=0x0000006565dfe520
Event: 8.877 Thread 0x0000017d50ff0740 DEOPT UNPACKING pc=0x0000017d356a23a3 sp=0x0000006565dfe4b8 mode 2
Event: 8.877 Thread 0x0000017d50ff0740 Uncommon trap: trap_request=0xffffffde fr.pc=0x0000017d3d132b24 relative=0x00000000000001a4
Event: 8.877 Thread 0x0000017d50ff0740 Uncommon trap: reason=class_check action=maybe_recompile pc=0x0000017d3d132b24 method=java.lang.String.equals(Ljava/lang/Object;)Z @ 8 c2
Event: 8.877 Thread 0x0000017d50ff0740 DEOPT PACKING pc=0x0000017d3d132b24 sp=0x0000006565dfe520
Event: 8.877 Thread 0x0000017d50ff0740 DEOPT UNPACKING pc=0x0000017d356a23a3 sp=0x0000006565dfe4b8 mode 2

Classes unloaded (0 events):
No events

Classes redefined (0 events):
No events

Internal exceptions (19 events):
Event: 0.102 Thread 0x0000017d2de3da30 Exception <a 'sun/nio/fs/WindowsException'{0x0000000091221dd8}> (0x0000000091221dd8) 
thrown [t:\workspace\open\src\hotspot\share\prims\jni.cpp, line 516]
Event: 0.103 Thread 0x0000017d2de3da30 Exception <a 'sun/nio/fs/WindowsException'{0x00000000912222c0}> (0x00000000912222c0) 
thrown [t:\workspace\open\src\hotspot\share\prims\jni.cpp, line 516]
Event: 0.105 Thread 0x0000017d2de3da30 Exception <a 'sun/nio/fs/WindowsException'{0x0000000091224470}> (0x0000000091224470) 
thrown [t:\workspace\open\src\hotspot\share\prims\jni.cpp, line 516]
Event: 0.105 Thread 0x0000017d2de3da30 Exception <a 'sun/nio/fs/WindowsException'{0x0000000091224e50}> (0x0000000091224e50) 
thrown [t:\workspace\open\src\hotspot\share\prims\jni.cpp, line 516]
Event: 0.168 Thread 0x0000017d2de3da30 Exception <a 'java/lang/ClassNotFoundException'{0x00000000912f5c50}: sun/awt/resources/spi/awtProvider> (0x00000000912f5c50) 
thrown [t:\workspace\open\src\hotspot\share\classfile\systemDictionary.cpp, line 256]
Event: 0.195 Thread 0x0000017d2de3da30 Exception <a 'java/io/FileNotFoundException'{0x00000000911490a8}> (0x00000000911490a8) 
thrown [t:\workspace\open\src\hotspot\share\prims\jni.cpp, line 516]
Event: 0.203 Thread 0x0000017d2de3da30 Exception <a 'java/io/FileNotFoundException'{0x0000000091176348}> (0x0000000091176348) 
thrown [t:\workspace\open\src\hotspot\share\prims\jni.cpp, line 516]
Event: 0.253 Thread 0x0000017d2de3da30 Exception <a 'java/lang/NoSuchMethodError'{0x00000000911ba348}: 'java.lang.Object java.lang.invoke.DirectMethodHandle$Holder.invokeStaticInit(java.lang.Object)'> (0x00000000911ba348) 
thrown [t:\workspace\open\src\hotspot\share\interpreter\linkResolver.cpp, line 766]
Event: 0.373 Thread 0x0000017d2de3da30 Exception <a 'java/lang/NoSuchMethodError'{0x00000000910994e8}: 'void java.lang.invoke.DirectMethodHandle$Holder.invokeSpecial(java.lang.Object, java.lang.Object, java.lang.Object)'> (0x00000000910994e8) 
thrown [t:\workspace\open\src\hotspot\share\interpreter\linkResolver.cpp, line 766]
Event: 0.383 Thread 0x0000017d2de3da30 Exception <a 'java/lang/NoSuchMethodError'{0x00000000910c3650}: 'java.lang.Object java.lang.invoke.DirectMethodHandle$Holder.newInvokeSpecial(java.lang.Object, java.lang.Object, java.lang.Object, java.lang.Object, java.lang.Object)'> (0x00000000910c3650) 
thrown [t:\workspace\open\src\hotspot\share\interpreter\linkResolver.cpp, line 766]
Event: 0.384 Thread 0x0000017d2de3da30 Exception <a 'java/lang/NoSuchMethodError'{0x00000000910cf018}: 'java.lang.Object java.lang.invoke.DirectMethodHandle$Holder.invokeStatic(java.lang.Object, int, java.lang.Object, java.lang.Object, java.lang.Object, java.lang.Object)'> (0x00000000910cf018) 
thrown [t:\workspace\open\src\hotspot\share\interpreter\linkResolver.cpp, line 766]
Event: 0.390 Thread 0x0000017d2de3da30 Exception <a 'java/lang/NoSuchMethodError'{0x00000000910f4a40}: 'java.lang.Object java.lang.invoke.DirectMethodHandle$Holder.invokeStatic(java.lang.Object, int, java.lang.Object)'> (0x00000000910f4a40) 
thrown [t:\workspace\open\src\hotspot\share\interpreter\linkResolver.cpp, line 766]
Event: 0.420 Thread 0x0000017d2de3da30 Exception <a 'java/lang/ClassNotFoundException'{0x0000000090fad268}: com/sun/swing/internal/plaf/metal/resources/spi/metalProvider> (0x0000000090fad268) 
thrown [t:\workspace\open\src\hotspot\share\classfile\systemDictionary.cpp, line 256]
Event: 0.421 Thread 0x0000017d2de3da30 Exception <a 'java/lang/ClassNotFoundException'{0x0000000090fb1070}: com/sun/swing/internal/plaf/basic/resources/spi/basicProvider> (0x0000000090fb1070) 
thrown [t:\workspace\open\src\hotspot\share\classfile\systemDictionary.cpp, line 256]
Event: 0.524 Thread 0x0000017d50fac1f0 Exception <a 'java/lang/NoSuchMethodError'{0x0000000090d4d7d0}: 'java.lang.Object java.lang.invoke.DirectMethodHandle$Holder.newInvokeSpecial(java.lang.Object, java.lang.Object, java.lang.Object, int, int, int, int, int)'> (0x0000000090d4d7d0) 
thrown [t:\workspace\open\src\hotspot\share\interpreter\linkResolver.cpp, line 766]
Event: 0.630 Thread 0x0000017d4c3098b0 Exception <a 'java/lang/NoSuchMethodError'{0x0000000091010288}: 'void java.lang.invoke.DirectMethodHandle$Holder.invokeVirtual(java.lang.Object, java.lang.Object)'> (0x0000000091010288) 
thrown [t:\workspace\open\src\hotspot\share\interpreter\linkResolver.cpp, line 766]
Event: 0.659 Thread 0x0000017d2de3da30 Exception <a 'java/lang/NoSuchMethodError'{0x0000000090b8d040}: 'void java.lang.invoke.DirectMethodHandle$Holder.invokeStaticInit(java.lang.Object)'> (0x0000000090b8d040) 
thrown [t:\workspace\open\src\hotspot\share\interpreter\linkResolver.cpp, line 766]
Event: 4.181 Thread 0x0000017d50fac1f0 Implicit null exception at 0x0000017d3d16ce7c to 0x0000017d3d16ceec
Event: 4.275 Thread 0x0000017d50ff0740 Implicit null exception at 0x0000017d3d169570 to 0x0000017d3d1695dc

VM Operations (20 events):
Event: 14.404 Executing VM operation: Cleanup
Event: 14.404 Executing VM operation: Cleanup done
Event: 15.408 Executing VM operation: Cleanup
Event: 15.408 Executing VM operation: Cleanup done
Event: 16.413 Executing VM operation: Cleanup
Event: 16.413 Executing VM operation: Cleanup done
Event: 17.424 Executing VM operation: Cleanup
Event: 17.424 Executing VM operation: Cleanup done
Event: 18.428 Executing VM operation: Cleanup
Event: 18.428 Executing VM operation: Cleanup done
Event: 19.439 Executing VM operation: Cleanup
Event: 19.439 Executing VM operation: Cleanup done
Event: 20.450 Executing VM operation: Cleanup
Event: 20.450 Executing VM operation: Cleanup done
Event: 22.479 Executing VM operation: Cleanup
Event: 22.479 Executing VM operation: Cleanup done
Event: 23.493 Executing VM operation: Cleanup
Event: 23.493 Executing VM operation: Cleanup done
Event: 24.507 Executing VM operation: Cleanup
Event: 24.507 Executing VM operation: Cleanup done

Events (20 events):
Event: 8.635 loading class javax/swing/JComponent$KeyboardState done
Event: 8.635 loading class javax/swing/JComponent$IntVector
Event: 8.635 loading class javax/swing/JComponent$IntVector done
Event: 8.636 loading class javax/swing/JMenuBar
Event: 8.636 loading class javax/swing/JMenuBar done
Event: 8.636 loading class javax/swing/Popup$HeavyWeightWindow
Event: 8.636 loading class sun/awt/ModalExclude
Event: 8.636 loading class sun/awt/ModalExclude done
Event: 8.636 loading class javax/swing/JWindow
Event: 8.637 loading class javax/swing/JWindow done
Event: 8.637 loading class javax/swing/Popup$HeavyWeightWindow done
Event: 8.704 loading class javax/swing/JComponent$ActionStandin
Event: 8.704 loading class javax/swing/JComponent$ActionStandin done
Event: 8.707 loading class javax/swing/JLayer
Event: 8.707 loading class javax/swing/JLayer done
Event: 8.708 loading class javax/swing/RepaintManager$3
Event: 8.708 loading class javax/swing/RepaintManager$3 done
Event: 9.193 Thread 0x0000017d50fac1f0 Thread exited: 0x0000017d50fac1f0
Event: 13.737 loading class javax/swing/Autoscroller
Event: 13.737 loading class javax/swing/Autoscroller done


Dynamic libraries:
0x00007ff6e2670000 - 0x00007ff6e2680000 	C:\Program Files\Java\jdk-17\bin\java.exe
0x00007ffe81ad0000 - 0x00007ffe81cc8000 	C:\WINDOWS\SYSTEM32\ntdll.dll
0x00007ffe817f0000 - 0x00007ffe818af000 	C:\WINDOWS\System32\KERNEL32.DLL
0x00007ffe7f260000 - 0x00007ffe7f556000 	C:\WINDOWS\System32\KERNELBASE.dll
0x00007ffe7fa30000 - 0x00007ffe7fb30000 	C:\WINDOWS\System32\ucrtbase.dll
0x00007ffe742b0000 - 0x00007ffe742ca000 	C:\Program Files\Java\jdk-17\bin\VCRUNTIME140.dll
0x00007ffe5e350000 - 0x00007ffe5e368000 	C:\Program Files\Java\jdk-17\bin\jli.dll
0x00007ffe811f0000 - 0x00007ffe8129f000 	C:\WINDOWS\System32\ADVAPI32.dll
0x00007ffe80ed0000 - 0x00007ffe80f6e000 	C:\WINDOWS\System32\msvcrt.dll
0x00007ffe810d0000 - 0x00007ffe8116c000 	C:\WINDOWS\System32\sechost.dll
0x00007ffe80f80000 - 0x00007ffe810a6000 	C:\WINDOWS\System32\RPCRT4.dll
0x00007ffe80160000 - 0x00007ffe802fd000 	C:\WINDOWS\System32\USER32.dll
0x00007ffe7f5b0000 - 0x00007ffe7f5d2000 	C:\WINDOWS\System32\win32u.dll
0x00007ffe803b0000 - 0x00007ffe803dc000 	C:\WINDOWS\System32\GDI32.dll
0x00007ffe7f910000 - 0x00007ffe7fa25000 	C:\WINDOWS\System32\gdi32full.dll
0x00007ffe7f870000 - 0x00007ffe7f90d000 	C:\WINDOWS\System32\msvcp_win.dll
0x00007ffe681d0000 - 0x00007ffe6846a000 	C:\WINDOWS\WinSxS\amd64_microsoft.windows.common-controls_6595b64144ccf1df_6.0.19041.1110_none_60b5254171f9507e\COMCTL32.dll
0x00007ffe77bf0000 - 0x00007ffe77bfa000 	C:\WINDOWS\SYSTEM32\VERSION.dll
0x00007ffe80ea0000 - 0x00007ffe80ed0000 	C:\WINDOWS\System32\IMM32.DLL
0x00007ffe7a0f0000 - 0x00007ffe7a0fc000 	C:\Program Files\Java\jdk-17\bin\vcruntime140_1.dll
0x00007ffe5fd20000 - 0x00007ffe5fdad000 	C:\Program Files\Java\jdk-17\bin\msvcp140.dll
0x00007ffe64340000 - 0x00007ffe64efe000 	C:\Program Files\Java\jdk-17\bin\server\jvm.dll
0x00007ffe800f0000 - 0x00007ffe800f8000 	C:\WINDOWS\System32\PSAPI.DLL
0x00007ffe71c90000 - 0x00007ffe71cb7000 	C:\WINDOWS\SYSTEM32\WINMM.dll
0x00007ffe6aea0000 - 0x00007ffe6aea9000 	C:\WINDOWS\SYSTEM32\WSOCK32.dll
0x00007ffe7fb30000 - 0x00007ffe7fb9b000 	C:\WINDOWS\System32\WS2_32.dll
0x00007ffe7d9f0000 - 0x00007ffe7da02000 	C:\WINDOWS\SYSTEM32\kernel.appcore.dll
0x00007ffe63480000 - 0x00007ffe6348a000 	C:\Program Files\Java\jdk-17\bin\jimage.dll
0x00007ffe7cd80000 - 0x00007ffe7cf64000 	C:\WINDOWS\SYSTEM32\DBGHELP.DLL
0x00007ffe72860000 - 0x00007ffe72894000 	C:\WINDOWS\SYSTEM32\dbgcore.DLL
0x00007ffe7f7b0000 - 0x00007ffe7f832000 	C:\WINDOWS\System32\bcryptPrimitives.dll
0x00007ffe63450000 - 0x00007ffe63475000 	C:\Program Files\Java\jdk-17\bin\java.dll
0x00007ffe632d0000 - 0x00007ffe633a6000 	C:\Program Files\Java\jdk-17\bin\svml.dll
0x00007ffe80740000 - 0x00007ffe80e84000 	C:\WINDOWS\System32\SHELL32.dll
0x00007ffe7d240000 - 0x00007ffe7d9d3000 	C:\WINDOWS\SYSTEM32\windows.storage.dll
0x00007ffe803e0000 - 0x00007ffe80734000 	C:\WINDOWS\System32\combase.dll
0x00007ffe7eb90000 - 0x00007ffe7ebbe000 	C:\WINDOWS\SYSTEM32\Wldp.dll
0x00007ffe80300000 - 0x00007ffe803ad000 	C:\WINDOWS\System32\SHCORE.dll
0x00007ffe7fd50000 - 0x00007ffe7fda5000 	C:\WINDOWS\System32\shlwapi.dll
0x00007ffe7f0f0000 - 0x00007ffe7f10f000 	C:\WINDOWS\SYSTEM32\profapi.dll
0x00007ffe63120000 - 0x00007ffe63139000 	C:\Program Files\Java\jdk-17\bin\net.dll
0x00007ffe7a5a0000 - 0x00007ffe7a6aa000 	C:\WINDOWS\SYSTEM32\WINHTTP.dll
0x00007ffe7e8f0000 - 0x00007ffe7e95a000 	C:\WINDOWS\system32\mswsock.dll
0x00007ffe63100000 - 0x00007ffe63115000 	C:\Program Files\Java\jdk-17\bin\nio.dll
0x00007ffe63030000 - 0x00007ffe63048000 	C:\Program Files\Java\jdk-17\bin\zip.dll
0x00007ffe4c110000 - 0x00007ffe4c29f000 	C:\Program Files\Java\jdk-17\bin\awt.dll
0x00007ffe7fe40000 - 0x00007ffe7ff0d000 	C:\WINDOWS\System32\OLEAUT32.dll
0x00007ffe7c520000 - 0x00007ffe7c5b1000 	C:\WINDOWS\SYSTEM32\apphelp.dll
0x00007ffe7c7f0000 - 0x00007ffe7c81f000 	C:\WINDOWS\system32\DWMAPI.DLL
0x00007ffe7c6c0000 - 0x00007ffe7c75e000 	C:\WINDOWS\system32\uxtheme.dll
0x00007ffe1f1f0000 - 0x00007ffe1f315000 	C:\WINDOWS\system32\opengl32.dll
0x00007ffe1f1a0000 - 0x00007ffe1f1cc000 	C:\WINDOWS\SYSTEM32\GLU32.dll
0x00007ffe7ff10000 - 0x00007ffe80024000 	C:\WINDOWS\System32\MSCTF.dll
0x00007ffe818b0000 - 0x00007ffe819da000 	C:\WINDOWS\System32\ole32.dll
0x00007ffe03f50000 - 0x00007ffe0411d000 	C:\WINDOWS\system32\d3d9.dll
0x00007ffe71cc0000 - 0x00007ffe71e9b000 	C:\WINDOWS\System32\DriverStore\FileRepository\u0369254.inf_amd64_6f1e9c11bbc40f12\B369275\aticfx64.dll
0x00007ffe4fba0000 - 0x00007ffe4fbd3000 	C:\WINDOWS\System32\DriverStore\FileRepository\u0369254.inf_amd64_6f1e9c11bbc40f12\B369275\atiu9p64.dll
0x00007ffdfb9f0000 - 0x00007ffdfc74a000 	C:\WINDOWS\System32\DriverStore\FileRepository\u0369254.inf_amd64_6f1e9c11bbc40f12\B369275\atiumd64.dll
0x000000006ca10000 - 0x000000006d8db000 	C:\WINDOWS\System32\DriverStore\FileRepository\u0369254.inf_amd64_6f1e9c11bbc40f12\B369275\atiumd6a.dll
0x00007ffe7ec20000 - 0x00007ffe7ec6b000 	C:\WINDOWS\SYSTEM32\POWRPROF.dll
0x00007ffe7ebc0000 - 0x00007ffe7ebd2000 	C:\WINDOWS\SYSTEM32\UMPDC.dll
0x00007ffe6fcc0000 - 0x00007ffe6fcf0000 	C:\WINDOWS\SYSTEM32\amdihk64.dll
0x00007ffe727f0000 - 0x00007ffe7282b000 	C:\WINDOWS\SYSTEM32\dxcore.dll
0x00007ffe7f560000 - 0x00007ffe7f5ae000 	C:\WINDOWS\System32\cfgmgr32.dll
0x00007ffe60dc0000 - 0x00007ffe60ded000 	C:\Program Files\Java\jdk-17\bin\javajpeg.dll
0x00007ffe5f9b0000 - 0x00007ffe5fa39000 	C:\Program Files\Java\jdk-17\bin\freetype.dll
0x00007ffe5e440000 - 0x00007ffe5e4e8000 	C:\Program Files\Java\jdk-17\bin\fontmanager.dll
0x00007ffe819e0000 - 0x00007ffe81a89000 	C:\WINDOWS\System32\clbcatq.dll
0x00007ffe734d0000 - 0x00007ffe73684000 	C:\WINDOWS\SYSTEM32\WindowsCodecs.dll
0x00007ffe7f840000 - 0x00007ffe7f867000 	C:\WINDOWS\System32\bcrypt.dll
0x00007ffe57b90000 - 0x00007ffe57bce000 	C:\WINDOWS\system32\dataexchange.dll
0x00007ffe7b1f0000 - 0x00007ffe7b453000 	C:\WINDOWS\system32\d3d11.dll
0x00007ffe7ba20000 - 0x00007ffe7bc03000 	C:\WINDOWS\system32\dcomp.dll
0x00007ffe7da60000 - 0x00007ffe7db53000 	C:\WINDOWS\system32\dxgi.dll
0x00007ffe78440000 - 0x00007ffe78647000 	C:\WINDOWS\system32\twinapi.appcore.dll
0x00007ffe6a2a0000 - 0x00007ffe6a399000 	C:\WINDOWS\SYSTEM32\textinputframework.dll
0x00007ffe7c2f0000 - 0x00007ffe7c3e2000 	C:\WINDOWS\System32\CoreMessaging.dll
0x00007ffe7bc10000 - 0x00007ffe7bf6e000 	C:\WINDOWS\System32\CoreUIComponents.dll
0x00007ffe7ac30000 - 0x00007ffe7ad84000 	C:\WINDOWS\SYSTEM32\wintypes.dll
0x00007ffe7e330000 - 0x00007ffe7e363000 	C:\WINDOWS\SYSTEM32\ntmarta.dll
0x00007ffe57c00000 - 0x00007ffe57c66000 	C:\WINDOWS\system32\Oleacc.dll
0x00007ffe74880000 - 0x00007ffe74890000 	C:\Program Files\Java\jdk-17\bin\verify.dll

dbghelp: loaded successfully - version: 4.0.5 - missing functions: none
symbol engine: initialized successfully - sym options: 0x614 - pdb path: .;C:\Program Files\Java\jdk-17\bin;C:\WINDOWS\SYSTEM32;C:\WINDOWS\WinSxS\amd64_microsoft.windows.common-controls_6595b64144ccf1df_6.0.19041.1110_none_60b5254171f9507e;C:\Program Files\Java\jdk-17\bin\server;C:\WINDOWS\System32\DriverStore\FileRepository\u0369254.inf_amd64_6f1e9c11bbc40f12\B369275

VM Arguments:
jvm_args: -Dfile.encoding=UTF-8 --module-path=D:\NetBeansProjects\BankManagementSystem\build\classes 
java_command: bankmanagementsystem.Login
java_class_path (initial): D:\NetBeansProjects\jcalendar-tz-1.3.3-4.jar;D:\NetBeansProjects\Eatry\dist\lib\mysql-connector-java-8.0.26.jar;D:\NetBeansProjects\BankManagementSystem\build\classes
Launcher Type: SUN_STANDARD

[Global flags]
     intx CICompilerCount                          = 3                                         {product} {ergonomic}
     uint ConcGCThreads                            = 2                                         {product} {ergonomic}
     uint G1ConcRefinementThreads                  = 6                                         {product} {ergonomic}
   size_t G1HeapRegionSize                         = 1048576                                   {product} {ergonomic}
    uintx GCDrainStackTargetSize                   = 64                                        {product} {ergonomic}
   size_t InitialHeapSize                          = 125829120                                 {product} {ergonomic}
   size_t MarkStackSize                            = 4194304                                   {product} {ergonomic}
   size_t MaxHeapSize                              = 1983905792                                {product} {ergonomic}
   size_t MaxNewSize                               = 1190133760                                {product} {ergonomic}
   size_t MinHeapDeltaBytes                        = 1048576                                   {product} {ergonomic}
   size_t MinHeapSize                              = 8388608                                   {product} {ergonomic}
    uintx NonNMethodCodeHeapSize                   = 5832780                                {pd product} {ergonomic}
    uintx NonProfiledCodeHeapSize                  = 122912730                              {pd product} {ergonomic}
    uintx ProfiledCodeHeapSize                     = 122912730                              {pd product} {ergonomic}
    uintx ReservedCodeCacheSize                    = 251658240                              {pd product} {ergonomic}
     bool SegmentedCodeCache                       = true                                      {product} {ergonomic}
   size_t SoftMaxHeapSize                          = 1983905792                             {manageable} {ergonomic}
     bool UseCompressedClassPointers               = true                           {product lp64_product} {ergonomic}
     bool UseCompressedOops                        = true                           {product lp64_product} {ergonomic}
     bool UseG1GC                                  = true                                      {product} {ergonomic}
     bool UseLargePagesIndividualAllocation        = false                                  {pd product} {ergonomic}

Logging:
Log output configuration:
 #0: stdout all=warning uptime,level,tags
 #1: stderr all=off uptime,level,tags

Environment Variables:
JAVA_HOME=C:\Program Files\Amazon Corretto\jdk11.0.11_9
CLASSPATH=C:\Program Files\Apache Software Foundation\Tomcat 9.0\lib\servlet-api.jar;
PATH=C:\Program Files\Eclipse Adoptium\jdk-17.0.6.10-hotspot\bin;C:\Program Files\Microsoft\jdk-11.0.12.7-hotspot\bin;C:\oraclexe\app\oracle\product\11.2.0\server\bin;C:\Program Files\Common Files\Oracle\Java\javapath;C:\Program Files (x86)\Common Files\Oracle\Java\javapath;C:\Program Files\Amazon Corretto\jdk11.0.11_9\bin;C:\WINDOWS\system32;C:\WINDOWS;C:\WINDOWS\System32\Wbem;C:\WINDOWS\System32\WindowsPowerShell\v1.0\;C:\WINDOWS\System32\OpenSSH\;C:\Program Files\mingw-w64\mingw64\bin;C:\Program Files\MATLAB\R2022b\bin;C:\Program Files\Polyspace\R2019a\runtime\win64;C:\Program Files\Polyspace\R2019a\bin;C:\Program Files\Polyspace\R2019a\polyspace\bin;C:\Program Files\Microsoft SQL Server\130\Tools\Binn\;C:\MinGW\bin;C:\Program Files\dotnet\;C:\Program Files\Microsoft SQL Server\Client SDK\ODBC\170\Tools\Binn\;C:\MinGW\bin;C:\Program Files\Git\cmd;C:\Program Files\nodejs\;C:\Program Files\Java\jdk-17\bin;C:\Program Files\Microsoft SQL Server\150\Tools\Binn\;C:\Users\sanur\AppData\Local\Microsoft\WindowsApps;C:\Users\sanur\.dotnet\tools;C:\Users\sanur\AppData\Local\Programs\Microsoft VS Code\bin;C:\Users\sanur\AppData\Roaming\npm;C:\Users\sanur\AppData\Local\GitHubDesktop\bin
USERNAME=sanur
OS=Windows_NT
PROCESSOR_IDENTIFIER=AMD64 Family 23 Model 96 Stepping 1, AuthenticAMD



---------------  S Y S T E M  ---------------

OS:
 Windows 10 , 64 bit Build 19041 (10.0.19041.3031)
OS uptime: 2 days 11:45 hours

CPU: total 6 (initial active 6) (6 cores per cpu, 1 threads per core) family 23 model 96 stepping 1 microcode 0x0, cx8, cmov, fxsr, mmx, 3dnowpref, sse, sse2, sse3, ssse3, sse4a, sse4.1, sse4.2, popcnt, lzcnt, tsc, tscinvbit, avx, avx2, aes, clmul, bmi1, bmi2, adx, sha, fma, vzeroupper, clflush, clflushopt

Memory: 4k page, system-wide physical 7564M (1230M free)
TotalPageFile size 28227M (AvailPageFile size 0M)
current process WorkingSet (physical memory assigned to process): 119M, peak: 123M
current process commit charge ("private bytes"): 273M, peak: 280M

vm_info: Java HotSpot(TM) 64-Bit Server VM (17+35-LTS-2724) for windows-amd64 JRE (17+35-LTS-2724), built on Aug  5 2021 23:28:28 by "mach5one" with MS VC++ 16.8 (VS2019)

END.
