#
# There is insufficient memory for the Java Runtime Environment to continue.
# Native memory allocation (malloc) failed to allocate 32744 bytes for ChunkPool::allocate
# Possible reasons:
#   The system is out of physical RAM or swap space
#   The process is running with CompressedOops enabled, and the Java Heap may be blocking the growth of the native heap
# Possible solutions:
#   Reduce memory load on the system
#   Increase physical memory or swap space
#   Check if swap backing store is full
#   Decrease Java heap size (-Xmx/-Xms)
#   Decrease number of Java threads
#   Decrease Java thread stack sizes (-Xss)
#   Set larger code cache with -XX:ReservedCodeCacheSize=
#   JVM is running with Unscaled Compressed Oops mode in which the Java heap is
#     placed in the first 4GB address space. The Java Heap base address is the
#     maximum limit for the native heap growth. Please use -XX:HeapBaseMinAddress
#     to set the Java Heap base and to place the Java Heap above 4GB virtual address.
# This output file may be truncated or incomplete.
#
#  Out of Memory Error (arena.cpp:78), pid=22780, tid=29340
#
# JRE version: Java(TM) SE Runtime Environment (17.0+35) (build 17+35-LTS-2724)
# Java VM: Java HotSpot(TM) 64-Bit Server VM (17+35-LTS-2724, mixed mode, sharing, tiered, compressed oops, compressed class ptrs, g1 gc, windows-amd64)
# No core dump will be written. Minidumps are not enabled by default on client versions of Windows
#

---------------  S U M M A R Y ------------

Command Line: -Dfile.encoding=UTF-8 --module-path=D:\NetBeansProjects\BankManagementSystem\build\classes bankmanagementsystem.SignUp

Host: AMD Ryzen 5 4500U with Radeon Graphics         , 6 cores, 7G,  Windows 10 , 64 bit Build 19041 (10.0.19041.2913)
Time: Wed Jun 14 21:17:32 2023 India Standard Time elapsed time: 0.749014 seconds (0d 0h 0m 0s)

---------------  T H R E A D  ---------------

Current thread (0x0000025e72274440):  JavaThread "C2 CompilerThread0" daemon [_thread_in_native, id=29340, stack(0x0000008bba600000,0x0000008bba700000)]


Current CompileTask:
C2:    749  952   !   4       sun.font.TrueTypeFont::getTableBuffer (199 bytes)

Stack: [0x0000008bba600000,0x0000008bba700000]
Native frames: (J=compiled Java code, j=interpreted, Vv=VM code, C=native code)
V  [jvm.dll+0x66f8ea]
V  [jvm.dll+0x7ce224]
V  [jvm.dll+0x7cf9ce]
V  [jvm.dll+0x7d0033]
V  [jvm.dll+0x242bb5]
V  [jvm.dll+0xaa2a0]
V  [jvm.dll+0xaa5ec]
V  [jvm.dll+0x64f42f]
V  [jvm.dll+0x785bb]
V  [jvm.dll+0x64c9ae]
V  [jvm.dll+0x68428d]
V  [jvm.dll+0x687c84]
V  [jvm.dll+0x67fcab]
V  [jvm.dll+0x67f2e7]
V  [jvm.dll+0x67d1e2]
V  [jvm.dll+0x1a48dc]
V  [jvm.dll+0x1a5526]
V  [jvm.dll+0x2a8724]
V  [jvm.dll+0x687cab]
V  [jvm.dll+0x67fcab]
V  [jvm.dll+0x67f2e7]
V  [jvm.dll+0x67d1e2]
V  [jvm.dll+0x1a48dc]
V  [jvm.dll+0x1a5526]
V  [jvm.dll+0x2a8724]
V  [jvm.dll+0x687cab]
V  [jvm.dll+0x67fcab]
V  [jvm.dll+0x67f2e7]
V  [jvm.dll+0x67d1e2]
V  [jvm.dll+0x1a48dc]
V  [jvm.dll+0x1a5526]
V  [jvm.dll+0x2a8724]
V  [jvm.dll+0x687cab]
V  [jvm.dll+0x67fcab]
V  [jvm.dll+0x67f2e7]
V  [jvm.dll+0x67d1e2]
V  [jvm.dll+0x1a48dc]
V  [jvm.dll+0x1a5526]
V  [jvm.dll+0x2a8724]
V  [jvm.dll+0x687cab]
V  [jvm.dll+0x67fcab]
V  [jvm.dll+0x67f2e7]
V  [jvm.dll+0x67d1e2]
V  [jvm.dll+0x1a48dc]
V  [jvm.dll+0x1a5526]
V  [jvm.dll+0x2a8724]
V  [jvm.dll+0x687cab]
V  [jvm.dll+0x67fcab]
V  [jvm.dll+0x67f2e7]
V  [jvm.dll+0x67d1e2]
V  [jvm.dll+0x1a48dc]
V  [jvm.dll+0x1a5526]
V  [jvm.dll+0x2a8724]
V  [jvm.dll+0x687cab]
V  [jvm.dll+0x67fcab]
V  [jvm.dll+0x67f2e7]
V  [jvm.dll+0x67d1e2]
V  [jvm.dll+0x1a48dc]
V  [jvm.dll+0x1a5526]
V  [jvm.dll+0x2a8724]
V  [jvm.dll+0x687cab]
V  [jvm.dll+0x67fcab]
V  [jvm.dll+0x67f2e7]
V  [jvm.dll+0x67d1e2]
V  [jvm.dll+0x1a48dc]
V  [jvm.dll+0x2a8724]
V  [jvm.dll+0x687cab]
V  [jvm.dll+0x67fcab]
V  [jvm.dll+0x67f2e7]
V  [jvm.dll+0x67d1e2]
V  [jvm.dll+0x1a48dc]
V  [jvm.dll+0x1a5526]
V  [jvm.dll+0x2a8724]
V  [jvm.dll+0x687cab]
V  [jvm.dll+0x67fcab]
V  [jvm.dll+0x67f2e7]
V  [jvm.dll+0x67d1e2]
V  [jvm.dll+0x1a48dc]
V  [jvm.dll+0x2a8724]
V  [jvm.dll+0x687cab]
V  [jvm.dll+0x67fcab]
V  [jvm.dll+0x67f2e7]
V  [jvm.dll+0x67d1e2]
V  [jvm.dll+0x1a48dc]
V  [jvm.dll+0x2a8724]
V  [jvm.dll+0x687cab]
V  [jvm.dll+0x67fcab]
V  [jvm.dll+0x67f2e7]
V  [jvm.dll+0x67d1e2]
V  [jvm.dll+0x1a48dc]
V  [jvm.dll+0x1a5526]
V  [jvm.dll+0x2a8724]
V  [jvm.dll+0x687cab]
V  [jvm.dll+0x67fcab]
V  [jvm.dll+0x67f2e7]
V  [jvm.dll+0x67d1e2]
V  [jvm.dll+0x1a48dc]
V  [jvm.dll+0x214cc8]
V  [jvm.dll+0x1a168d]
...<more frames>...


---------------  P R O C E S S  ---------------

Threads class SMR info:
_java_thread_list=0x0000025e7584ccd0, length=18, elements={
0x0000025e72256510, 0x0000025e72257180, 0x0000025e72269e50, 0x0000025e7226b970,
0x0000025e7226c320, 0x0000025e7226d470, 0x0000025e72274440, 0x0000025e72279970,
0x0000025e722a9e70, 0x0000025e7224c840, 0x0000025e72de98c0, 0x0000025e72fe65c0,
0x0000025e72e7a400, 0x0000025e72e7a8d0, 0x0000025e7575f540, 0x0000025e52bbdc10,
0x0000025e75706320, 0x0000025e75837800
}

Java Threads: ( => current thread )
  0x0000025e72256510 JavaThread "Reference Handler" daemon [_thread_blocked, id=15712, stack(0x0000008bba000000,0x0000008bba100000)]
  0x0000025e72257180 JavaThread "Finalizer" daemon [_thread_blocked, id=21168, stack(0x0000008bba100000,0x0000008bba200000)]
  0x0000025e72269e50 JavaThread "Signal Dispatcher" daemon [_thread_blocked, id=29752, stack(0x0000008bba200000,0x0000008bba300000)]
  0x0000025e7226b970 JavaThread "Attach Listener" daemon [_thread_blocked, id=29748, stack(0x0000008bba300000,0x0000008bba400000)]
  0x0000025e7226c320 JavaThread "Service Thread" daemon [_thread_blocked, id=21992, stack(0x0000008bba400000,0x0000008bba500000)]
  0x0000025e7226d470 JavaThread "Monitor Deflation Thread" daemon [_thread_blocked, id=27676, stack(0x0000008bba500000,0x0000008bba600000)]
=>0x0000025e72274440 JavaThread "C2 CompilerThread0" daemon [_thread_in_native, id=29340, stack(0x0000008bba600000,0x0000008bba700000)]
  0x0000025e72279970 JavaThread "C1 CompilerThread0" daemon [_thread_blocked, id=27248, stack(0x0000008bba700000,0x0000008bba800000)]
  0x0000025e722a9e70 JavaThread "Sweeper thread" daemon [_thread_blocked, id=30308, stack(0x0000008bba800000,0x0000008bba900000)]
  0x0000025e7224c840 JavaThread "Common-Cleaner" daemon [_thread_blocked, id=24884, stack(0x0000008bba900000,0x0000008bbaa00000)]
  0x0000025e72de98c0 JavaThread "Notification Thread" daemon [_thread_blocked, id=2672, stack(0x0000008bbaa00000,0x0000008bbab00000)]
  0x0000025e72fe65c0 JavaThread "Java2D Disposer" daemon [_thread_blocked, id=14524, stack(0x0000008bbac00000,0x0000008bbad00000)]
  0x0000025e72e7a400 JavaThread "AWT-Shutdown" [_thread_blocked, id=23332, stack(0x0000008bbad00000,0x0000008bbae00000)]
  0x0000025e72e7a8d0 JavaThread "AWT-Windows" daemon [_thread_in_native, id=29556, stack(0x0000008bbae00000,0x0000008bbaf00000)]
  0x0000025e7575f540 JavaThread "AWT-EventQueue-0" [_thread_in_vm, id=25616, stack(0x0000008bbb900000,0x0000008bbba00000)]
  0x0000025e52bbdc10 JavaThread "DestroyJavaVM" [_thread_blocked, id=2508, stack(0x0000008bb9900000,0x0000008bb9a00000)]
  0x0000025e75706320 JavaThread "D3D Screen Updater" daemon [_thread_blocked, id=29976, stack(0x0000008bbba00000,0x0000008bbbb00000)]
  0x0000025e75837800 JavaThread "C2 CompilerThread1" daemon [_thread_in_vm, id=25216, stack(0x0000008bbbb00000,0x0000008bbbc00000)]

Other Threads:
  0x0000025e722515b0 VMThread "VM Thread" [stack: 0x0000008bb9f00000,0x0000008bba000000] [id=15716]
  0x0000025e72da0600 WatcherThread [stack: 0x0000008bbab00000,0x0000008bbac00000] [id=9416]
  0x0000025e52bfa160 GCTaskThread "GC Thread#0" [stack: 0x0000008bb9a00000,0x0000008bb9b00000] [id=2872]
  0x0000025e52c09d20 ConcurrentGCThread "G1 Main Marker" [stack: 0x0000008bb9b00000,0x0000008bb9c00000] [id=13368]
  0x0000025e52c0bee0 ConcurrentGCThread "G1 Conc#0" [stack: 0x0000008bb9c00000,0x0000008bb9d00000] [id=1316]
  0x0000025e52c7ae80 ConcurrentGCThread "G1 Refine#0" [stack: 0x0000008bb9d00000,0x0000008bb9e00000] [id=25960]
  0x0000025e52c7b8a0 ConcurrentGCThread "G1 Service" [stack: 0x0000008bb9e00000,0x0000008bb9f00000] [id=22812]

Threads with active compile tasks:
C2 CompilerThread0      790  952   !   4       sun.font.TrueTypeFont::getTableBuffer (199 bytes)
C1 CompilerThread0      790  969       3       java.nio.ByteBufferAsCharBufferB::get (30 bytes)
C2 CompilerThread1      791  971       4       java.nio.Buffer::nextGetIndex (30 bytes)

VM state: not at safepoint (normal execution)

VM Mutex/Monitor currently owned by a thread: None

Heap address: 0x0000000089c00000, size: 1892 MB, Compressed Oops mode: 32-bit

CDS archive(s) mapped at: [0x0000000800000000-0x0000000800bc0000-0x0000000800bc0000), size 12320768, SharedBaseAddress: 0x0000000800000000, ArchiveRelocationMode: 0.
Compressed class space mapped at: 0x0000000800c00000-0x0000000840c00000, reserved size: 1073741824
Narrow klass base: 0x0000000800000000, Narrow klass shift: 0, Narrow klass range: 0x100000000

GC Precious Log:
 CPUs: 6 total, 6 available
 Memory: 7564M
 Large Page Support: Disabled
 NUMA Support: Disabled
 Compressed Oops: Enabled (32-bit)
 Heap Region Size: 1M
 Heap Min Capacity: 8M
 Heap Initial Capacity: 120M
 Heap Max Capacity: 1892M
 Pre-touch: Disabled
 Parallel Workers: 6
 Concurrent Workers: 2
 Concurrent Refinement Workers: 6
 Periodic GC: Disabled

Heap:
 garbage-first heap   total 122880K, used 14336K [0x0000000089c00000, 0x0000000100000000)
  region size 1024K, 15 young (15360K), 0 survivors (0K)
 Metaspace       used 6056K, committed 6272K, reserved 1056768K
  class space    used 649K, committed 768K, reserved 1048576K

Heap Regions: E=young(eden), S=young(survivor), O=old, HS=humongous(starts), HC=humongous(continues), CS=collection set, F=free, OA=open archive, CA=closed archive, TAMS=top-at-mark-start (previous, next)
|   0|0x0000000089c00000, 0x0000000089c00000, 0x0000000089d00000|  0%| F|  |TAMS 0x0000000089c00000, 0x0000000089c00000| Untracked 
|   1|0x0000000089d00000, 0x0000000089d00000, 0x0000000089e00000|  0%| F|  |TAMS 0x0000000089d00000, 0x0000000089d00000| Untracked 
|   2|0x0000000089e00000, 0x0000000089e00000, 0x0000000089f00000|  0%| F|  |TAMS 0x0000000089e00000, 0x0000000089e00000| Untracked 
|   3|0x0000000089f00000, 0x0000000089f00000, 0x000000008a000000|  0%| F|  |TAMS 0x0000000089f00000, 0x0000000089f00000| Untracked 
|   4|0x000000008a000000, 0x000000008a000000, 0x000000008a100000|  0%| F|  |TAMS 0x000000008a000000, 0x000000008a000000| Untracked 
|   5|0x000000008a100000, 0x000000008a100000, 0x000000008a200000|  0%| F|  |TAMS 0x000000008a100000, 0x000000008a100000| Untracked 
|   6|0x000000008a200000, 0x000000008a200000, 0x000000008a300000|  0%| F|  |TAMS 0x000000008a200000, 0x000000008a200000| Untracked 
|   7|0x000000008a300000, 0x000000008a300000, 0x000000008a400000|  0%| F|  |TAMS 0x000000008a300000, 0x000000008a300000| Untracked 
|   8|0x000000008a400000, 0x000000008a400000, 0x000000008a500000|  0%| F|  |TAMS 0x000000008a400000, 0x000000008a400000| Untracked 
|   9|0x000000008a500000, 0x000000008a500000, 0x000000008a600000|  0%| F|  |TAMS 0x000000008a500000, 0x000000008a500000| Untracked 
|  10|0x000000008a600000, 0x000000008a600000, 0x000000008a700000|  0%| F|  |TAMS 0x000000008a600000, 0x000000008a600000| Untracked 
|  11|0x000000008a700000, 0x000000008a700000, 0x000000008a800000|  0%| F|  |TAMS 0x000000008a700000, 0x000000008a700000| Untracked 
|  12|0x000000008a800000, 0x000000008a800000, 0x000000008a900000|  0%| F|  |TAMS 0x000000008a800000, 0x000000008a800000| Untracked 
|  13|0x000000008a900000, 0x000000008a900000, 0x000000008aa00000|  0%| F|  |TAMS 0x000000008a900000, 0x000000008a900000| Untracked 
|  14|0x000000008aa00000, 0x000000008aa00000, 0x000000008ab00000|  0%| F|  |TAMS 0x000000008aa00000, 0x000000008aa00000| Untracked 
|  15|0x000000008ab00000, 0x000000008ab00000, 0x000000008ac00000|  0%| F|  |TAMS 0x000000008ab00000, 0x000000008ab00000| Untracked 
|  16|0x000000008ac00000, 0x000000008ac00000, 0x000000008ad00000|  0%| F|  |TAMS 0x000000008ac00000, 0x000000008ac00000| Untracked 
|  17|0x000000008ad00000, 0x000000008ad00000, 0x000000008ae00000|  0%| F|  |TAMS 0x000000008ad00000, 0x000000008ad00000| Untracked 
|  18|0x000000008ae00000, 0x000000008ae00000, 0x000000008af00000|  0%| F|  |TAMS 0x000000008ae00000, 0x000000008ae00000| Untracked 
|  19|0x000000008af00000, 0x000000008af00000, 0x000000008b000000|  0%| F|  |TAMS 0x000000008af00000, 0x000000008af00000| Untracked 
|  20|0x000000008b000000, 0x000000008b000000, 0x000000008b100000|  0%| F|  |TAMS 0x000000008b000000, 0x000000008b000000| Untracked 
|  21|0x000000008b100000, 0x000000008b100000, 0x000000008b200000|  0%| F|  |TAMS 0x000000008b100000, 0x000000008b100000| Untracked 
|  22|0x000000008b200000, 0x000000008b200000, 0x000000008b300000|  0%| F|  |TAMS 0x000000008b200000, 0x000000008b200000| Untracked 
|  23|0x000000008b300000, 0x000000008b300000, 0x000000008b400000|  0%| F|  |TAMS 0x000000008b300000, 0x000000008b300000| Untracked 
|  24|0x000000008b400000, 0x000000008b400000, 0x000000008b500000|  0%| F|  |TAMS 0x000000008b400000, 0x000000008b400000| Untracked 
|  25|0x000000008b500000, 0x000000008b500000, 0x000000008b600000|  0%| F|  |TAMS 0x000000008b500000, 0x000000008b500000| Untracked 
|  26|0x000000008b600000, 0x000000008b600000, 0x000000008b700000|  0%| F|  |TAMS 0x000000008b600000, 0x000000008b600000| Untracked 
|  27|0x000000008b700000, 0x000000008b700000, 0x000000008b800000|  0%| F|  |TAMS 0x000000008b700000, 0x000000008b700000| Untracked 
|  28|0x000000008b800000, 0x000000008b800000, 0x000000008b900000|  0%| F|  |TAMS 0x000000008b800000, 0x000000008b800000| Untracked 
|  29|0x000000008b900000, 0x000000008b900000, 0x000000008ba00000|  0%| F|  |TAMS 0x000000008b900000, 0x000000008b900000| Untracked 
|  30|0x000000008ba00000, 0x000000008ba00000, 0x000000008bb00000|  0%| F|  |TAMS 0x000000008ba00000, 0x000000008ba00000| Untracked 
|  31|0x000000008bb00000, 0x000000008bb00000, 0x000000008bc00000|  0%| F|  |TAMS 0x000000008bb00000, 0x000000008bb00000| Untracked 
|  32|0x000000008bc00000, 0x000000008bc00000, 0x000000008bd00000|  0%| F|  |TAMS 0x000000008bc00000, 0x000000008bc00000| Untracked 
|  33|0x000000008bd00000, 0x000000008bd00000, 0x000000008be00000|  0%| F|  |TAMS 0x000000008bd00000, 0x000000008bd00000| Untracked 
|  34|0x000000008be00000, 0x000000008be00000, 0x000000008bf00000|  0%| F|  |TAMS 0x000000008be00000, 0x000000008be00000| Untracked 
|  35|0x000000008bf00000, 0x000000008bf00000, 0x000000008c000000|  0%| F|  |TAMS 0x000000008bf00000, 0x000000008bf00000| Untracked 
|  36|0x000000008c000000, 0x000000008c000000, 0x000000008c100000|  0%| F|  |TAMS 0x000000008c000000, 0x000000008c000000| Untracked 
|  37|0x000000008c100000, 0x000000008c100000, 0x000000008c200000|  0%| F|  |TAMS 0x000000008c100000, 0x000000008c100000| Untracked 
|  38|0x000000008c200000, 0x000000008c200000, 0x000000008c300000|  0%| F|  |TAMS 0x000000008c200000, 0x000000008c200000| Untracked 
|  39|0x000000008c300000, 0x000000008c300000, 0x000000008c400000|  0%| F|  |TAMS 0x000000008c300000, 0x000000008c300000| Untracked 
|  40|0x000000008c400000, 0x000000008c400000, 0x000000008c500000|  0%| F|  |TAMS 0x000000008c400000, 0x000000008c400000| Untracked 
|  41|0x000000008c500000, 0x000000008c500000, 0x000000008c600000|  0%| F|  |TAMS 0x000000008c500000, 0x000000008c500000| Untracked 
|  42|0x000000008c600000, 0x000000008c600000, 0x000000008c700000|  0%| F|  |TAMS 0x000000008c600000, 0x000000008c600000| Untracked 
|  43|0x000000008c700000, 0x000000008c700000, 0x000000008c800000|  0%| F|  |TAMS 0x000000008c700000, 0x000000008c700000| Untracked 
|  44|0x000000008c800000, 0x000000008c800000, 0x000000008c900000|  0%| F|  |TAMS 0x000000008c800000, 0x000000008c800000| Untracked 
|  45|0x000000008c900000, 0x000000008c900000, 0x000000008ca00000|  0%| F|  |TAMS 0x000000008c900000, 0x000000008c900000| Untracked 
|  46|0x000000008ca00000, 0x000000008ca00000, 0x000000008cb00000|  0%| F|  |TAMS 0x000000008ca00000, 0x000000008ca00000| Untracked 
|  47|0x000000008cb00000, 0x000000008cb00000, 0x000000008cc00000|  0%| F|  |TAMS 0x000000008cb00000, 0x000000008cb00000| Untracked 
|  48|0x000000008cc00000, 0x000000008cc00000, 0x000000008cd00000|  0%| F|  |TAMS 0x000000008cc00000, 0x000000008cc00000| Untracked 
|  49|0x000000008cd00000, 0x000000008cd00000, 0x000000008ce00000|  0%| F|  |TAMS 0x000000008cd00000, 0x000000008cd00000| Untracked 
|  50|0x000000008ce00000, 0x000000008ce00000, 0x000000008cf00000|  0%| F|  |TAMS 0x000000008ce00000, 0x000000008ce00000| Untracked 
|  51|0x000000008cf00000, 0x000000008cf00000, 0x000000008d000000|  0%| F|  |TAMS 0x000000008cf00000, 0x000000008cf00000| Untracked 
|  52|0x000000008d000000, 0x000000008d000000, 0x000000008d100000|  0%| F|  |TAMS 0x000000008d000000, 0x000000008d000000| Untracked 
|  53|0x000000008d100000, 0x000000008d100000, 0x000000008d200000|  0%| F|  |TAMS 0x000000008d100000, 0x000000008d100000| Untracked 
|  54|0x000000008d200000, 0x000000008d200000, 0x000000008d300000|  0%| F|  |TAMS 0x000000008d200000, 0x000000008d200000| Untracked 
|  55|0x000000008d300000, 0x000000008d300000, 0x000000008d400000|  0%| F|  |TAMS 0x000000008d300000, 0x000000008d300000| Untracked 
|  56|0x000000008d400000, 0x000000008d400000, 0x000000008d500000|  0%| F|  |TAMS 0x000000008d400000, 0x000000008d400000| Untracked 
|  57|0x000000008d500000, 0x000000008d500000, 0x000000008d600000|  0%| F|  |TAMS 0x000000008d500000, 0x000000008d500000| Untracked 
|  58|0x000000008d600000, 0x000000008d600000, 0x000000008d700000|  0%| F|  |TAMS 0x000000008d600000, 0x000000008d600000| Untracked 
|  59|0x000000008d700000, 0x000000008d700000, 0x000000008d800000|  0%| F|  |TAMS 0x000000008d700000, 0x000000008d700000| Untracked 
|  60|0x000000008d800000, 0x000000008d800000, 0x000000008d900000|  0%| F|  |TAMS 0x000000008d800000, 0x000000008d800000| Untracked 
|  61|0x000000008d900000, 0x000000008d900000, 0x000000008da00000|  0%| F|  |TAMS 0x000000008d900000, 0x000000008d900000| Untracked 
|  62|0x000000008da00000, 0x000000008da00000, 0x000000008db00000|  0%| F|  |TAMS 0x000000008da00000, 0x000000008da00000| Untracked 
|  63|0x000000008db00000, 0x000000008db00000, 0x000000008dc00000|  0%| F|  |TAMS 0x000000008db00000, 0x000000008db00000| Untracked 
|  64|0x000000008dc00000, 0x000000008dc00000, 0x000000008dd00000|  0%| F|  |TAMS 0x000000008dc00000, 0x000000008dc00000| Untracked 
|  65|0x000000008dd00000, 0x000000008dd00000, 0x000000008de00000|  0%| F|  |TAMS 0x000000008dd00000, 0x000000008dd00000| Untracked 
|  66|0x000000008de00000, 0x000000008de00000, 0x000000008df00000|  0%| F|  |TAMS 0x000000008de00000, 0x000000008de00000| Untracked 
|  67|0x000000008df00000, 0x000000008df00000, 0x000000008e000000|  0%| F|  |TAMS 0x000000008df00000, 0x000000008df00000| Untracked 
|  68|0x000000008e000000, 0x000000008e000000, 0x000000008e100000|  0%| F|  |TAMS 0x000000008e000000, 0x000000008e000000| Untracked 
|  69|0x000000008e100000, 0x000000008e100000, 0x000000008e200000|  0%| F|  |TAMS 0x000000008e100000, 0x000000008e100000| Untracked 
|  70|0x000000008e200000, 0x000000008e200000, 0x000000008e300000|  0%| F|  |TAMS 0x000000008e200000, 0x000000008e200000| Untracked 
|  71|0x000000008e300000, 0x000000008e300000, 0x000000008e400000|  0%| F|  |TAMS 0x000000008e300000, 0x000000008e300000| Untracked 
|  72|0x000000008e400000, 0x000000008e400000, 0x000000008e500000|  0%| F|  |TAMS 0x000000008e400000, 0x000000008e400000| Untracked 
|  73|0x000000008e500000, 0x000000008e500000, 0x000000008e600000|  0%| F|  |TAMS 0x000000008e500000, 0x000000008e500000| Untracked 
|  74|0x000000008e600000, 0x000000008e600000, 0x000000008e700000|  0%| F|  |TAMS 0x000000008e600000, 0x000000008e600000| Untracked 
|  75|0x000000008e700000, 0x000000008e700000, 0x000000008e800000|  0%| F|  |TAMS 0x000000008e700000, 0x000000008e700000| Untracked 
|  76|0x000000008e800000, 0x000000008e800000, 0x000000008e900000|  0%| F|  |TAMS 0x000000008e800000, 0x000000008e800000| Untracked 
|  77|0x000000008e900000, 0x000000008e900000, 0x000000008ea00000|  0%| F|  |TAMS 0x000000008e900000, 0x000000008e900000| Untracked 
|  78|0x000000008ea00000, 0x000000008ea00000, 0x000000008eb00000|  0%| F|  |TAMS 0x000000008ea00000, 0x000000008ea00000| Untracked 
|  79|0x000000008eb00000, 0x000000008eb00000, 0x000000008ec00000|  0%| F|  |TAMS 0x000000008eb00000, 0x000000008eb00000| Untracked 
|  80|0x000000008ec00000, 0x000000008ec00000, 0x000000008ed00000|  0%| F|  |TAMS 0x000000008ec00000, 0x000000008ec00000| Untracked 
|  81|0x000000008ed00000, 0x000000008ed00000, 0x000000008ee00000|  0%| F|  |TAMS 0x000000008ed00000, 0x000000008ed00000| Untracked 
|  82|0x000000008ee00000, 0x000000008ee00000, 0x000000008ef00000|  0%| F|  |TAMS 0x000000008ee00000, 0x000000008ee00000| Untracked 
|  83|0x000000008ef00000, 0x000000008ef00000, 0x000000008f000000|  0%| F|  |TAMS 0x000000008ef00000, 0x000000008ef00000| Untracked 
|  84|0x000000008f000000, 0x000000008f000000, 0x000000008f100000|  0%| F|  |TAMS 0x000000008f000000, 0x000000008f000000| Untracked 
|  85|0x000000008f100000, 0x000000008f100000, 0x000000008f200000|  0%| F|  |TAMS 0x000000008f100000, 0x000000008f100000| Untracked 
|  86|0x000000008f200000, 0x000000008f200000, 0x000000008f300000|  0%| F|  |TAMS 0x000000008f200000, 0x000000008f200000| Untracked 
|  87|0x000000008f300000, 0x000000008f300000, 0x000000008f400000|  0%| F|  |TAMS 0x000000008f300000, 0x000000008f300000| Untracked 
|  88|0x000000008f400000, 0x000000008f400000, 0x000000008f500000|  0%| F|  |TAMS 0x000000008f400000, 0x000000008f400000| Untracked 
|  89|0x000000008f500000, 0x000000008f500000, 0x000000008f600000|  0%| F|  |TAMS 0x000000008f500000, 0x000000008f500000| Untracked 
|  90|0x000000008f600000, 0x000000008f600000, 0x000000008f700000|  0%| F|  |TAMS 0x000000008f600000, 0x000000008f600000| Untracked 
|  91|0x000000008f700000, 0x000000008f700000, 0x000000008f800000|  0%| F|  |TAMS 0x000000008f700000, 0x000000008f700000| Untracked 
|  92|0x000000008f800000, 0x000000008f800000, 0x000000008f900000|  0%| F|  |TAMS 0x000000008f800000, 0x000000008f800000| Untracked 
|  93|0x000000008f900000, 0x000000008f900000, 0x000000008fa00000|  0%| F|  |TAMS 0x000000008f900000, 0x000000008f900000| Untracked 
|  94|0x000000008fa00000, 0x000000008fa00000, 0x000000008fb00000|  0%| F|  |TAMS 0x000000008fa00000, 0x000000008fa00000| Untracked 
|  95|0x000000008fb00000, 0x000000008fb00000, 0x000000008fc00000|  0%| F|  |TAMS 0x000000008fb00000, 0x000000008fb00000| Untracked 
|  96|0x000000008fc00000, 0x000000008fc00000, 0x000000008fd00000|  0%| F|  |TAMS 0x000000008fc00000, 0x000000008fc00000| Untracked 
|  97|0x000000008fd00000, 0x000000008fd00000, 0x000000008fe00000|  0%| F|  |TAMS 0x000000008fd00000, 0x000000008fd00000| Untracked 
|  98|0x000000008fe00000, 0x000000008fe00000, 0x000000008ff00000|  0%| F|  |TAMS 0x000000008fe00000, 0x000000008fe00000| Untracked 
|  99|0x000000008ff00000, 0x000000008ff00000, 0x0000000090000000|  0%| F|  |TAMS 0x000000008ff00000, 0x000000008ff00000| Untracked 
| 100|0x0000000090000000, 0x0000000090000000, 0x0000000090100000|  0%| F|  |TAMS 0x0000000090000000, 0x0000000090000000| Untracked 
| 101|0x0000000090100000, 0x0000000090100000, 0x0000000090200000|  0%| F|  |TAMS 0x0000000090100000, 0x0000000090100000| Untracked 
| 102|0x0000000090200000, 0x0000000090200000, 0x0000000090300000|  0%| F|  |TAMS 0x0000000090200000, 0x0000000090200000| Untracked 
| 103|0x0000000090300000, 0x0000000090300000, 0x0000000090400000|  0%| F|  |TAMS 0x0000000090300000, 0x0000000090300000| Untracked 
| 104|0x0000000090400000, 0x0000000090400000, 0x0000000090500000|  0%| F|  |TAMS 0x0000000090400000, 0x0000000090400000| Untracked 
| 105|0x0000000090500000, 0x0000000090600000, 0x0000000090600000|100%| E|  |TAMS 0x0000000090500000, 0x0000000090500000| Complete 
| 106|0x0000000090600000, 0x0000000090700000, 0x0000000090700000|100%| E|CS|TAMS 0x0000000090600000, 0x0000000090600000| Complete 
| 107|0x0000000090700000, 0x0000000090800000, 0x0000000090800000|100%| E|CS|TAMS 0x0000000090700000, 0x0000000090700000| Complete 
| 108|0x0000000090800000, 0x0000000090900000, 0x0000000090900000|100%| E|CS|TAMS 0x0000000090800000, 0x0000000090800000| Complete 
| 109|0x0000000090900000, 0x0000000090a00000, 0x0000000090a00000|100%| E|CS|TAMS 0x0000000090900000, 0x0000000090900000| Complete 
| 110|0x0000000090a00000, 0x0000000090b00000, 0x0000000090b00000|100%| E|CS|TAMS 0x0000000090a00000, 0x0000000090a00000| Complete 
| 111|0x0000000090b00000, 0x0000000090c00000, 0x0000000090c00000|100%| E|CS|TAMS 0x0000000090b00000, 0x0000000090b00000| Complete 
| 112|0x0000000090c00000, 0x0000000090d00000, 0x0000000090d00000|100%| E|CS|TAMS 0x0000000090c00000, 0x0000000090c00000| Complete 
| 113|0x0000000090d00000, 0x0000000090e00000, 0x0000000090e00000|100%| E|CS|TAMS 0x0000000090d00000, 0x0000000090d00000| Complete 
| 114|0x0000000090e00000, 0x0000000090f00000, 0x0000000090f00000|100%| E|CS|TAMS 0x0000000090e00000, 0x0000000090e00000| Complete 
| 115|0x0000000090f00000, 0x0000000091000000, 0x0000000091000000|100%| E|CS|TAMS 0x0000000090f00000, 0x0000000090f00000| Complete 
| 116|0x0000000091000000, 0x0000000091100000, 0x0000000091100000|100%| E|CS|TAMS 0x0000000091000000, 0x0000000091000000| Complete 
| 117|0x0000000091100000, 0x0000000091200000, 0x0000000091200000|100%| E|CS|TAMS 0x0000000091100000, 0x0000000091100000| Complete 
| 118|0x0000000091200000, 0x0000000091300000, 0x0000000091300000|100%| E|CS|TAMS 0x0000000091200000, 0x0000000091200000| Complete 
| 119|0x0000000091300000, 0x0000000091400000, 0x0000000091400000|100%| E|CS|TAMS 0x0000000091300000, 0x0000000091300000| Complete 

Card table byte_map: [0x0000025e6b7b0000,0x0000025e6bb70000] _byte_map_base: 0x0000025e6b362000

Marking Bits (Prev, Next): (CMBitMap*) 0x0000025e52bfa770, (CMBitMap*) 0x0000025e52bfa7b0
 Prev Bits: [0x0000025e6bf30000, 0x0000025e6dcc0000)
 Next Bits: [0x0000025e6dcc0000, 0x0000025e6fa50000)

Polling page: 0x0000025e5bb80000

Metaspace:

Usage:
  Non-class:      5.29 MB used.
      Class:    651.55 KB used.
       Both:      5.93 MB used.

Virtual space:
  Non-class space:        8.00 MB reserved,       5.38 MB ( 67%) committed,  1 nodes.
      Class space:        1.00 GB reserved,     768.00 KB ( <1%) committed,  1 nodes.
             Both:        1.01 GB reserved,       6.12 MB ( <1%) committed. 

Chunk freelists:
   Non-Class:  2.38 MB
       Class:  3.24 MB
        Both:  5.62 MB

MaxMetaspaceSize: unlimited
CompressedClassSpaceSize: 1.00 GB
Initial GC threshold: 21.00 MB
Current GC threshold: 21.00 MB
CDS: on
MetaspaceReclaimPolicy: balanced
 - commit_granule_bytes: 65536.
 - commit_granule_words: 8192.
 - virtual_space_node_default_size: 1048576.
 - enlarge_chunks_in_place: 1.
 - new_chunks_are_fully_committed: 0.
 - uncommit_free_chunks: 1.
 - use_allocation_guard: 0.
 - handle_deallocations: 1.


Internal statistics:

num_allocs_failed_limit: 0.
num_arena_births: 118.
num_arena_deaths: 0.
num_vsnodes_births: 2.
num_vsnodes_deaths: 0.
num_space_committed: 98.
num_space_uncommitted: 0.
num_chunks_returned_to_freelist: 0.
num_chunks_taken_from_freelist: 164.
num_chunk_merges: 0.
num_chunk_splits: 88.
num_chunks_enlarged: 21.
num_purges: 0.
num_inconsistent_stats: 0.

CodeHeap 'non-profiled nmethods': size=120000Kb used=272Kb max_used=272Kb free=119727Kb
 bounds [0x0000025e63670000, 0x0000025e638e0000, 0x0000025e6aba0000]
CodeHeap 'profiled nmethods': size=120000Kb used=1537Kb max_used=1537Kb free=118462Kb
 bounds [0x0000025e5c140000, 0x0000025e5c3b0000, 0x0000025e63670000]
CodeHeap 'non-nmethods': size=5760Kb used=1236Kb max_used=1249Kb free=4523Kb
 bounds [0x0000025e5bba0000, 0x0000025e5be10000, 0x0000025e5c140000]
 total_blobs=1521 nmethods=969 adapters=465
 compilation: enabled
              stopped_count=0, restarted_count=0
 full_count=0

Compilation events (20 events):
Event: 0.733 Thread 0x0000025e72279970  945       3       java.io.RandomAccessFile::open (7 bytes)
Event: 0.733 Thread 0x0000025e72279970 nmethod 945 0x0000025e5c2b9310 code [0x0000025e5c2b94a0, 0x0000025e5c2b95e8]
Event: 0.733 Thread 0x0000025e72279970  947       3       sun.nio.ch.FileDispatcherImpl::size (5 bytes)
Event: 0.733 Thread 0x0000025e72279970 nmethod 947 0x0000025e5c2b9690 code [0x0000025e5c2b9820, 0x0000025e5c2b9968]
Event: 0.733 Thread 0x0000025e75837800 nmethod 949 0x0000025e636b0990 code [0x0000025e636b0b00, 0x0000025e636b0bf8]
Event: 0.735 Thread 0x0000025e72279970  950       3       java.lang.StringUTF16::toBytes (34 bytes)
Event: 0.735 Thread 0x0000025e72279970 nmethod 950 0x0000025e5c2b9a10 code [0x0000025e5c2b9bc0, 0x0000025e5c2b9de8]
Event: 0.735 Thread 0x0000025e72279970  951       3       java.lang.StringUTF16::hashCode (33 bytes)
Event: 0.736 Thread 0x0000025e72279970 nmethod 951 0x0000025e5c2b9f90 code [0x0000025e5c2ba120, 0x0000025e5c2ba2d8]
Event: 0.737 Thread 0x0000025e72274440  952   !   4       sun.font.TrueTypeFont::getTableBuffer (199 bytes)
Event: 0.737 Thread 0x0000025e72279970  953       3       sun.font.FontFamily::getFamily (17 bytes)
Event: 0.738 Thread 0x0000025e72279970 nmethod 953 0x0000025e5c2ba410 code [0x0000025e5c2ba600, 0x0000025e5c2baa48]
Event: 0.740 Thread 0x0000025e72279970  954       3       java.util.HashSet::toArray (16 bytes)
Event: 0.740 Thread 0x0000025e72279970 nmethod 954 0x0000025e5c2bac10 code [0x0000025e5c2badc0, 0x0000025e5c2bafd8]
Event: 0.740 Thread 0x0000025e72279970  955       3       java.util.HashMap::prepareArray (38 bytes)
Event: 0.740 Thread 0x0000025e72279970 nmethod 955 0x0000025e5c2bb090 code [0x0000025e5c2bb280, 0x0000025e5c2bb898]
Event: 0.744 Thread 0x0000025e75837800  956   !   4       sun.nio.ch.NativeThreadSet::add (155 bytes)
Event: 0.746 Thread 0x0000025e72279970  959       3       java.lang.StringUTF16::newBytesFor (61 bytes)
Event: 0.747 Thread 0x0000025e75837800 nmethod 956 0x0000025e636b0d10 code [0x0000025e636b0ea0, 0x0000025e636b10d8]
Event: 0.747 Thread 0x0000025e75837800  958       4       java.nio.channels.spi.AbstractInterruptibleChannel::end (53 bytes)

GC Heap History (0 events):
No events

Deoptimization events (16 events):
Event: 0.308 Thread 0x0000025e52bbdc10 Uncommon trap: trap_request=0xffffff45 fr.pc=0x0000025e6367e7f4 relative=0x0000000000000894
Event: 0.308 Thread 0x0000025e52bbdc10 Uncommon trap: reason=unstable_if action=reinterpret pc=0x0000025e6367e7f4 method=java.util.HashMap.putVal(ILjava/lang/Object;Ljava/lang/Object;ZZ)Ljava/lang/Object; @ 81 c2
Event: 0.308 Thread 0x0000025e52bbdc10 DEOPT PACKING pc=0x0000025e6367e7f4 sp=0x0000008bb99fe330
Event: 0.308 Thread 0x0000025e52bbdc10 DEOPT UNPACKING pc=0x0000025e5bbf23a3 sp=0x0000008bb99fe2d0 mode 2
Event: 0.579 Thread 0x0000025e7575f540 DEOPT PACKING pc=0x0000025e5c15a1e7 sp=0x0000008bbb9fd0c0
Event: 0.579 Thread 0x0000025e7575f540 DEOPT UNPACKING pc=0x0000025e5bbf2b43 sp=0x0000008bbb9fc4e0 mode 0
Event: 0.659 Thread 0x0000025e7575f540 DEOPT PACKING pc=0x0000025e5c14c7d1 sp=0x0000008bbb9fcab0
Event: 0.659 Thread 0x0000025e7575f540 DEOPT UNPACKING pc=0x0000025e5bbf2b43 sp=0x0000008bbb9fbf28 mode 0
Event: 0.711 Thread 0x0000025e7575f540 Uncommon trap: trap_request=0xffffff45 fr.pc=0x0000025e6367b2a0 relative=0x0000000000000220
Event: 0.711 Thread 0x0000025e7575f540 Uncommon trap: reason=unstable_if action=reinterpret pc=0x0000025e6367b2a0 method=java.lang.String.isLatin1()Z @ 10 c2
Event: 0.711 Thread 0x0000025e7575f540 DEOPT PACKING pc=0x0000025e6367b2a0 sp=0x0000008bbb9fd210
Event: 0.711 Thread 0x0000025e7575f540 DEOPT UNPACKING pc=0x0000025e5bbf23a3 sp=0x0000008bbb9fd140 mode 2
Event: 0.728 Thread 0x0000025e7575f540 Uncommon trap: trap_request=0xffffff45 fr.pc=0x0000025e636add60 relative=0x00000000000003a0
Event: 0.728 Thread 0x0000025e7575f540 Uncommon trap: reason=unstable_if action=reinterpret pc=0x0000025e636add60 method=java.lang.Character.isSurrogate(C)Z @ 3 c2
Event: 0.728 Thread 0x0000025e7575f540 DEOPT PACKING pc=0x0000025e636add60 sp=0x0000008bbb9fcf00
Event: 0.728 Thread 0x0000025e7575f540 DEOPT UNPACKING pc=0x0000025e5bbf23a3 sp=0x0000008bbb9fce18 mode 2

Classes unloaded (0 events):
No events

Classes redefined (0 events):
No events

Internal exceptions (16 events):
Event: 0.082 Thread 0x0000025e52bbdc10 Exception <a 'sun/nio/fs/WindowsException'{0x0000000091221710}> (0x0000000091221710) 
thrown [t:\workspace\open\src\hotspot\share\prims\jni.cpp, line 516]
Event: 0.083 Thread 0x0000025e52bbdc10 Exception <a 'sun/nio/fs/WindowsException'{0x0000000091221bf8}> (0x0000000091221bf8) 
thrown [t:\workspace\open\src\hotspot\share\prims\jni.cpp, line 516]
Event: 0.085 Thread 0x0000025e52bbdc10 Exception <a 'sun/nio/fs/WindowsException'{0x0000000091223da8}> (0x0000000091223da8) 
thrown [t:\workspace\open\src\hotspot\share\prims\jni.cpp, line 516]
Event: 0.085 Thread 0x0000025e52bbdc10 Exception <a 'sun/nio/fs/WindowsException'{0x0000000091224788}> (0x0000000091224788) 
thrown [t:\workspace\open\src\hotspot\share\prims\jni.cpp, line 516]
Event: 0.120 Thread 0x0000025e52bbdc10 Exception <a 'java/lang/ClassNotFoundException'{0x00000000912c2c18}: sun/awt/resources/spi/awtProvider> (0x00000000912c2c18) 
thrown [t:\workspace\open\src\hotspot\share\classfile\systemDictionary.cpp, line 256]
Event: 0.146 Thread 0x0000025e52bbdc10 Exception <a 'java/io/FileNotFoundException'{0x0000000091116a00}> (0x0000000091116a00) 
thrown [t:\workspace\open\src\hotspot\share\prims\jni.cpp, line 516]
Event: 0.155 Thread 0x0000025e52bbdc10 Exception <a 'java/io/FileNotFoundException'{0x0000000091143928}> (0x0000000091143928) 
thrown [t:\workspace\open\src\hotspot\share\prims\jni.cpp, line 516]
Event: 0.199 Thread 0x0000025e52bbdc10 Exception <a 'java/lang/NoSuchMethodError'{0x0000000091187e00}: 'java.lang.Object java.lang.invoke.DirectMethodHandle$Holder.invokeStaticInit(java.lang.Object)'> (0x0000000091187e00) 
thrown [t:\workspace\open\src\hotspot\share\interpreter\linkResolver.cpp, line 766]
Event: 0.309 Thread 0x0000025e52bbdc10 Exception <a 'java/lang/NoSuchMethodError'{0x00000000911d2610}: 'void java.lang.invoke.DirectMethodHandle$Holder.invokeSpecial(java.lang.Object, java.lang.Object, java.lang.Object)'> (0x00000000911d2610) 
thrown [t:\workspace\open\src\hotspot\share\interpreter\linkResolver.cpp, line 766]
Event: 0.318 Thread 0x0000025e52bbdc10 Exception <a 'java/lang/NoSuchMethodError'{0x0000000091025100}: 'java.lang.Object java.lang.invoke.DirectMethodHandle$Holder.newInvokeSpecial(java.lang.Object, java.lang.Object, java.lang.Object, java.lang.Object, java.lang.Object)'> (0x0000000091025100) 
thrown [t:\workspace\open\src\hotspot\share\interpreter\linkResolver.cpp, line 766]
Event: 0.319 Thread 0x0000025e52bbdc10 Exception <a 'java/lang/NoSuchMethodError'{0x0000000091030ac8}: 'java.lang.Object java.lang.invoke.DirectMethodHandle$Holder.invokeStatic(java.lang.Object, int, java.lang.Object, java.lang.Object, java.lang.Object, java.lang.Object)'> (0x0000000091030ac8) 
thrown [t:\workspace\open\src\hotspot\share\interpreter\linkResolver.cpp, line 766]
Event: 0.325 Thread 0x0000025e52bbdc10 Exception <a 'java/lang/NoSuchMethodError'{0x0000000091056288}: 'java.lang.Object java.lang.invoke.DirectMethodHandle$Holder.invokeStatic(java.lang.Object, int, java.lang.Object)'> (0x0000000091056288) 
thrown [t:\workspace\open\src\hotspot\share\interpreter\linkResolver.cpp, line 766]
Event: 0.351 Thread 0x0000025e52bbdc10 Exception <a 'java/lang/ClassNotFoundException'{0x0000000090f7a3c0}: com/sun/swing/internal/plaf/metal/resources/spi/metalProvider> (0x0000000090f7a3c0) 
thrown [t:\workspace\open\src\hotspot\share\classfile\systemDictionary.cpp, line 256]
Event: 0.352 Thread 0x0000025e52bbdc10 Exception <a 'java/lang/ClassNotFoundException'{0x0000000090f7e1c8}: com/sun/swing/internal/plaf/basic/resources/spi/basicProvider> (0x0000000090f7e1c8) 
thrown [t:\workspace\open\src\hotspot\share\classfile\systemDictionary.cpp, line 256]
Event: 0.379 Thread 0x0000025e72e7a8d0 Exception <a 'java/lang/NoSuchMethodError'{0x00000000911e7d88}: 'void java.lang.invoke.DirectMethodHandle$Holder.invokeVirtual(java.lang.Object, java.lang.Object)'> (0x00000000911e7d88) 
thrown [t:\workspace\open\src\hotspot\share\interpreter\linkResolver.cpp, line 766]
Event: 0.396 Thread 0x0000025e52bbdc10 Exception <a 'java/lang/NoSuchMethodError'{0x0000000090e023e0}: 'void java.lang.invoke.DirectMethodHandle$Holder.invokeStaticInit(java.lang.Object)'> (0x0000000090e023e0) 
thrown [t:\workspace\open\src\hotspot\share\interpreter\linkResolver.cpp, line 766]

VM Operations (6 events):
Event: 0.086 Executing VM operation: HandshakeAllThreads
Event: 0.086 Executing VM operation: HandshakeAllThreads done
Event: 0.386 Executing VM operation: HandshakeAllThreads
Event: 0.387 Executing VM operation: HandshakeAllThreads done
Event: 0.422 Executing VM operation: HandshakeAllThreads
Event: 0.422 Executing VM operation: HandshakeAllThreads done

Events (20 events):
Event: 0.489 loading class sun/font/TrueTypeFont$DirectoryEntry done
Event: 0.490 loading class java/nio/ByteBufferAsShortBufferB
Event: 0.490 loading class java/nio/ShortBuffer
Event: 0.490 loading class java/nio/ShortBuffer done
Event: 0.490 loading class java/nio/ByteBufferAsShortBufferB done
Event: 0.490 loading class sun/nio/cs/UTF_16$Decoder
Event: 0.490 loading class sun/nio/cs/UnicodeDecoder
Event: 0.490 loading class sun/nio/cs/UnicodeDecoder done
Event: 0.490 loading class sun/nio/cs/UTF_16$Decoder done
Event: 0.498 loading class sun/font/SunFontManager$4
Event: 0.498 loading class sun/font/SunFontManager$4 done
Event: 0.514 loading class jdk/internal/misc/ScopedMemoryAccess$Scope
Event: 0.514 loading class jdk/internal/misc/ScopedMemoryAccess$Scope done
Event: 0.518 loading class sun/font/SunFontManager$9
Event: 0.518 loading class sun/font/SunFontManager$9 done
Event: 0.518 loading class sun/font/SunFontManager$10
Event: 0.518 loading class sun/font/SunFontManager$10 done
Event: 0.721 loading class jdk/internal/access/foreign/MemorySegmentProxy
Event: 0.721 loading class jdk/internal/access/foreign/MemorySegmentProxy done
Event: 0.729 Thread 0x0000025e75837800 Thread added: 0x0000025e75837800


Dynamic libraries:
0x00007ff69cff0000 - 0x00007ff69d000000 	C:\Program Files\Java\jdk-17\bin\java.exe
0x00007ffb71150000 - 0x00007ffb71348000 	C:\WINDOWS\SYSTEM32\ntdll.dll
0x00007ffb70ba0000 - 0x00007ffb70c5f000 	C:\WINDOWS\System32\KERNEL32.DLL
0x00007ffb6ec60000 - 0x00007ffb6ef56000 	C:\WINDOWS\System32\KERNELBASE.dll
0x00007ffb6eb60000 - 0x00007ffb6ec60000 	C:\WINDOWS\System32\ucrtbase.dll
0x00007ffb69db0000 - 0x00007ffb69dca000 	C:\Program Files\Java\jdk-17\bin\VCRUNTIME140.dll
0x00007ffb6b380000 - 0x00007ffb6b398000 	C:\Program Files\Java\jdk-17\bin\jli.dll
0x00007ffb70010000 - 0x00007ffb700bf000 	C:\WINDOWS\System32\ADVAPI32.dll
0x00007ffb700c0000 - 0x00007ffb7015e000 	C:\WINDOWS\System32\msvcrt.dll
0x00007ffb70230000 - 0x00007ffb702cc000 	C:\WINDOWS\System32\sechost.dll
0x00007ffb6f720000 - 0x00007ffb6f846000 	C:\WINDOWS\System32\RPCRT4.dll
0x00007ffb6fe70000 - 0x00007ffb7000d000 	C:\WINDOWS\System32\USER32.dll
0x00007ffb6e880000 - 0x00007ffb6e8a2000 	C:\WINDOWS\System32\win32u.dll
0x00007ffb70cf0000 - 0x00007ffb70d1c000 	C:\WINDOWS\System32\GDI32.dll
0x00007ffb55e50000 - 0x00007ffb560ea000 	C:\WINDOWS\WinSxS\amd64_microsoft.windows.common-controls_6595b64144ccf1df_6.0.19041.1110_none_60b5254171f9507e\COMCTL32.dll
0x00007ffb6ef60000 - 0x00007ffb6f075000 	C:\WINDOWS\System32\gdi32full.dll
0x00007ffb6e8b0000 - 0x00007ffb6e94d000 	C:\WINDOWS\System32\msvcp_win.dll
0x00007ffb65580000 - 0x00007ffb6558a000 	C:\WINDOWS\SYSTEM32\VERSION.dll
0x00007ffb70ea0000 - 0x00007ffb70ed0000 	C:\WINDOWS\System32\IMM32.DLL
0x00007ffb6b370000 - 0x00007ffb6b37c000 	C:\Program Files\Java\jdk-17\bin\vcruntime140_1.dll
0x00007ffb69cd0000 - 0x00007ffb69d5d000 	C:\Program Files\Java\jdk-17\bin\msvcp140.dll
0x00007ffb529f0000 - 0x00007ffb535ae000 	C:\Program Files\Java\jdk-17\bin\server\jvm.dll
0x00007ffb70ce0000 - 0x00007ffb70ce8000 	C:\WINDOWS\System32\PSAPI.DLL
0x00007ffb65590000 - 0x00007ffb655b7000 	C:\WINDOWS\SYSTEM32\WINMM.dll
0x00007ffb57070000 - 0x00007ffb57079000 	C:\WINDOWS\SYSTEM32\WSOCK32.dll
0x00007ffb702d0000 - 0x00007ffb7033b000 	C:\WINDOWS\System32\WS2_32.dll
0x00007ffb6d080000 - 0x00007ffb6d092000 	C:\WINDOWS\SYSTEM32\kernel.appcore.dll
0x00007ffb53740000 - 0x00007ffb5374a000 	C:\Program Files\Java\jdk-17\bin\jimage.dll
0x00007ffb6cd30000 - 0x00007ffb6cf14000 	C:\WINDOWS\SYSTEM32\DBGHELP.DLL
0x00007ffb57310000 - 0x00007ffb57344000 	C:\WINDOWS\SYSTEM32\dbgcore.DLL
0x00007ffb6f120000 - 0x00007ffb6f1a2000 	C:\WINDOWS\System32\bcryptPrimitives.dll
0x00007ffb53710000 - 0x00007ffb53735000 	C:\Program Files\Java\jdk-17\bin\java.dll
0x00007ffb51410000 - 0x00007ffb514e6000 	C:\Program Files\Java\jdk-17\bin\svml.dll
0x00007ffb703b0000 - 0x00007ffb70af4000 	C:\WINDOWS\System32\SHELL32.dll
0x00007ffb6c470000 - 0x00007ffb6cc03000 	C:\WINDOWS\SYSTEM32\windows.storage.dll
0x00007ffb6f210000 - 0x00007ffb6f564000 	C:\WINDOWS\System32\combase.dll
0x00007ffb6e290000 - 0x00007ffb6e2be000 	C:\WINDOWS\SYSTEM32\Wldp.dll
0x00007ffb6f870000 - 0x00007ffb6f91d000 	C:\WINDOWS\System32\SHCORE.dll
0x00007ffb6f1b0000 - 0x00007ffb6f205000 	C:\WINDOWS\System32\shlwapi.dll
0x00007ffb6e770000 - 0x00007ffb6e78f000 	C:\WINDOWS\SYSTEM32\profapi.dll
0x00007ffb50de0000 - 0x00007ffb50df9000 	C:\Program Files\Java\jdk-17\bin\net.dll
0x00007ffb69710000 - 0x00007ffb6981a000 	C:\WINDOWS\SYSTEM32\WINHTTP.dll
0x00007ffb6df80000 - 0x00007ffb6dfea000 	C:\WINDOWS\system32\mswsock.dll
0x00007ffb50dc0000 - 0x00007ffb50dd5000 	C:\Program Files\Java\jdk-17\bin\nio.dll
0x00007ffb35130000 - 0x00007ffb352bf000 	C:\Program Files\Java\jdk-17\bin\awt.dll
0x00007ffb70160000 - 0x00007ffb7022d000 	C:\WINDOWS\System32\OLEAUT32.dll
0x00007ffb6ba00000 - 0x00007ffb6ba91000 	C:\WINDOWS\SYSTEM32\apphelp.dll
0x00007ffb6be80000 - 0x00007ffb6beaf000 	C:\WINDOWS\system32\DWMAPI.DLL
0x00007ffb6bba0000 - 0x00007ffb6bc3e000 	C:\WINDOWS\system32\uxtheme.dll
0x00007ffb16d10000 - 0x00007ffb16e35000 	C:\WINDOWS\system32\opengl32.dll
0x00007ffb16c20000 - 0x00007ffb16c4c000 	C:\WINDOWS\SYSTEM32\GLU32.dll
0x00007ffb70d20000 - 0x00007ffb70e34000 	C:\WINDOWS\System32\MSCTF.dll
0x00007ffb70f80000 - 0x00007ffb710aa000 	C:\WINDOWS\System32\ole32.dll
0x00007ffb07310000 - 0x00007ffb074dd000 	C:\WINDOWS\system32\d3d9.dll
0x00007ffb651e0000 - 0x00007ffb653bb000 	C:\WINDOWS\System32\DriverStore\FileRepository\u0369254.inf_amd64_6f1e9c11bbc40f12\B369275\aticfx64.dll
0x00007ffaf5c20000 - 0x00007ffaf5c53000 	C:\WINDOWS\System32\DriverStore\FileRepository\u0369254.inf_amd64_6f1e9c11bbc40f12\B369275\atiu9p64.dll
0x00007ffaf4ec0000 - 0x00007ffaf5c1a000 	C:\WINDOWS\System32\DriverStore\FileRepository\u0369254.inf_amd64_6f1e9c11bbc40f12\B369275\atiumd64.dll
0x0000000062bc0000 - 0x0000000063a8b000 	C:\WINDOWS\System32\DriverStore\FileRepository\u0369254.inf_amd64_6f1e9c11bbc40f12\B369275\atiumd6a.dll
0x00007ffb6e240000 - 0x00007ffb6e28b000 	C:\WINDOWS\SYSTEM32\POWRPROF.dll
0x00007ffb6e220000 - 0x00007ffb6e232000 	C:\WINDOWS\SYSTEM32\UMPDC.dll
0x00007ffb63070000 - 0x00007ffb630a0000 	C:\WINDOWS\SYSTEM32\amdihk64.dll
0x00007ffb65540000 - 0x00007ffb6557b000 	C:\WINDOWS\SYSTEM32\dxcore.dll
0x00007ffb6e830000 - 0x00007ffb6e87e000 	C:\WINDOWS\System32\cfgmgr32.dll
0x00007ffb406d0000 - 0x00007ffb40759000 	C:\Program Files\Java\jdk-17\bin\freetype.dll
0x00007ffb40620000 - 0x00007ffb406c8000 	C:\Program Files\Java\jdk-17\bin\fontmanager.dll
0x00007ffb55480000 - 0x00007ffb5557a000 	C:\WINDOWS\SYSTEM32\textinputframework.dll
0x00007ffb6b7d0000 - 0x00007ffb6b8c2000 	C:\WINDOWS\System32\CoreMessaging.dll
0x00007ffb6b010000 - 0x00007ffb6b36e000 	C:\WINDOWS\System32\CoreUIComponents.dll
0x00007ffb6d9b0000 - 0x00007ffb6d9e3000 	C:\WINDOWS\SYSTEM32\ntmarta.dll
0x00007ffb6acc0000 - 0x00007ffb6ae14000 	C:\WINDOWS\SYSTEM32\wintypes.dll
0x00007ffb45fd0000 - 0x00007ffb46036000 	C:\WINDOWS\system32\Oleacc.dll

dbghelp: loaded successfully - version: 4.0.5 - missing functions: none
symbol engine: initialized successfully - sym options: 0x614 - pdb path: .;C:\Program Files\Java\jdk-17\bin;C:\WINDOWS\SYSTEM32;C:\WINDOWS\WinSxS\amd64_microsoft.windows.common-controls_6595b64144ccf1df_6.0.19041.1110_none_60b5254171f9507e;C:\Program Files\Java\jdk-17\bin\server;C:\WINDOWS\System32\DriverStore\FileRepository\u0369254.inf_amd64_6f1e9c11bbc40f12\B369275

VM Arguments:
jvm_args: -Dfile.encoding=UTF-8 --module-path=D:\NetBeansProjects\BankManagementSystem\build\classes 
java_command: bankmanagementsystem.SignUp
java_class_path (initial): D:\NetBeansProjects\BankManagementSystem\build\classes
Launcher Type: SUN_STANDARD

[Global flags]
     intx CICompilerCount                          = 3                                         {product} {ergonomic}
     uint ConcGCThreads                            = 2                                         {product} {ergonomic}
     uint G1ConcRefinementThreads                  = 6                                         {product} {ergonomic}
   size_t G1HeapRegionSize                         = 1048576                                   {product} {ergonomic}
    uintx GCDrainStackTargetSize                   = 64                                        {product} {ergonomic}
   size_t InitialHeapSize                          = 125829120                                 {product} {ergonomic}
   size_t MarkStackSize                            = 4194304                                   {product} {ergonomic}
   size_t MaxHeapSize                              = 1983905792                                {product} {ergonomic}
   size_t MaxNewSize                               = 1190133760                                {product} {ergonomic}
   size_t MinHeapDeltaBytes                        = 1048576                                   {product} {ergonomic}
   size_t MinHeapSize                              = 8388608                                   {product} {ergonomic}
    uintx NonNMethodCodeHeapSize                   = 5832780                                {pd product} {ergonomic}
    uintx NonProfiledCodeHeapSize                  = 122912730                              {pd product} {ergonomic}
    uintx ProfiledCodeHeapSize                     = 122912730                              {pd product} {ergonomic}
    uintx ReservedCodeCacheSize                    = 251658240                              {pd product} {ergonomic}
     bool SegmentedCodeCache                       = true                                      {product} {ergonomic}
   size_t SoftMaxHeapSize                          = 1983905792                             {manageable} {ergonomic}
     bool UseCompressedClassPointers               = true                           {product lp64_product} {ergonomic}
     bool UseCompressedOops                        = true                           {product lp64_product} {ergonomic}
     bool UseG1GC                                  = true                                      {product} {ergonomic}
     bool UseLargePagesIndividualAllocation        = false                                  {pd product} {ergonomic}

Logging:
Log output configuration:
 #0: stdout all=warning uptime,level,tags
 #1: stderr all=off uptime,level,tags

Environment Variables:
JAVA_HOME=C:\Program Files\Amazon Corretto\jdk11.0.11_9
CLASSPATH=C:\Program Files\Apache Software Foundation\Tomcat 9.0\lib\servlet-api.jar;
PATH=C:\Program Files\Eclipse Adoptium\jdk-17.0.6.10-hotspot\bin;C:\Program Files\Microsoft\jdk-11.0.12.7-hotspot\bin;C:\oraclexe\app\oracle\product\11.2.0\server\bin;C:\Program Files\Common Files\Oracle\Java\javapath;C:\Program Files (x86)\Common Files\Oracle\Java\javapath;C:\Program Files\Amazon Corretto\jdk11.0.11_9\bin;C:\WINDOWS\system32;C:\WINDOWS;C:\WINDOWS\System32\Wbem;C:\WINDOWS\System32\WindowsPowerShell\v1.0\;C:\WINDOWS\System32\OpenSSH\;C:\Program Files\mingw-w64\mingw64\bin;C:\Program Files\MATLAB\R2022b\bin;C:\Program Files\Polyspace\R2019a\runtime\win64;C:\Program Files\Polyspace\R2019a\bin;C:\Program Files\Polyspace\R2019a\polyspace\bin;C:\Program Files\Microsoft SQL Server\130\Tools\Binn\;C:\MinGW\bin;C:\Program Files\dotnet\;C:\Program Files\Microsoft SQL Server\Client SDK\ODBC\170\Tools\Binn\;C:\MinGW\bin;C:\Program Files\Git\cmd;C:\Program Files\nodejs\;C:\Program Files\Java\jdk-17\bin;C:\Program Files\Microsoft SQL Server\150\Tools\Binn\;C:\Users\sanur\AppData\Local\Microsoft\WindowsApps;C:\Users\sanur\.dotnet\tools;C:\Users\sanur\AppData\Local\Programs\Microsoft VS Code\bin;C:\Users\sanur\AppData\Roaming\npm;C:\Users\sanur\AppData\Local\GitHubDesktop\bin
USERNAME=sanur
OS=Windows_NT
PROCESSOR_IDENTIFIER=AMD64 Family 23 Model 96 Stepping 1, AuthenticAMD



---------------  S Y S T E M  ---------------

OS:
 Windows 10 , 64 bit Build 19041 (10.0.19041.2913)
OS uptime: 0 days 23:04 hours

CPU: total 6 (initial active 6) (6 cores per cpu, 1 threads per core) family 23 model 96 stepping 1 microcode 0x0, cx8, cmov, fxsr, mmx, 3dnowpref, sse, sse2, sse3, ssse3, sse4a, sse4.1, sse4.2, popcnt, lzcnt, tsc, tscinvbit, avx, avx2, aes, clmul, bmi1, bmi2, adx, sha, fma, vzeroupper, clflush, clflushopt

Memory: 4k page, system-wide physical 7564M (626M free)
TotalPageFile size 31116M (AvailPageFile size 0M)
current process WorkingSet (physical memory assigned to process): 73M, peak: 73M
current process commit charge ("private bytes"): 237M, peak: 237M

vm_info: Java HotSpot(TM) 64-Bit Server VM (17+35-LTS-2724) for windows-amd64 JRE (17+35-LTS-2724), built on Aug  5 2021 23:28:28 by "mach5one" with MS VC++ 16.8 (VS2019)

END.
