#
# There is insufficient memory for the Java Runtime Environment to continue.
# Native memory allocation (mmap) failed to map 125829120 bytes for G1 virtual space
# Possible reasons:
#   The system is out of physical RAM or swap space
#   The process is running with CompressedOops enabled, and the Java Heap may be blocking the growth of the native heap
# Possible solutions:
#   Reduce memory load on the system
#   Increase physical memory or swap space
#   Check if swap backing store is full
#   Decrease Java heap size (-Xmx/-Xms)
#   Decrease number of Java threads
#   Decrease Java thread stack sizes (-Xss)
#   Set larger code cache with -XX:ReservedCodeCacheSize=
#   JVM is running with Unscaled Compressed Oops mode in which the Java heap is
#     placed in the first 4GB address space. The Java Heap base address is the
#     maximum limit for the native heap growth. Please use -XX:HeapBaseMinAddress
#     to set the Java Heap base and to place the Java Heap above 4GB virtual address.
# This output file may be truncated or incomplete.
#
#  Out of Memory Error (os_windows.cpp:3469), pid=30464, tid=30520
#
# JRE version:  (17.0+35) (build )
# Java VM: Java HotSpot(TM) 64-Bit Server VM (17+35-LTS-2724, mixed mode, sharing, tiered, compressed oops, compressed class ptrs, g1 gc, windows-amd64)
# No core dump will be written. Minidumps are not enabled by default on client versions of Windows
#

---------------  S U M M A R Y ------------

Command Line: -Dfile.encoding=UTF-8 --module-path=D:\NetBeansProjects\BankManagementSystem\build\classes bankmanagementsystem.SignUp

Host: AMD Ryzen 5 4500U with Radeon Graphics         , 6 cores, 7G,  Windows 10 , 64 bit Build 19041 (10.0.19041.2913)
Time: Wed Jun 14 21:11:12 2023 India Standard Time elapsed time: 0.024161 seconds (0d 0h 0m 0s)

---------------  T H R E A D  ---------------

Current thread (0x0000013e31b8d630):  JavaThread "Unknown thread" [_thread_in_vm, id=30520, stack(0x000000108fa00000,0x000000108fb00000)]

Stack: [0x000000108fa00000,0x000000108fb00000]
Native frames: (J=compiled Java code, j=interpreted, Vv=VM code, C=native code)
V  [jvm.dll+0x66f8ea]
V  [jvm.dll+0x7ce224]
V  [jvm.dll+0x7cf9ce]
V  [jvm.dll+0x7d0033]
V  [jvm.dll+0x242bb5]
V  [jvm.dll+0x66c909]
V  [jvm.dll+0x6613d2]
V  [jvm.dll+0x30082b]
V  [jvm.dll+0x307db6]
V  [jvm.dll+0x357a0e]
V  [jvm.dll+0x357c3f]
V  [jvm.dll+0x2d7ae8]
V  [jvm.dll+0x2d8a54]
V  [jvm.dll+0x7a00a1]
V  [jvm.dll+0x365781]
V  [jvm.dll+0x77f59c]
V  [jvm.dll+0x3e805f]
V  [jvm.dll+0x3e9b01]
C  [jli.dll+0x527b]
C  [ucrtbase.dll+0x21bb2]
C  [KERNEL32.DLL+0x17614]
C  [ntdll.dll+0x526a1]


---------------  P R O C E S S  ---------------

Threads class SMR info:
_java_thread_list=0x00007ffb53487818, length=0, elements={
}

Java Threads: ( => current thread )

Other Threads:
  0x0000013e31bd05b0 GCTaskThread "GC Thread#0" [stack: 0x000000108fb00000,0x000000108fc00000] [id=30524]
  0x0000013e31be1180 ConcurrentGCThread "G1 Main Marker" [stack: 0x000000108fc00000,0x000000108fd00000] [id=30528]
  0x0000013e31be1b90 ConcurrentGCThread "G1 Conc#0" [stack: 0x000000108fd00000,0x000000108fe00000] [id=30532]

[error occurred during error reporting (printing all threads), id 0xc0000005, EXCEPTION_ACCESS_VIOLATION (0xc0000005) at pc=0x00007ffb52cd84c7]

VM state: not at safepoint (not fully initialized)

VM Mutex/Monitor currently owned by a thread:  ([mutex/lock_event])
[0x0000013e31b87f60] Heap_lock - owner thread: 0x0000013e31b8d630

Heap address: 0x0000000089c00000, size: 1892 MB, Compressed Oops mode: 32-bit

CDS archive(s) mapped at: [0x0000000000000000-0x0000000000000000-0x0000000000000000), size 0, SharedBaseAddress: 0x0000000800000000, ArchiveRelocationMode: 0.
Narrow klass base: 0x0000000000000000, Narrow klass shift: 0, Narrow klass range: 0x0

GC Precious Log:
<Empty>

Heap:
 garbage-first heap   total 0K, used 0K [0x0000000089c00000, 0x0000000100000000)
  region size 1024K, 0 young (0K), 0 survivors (0K)

[error occurred during error reporting (printing heap information), id 0xc0000005, EXCEPTION_ACCESS_VIOLATION (0xc0000005) at pc=0x00007ffb530b8c59]

GC Heap History (0 events):
No events

Deoptimization events (0 events):
No events

Classes unloaded (0 events):
No events

Classes redefined (0 events):
No events

Internal exceptions (0 events):
No events

VM Operations (0 events):
No events

Events (1 events):
Event: 0.016 Loaded shared library C:\Program Files\Java\jdk-17\bin\java.dll


Dynamic libraries:
0x00007ff69cff0000 - 0x00007ff69d000000 	C:\Program Files\Java\jdk-17\bin\java.exe
0x00007ffb71150000 - 0x00007ffb71348000 	C:\WINDOWS\SYSTEM32\ntdll.dll
0x00007ffb70ba0000 - 0x00007ffb70c5f000 	C:\WINDOWS\System32\KERNEL32.DLL
0x00007ffb6ec60000 - 0x00007ffb6ef56000 	C:\WINDOWS\System32\KERNELBASE.dll
0x00007ffb6eb60000 - 0x00007ffb6ec60000 	C:\WINDOWS\System32\ucrtbase.dll
0x00007ffb69db0000 - 0x00007ffb69dca000 	C:\Program Files\Java\jdk-17\bin\VCRUNTIME140.dll
0x00007ffb6b380000 - 0x00007ffb6b398000 	C:\Program Files\Java\jdk-17\bin\jli.dll
0x00007ffb70010000 - 0x00007ffb700bf000 	C:\WINDOWS\System32\ADVAPI32.dll
0x00007ffb700c0000 - 0x00007ffb7015e000 	C:\WINDOWS\System32\msvcrt.dll
0x00007ffb70230000 - 0x00007ffb702cc000 	C:\WINDOWS\System32\sechost.dll
0x00007ffb6f720000 - 0x00007ffb6f846000 	C:\WINDOWS\System32\RPCRT4.dll
0x00007ffb6fe70000 - 0x00007ffb7000d000 	C:\WINDOWS\System32\USER32.dll
0x00007ffb6e880000 - 0x00007ffb6e8a2000 	C:\WINDOWS\System32\win32u.dll
0x00007ffb70cf0000 - 0x00007ffb70d1c000 	C:\WINDOWS\System32\GDI32.dll
0x00007ffb6ef60000 - 0x00007ffb6f075000 	C:\WINDOWS\System32\gdi32full.dll
0x00007ffb6e8b0000 - 0x00007ffb6e94d000 	C:\WINDOWS\System32\msvcp_win.dll
0x00007ffb55e50000 - 0x00007ffb560ea000 	C:\WINDOWS\WinSxS\amd64_microsoft.windows.common-controls_6595b64144ccf1df_6.0.19041.1110_none_60b5254171f9507e\COMCTL32.dll
0x00007ffb65580000 - 0x00007ffb6558a000 	C:\WINDOWS\SYSTEM32\VERSION.dll
0x00007ffb70ea0000 - 0x00007ffb70ed0000 	C:\WINDOWS\System32\IMM32.DLL
0x00007ffb6b370000 - 0x00007ffb6b37c000 	C:\Program Files\Java\jdk-17\bin\vcruntime140_1.dll
0x00007ffb69cd0000 - 0x00007ffb69d5d000 	C:\Program Files\Java\jdk-17\bin\msvcp140.dll
0x00007ffb529f0000 - 0x00007ffb535ae000 	C:\Program Files\Java\jdk-17\bin\server\jvm.dll
0x00007ffb70ce0000 - 0x00007ffb70ce8000 	C:\WINDOWS\System32\PSAPI.DLL
0x00007ffb57070000 - 0x00007ffb57079000 	C:\WINDOWS\SYSTEM32\WSOCK32.dll
0x00007ffb702d0000 - 0x00007ffb7033b000 	C:\WINDOWS\System32\WS2_32.dll
0x00007ffb65590000 - 0x00007ffb655b7000 	C:\WINDOWS\SYSTEM32\WINMM.dll
0x00007ffb6d080000 - 0x00007ffb6d092000 	C:\WINDOWS\SYSTEM32\kernel.appcore.dll
0x00007ffb53740000 - 0x00007ffb5374a000 	C:\Program Files\Java\jdk-17\bin\jimage.dll
0x00007ffb6cd30000 - 0x00007ffb6cf14000 	C:\WINDOWS\SYSTEM32\DBGHELP.DLL
0x00007ffb57310000 - 0x00007ffb57344000 	C:\WINDOWS\SYSTEM32\dbgcore.DLL
0x00007ffb6f120000 - 0x00007ffb6f1a2000 	C:\WINDOWS\System32\bcryptPrimitives.dll
0x00007ffb53710000 - 0x00007ffb53735000 	C:\Program Files\Java\jdk-17\bin\java.dll

dbghelp: loaded successfully - version: 4.0.5 - missing functions: none
symbol engine: initialized successfully - sym options: 0x614 - pdb path: .;C:\Program Files\Java\jdk-17\bin;C:\WINDOWS\SYSTEM32;C:\WINDOWS\WinSxS\amd64_microsoft.windows.common-controls_6595b64144ccf1df_6.0.19041.1110_none_60b5254171f9507e;C:\Program Files\Java\jdk-17\bin\server

VM Arguments:
jvm_args: -Dfile.encoding=UTF-8 --module-path=D:\NetBeansProjects\BankManagementSystem\build\classes 
java_command: bankmanagementsystem.SignUp
java_class_path (initial): D:\NetBeansProjects\BankManagementSystem\build\classes
Launcher Type: SUN_STANDARD

[Global flags]
     intx CICompilerCount                          = 3                                         {product} {ergonomic}
     uint ConcGCThreads                            = 2                                         {product} {ergonomic}
     uint G1ConcRefinementThreads                  = 6                                         {product} {ergonomic}
   size_t G1HeapRegionSize                         = 1048576                                   {product} {ergonomic}
    uintx GCDrainStackTargetSize                   = 64                                        {product} {ergonomic}
   size_t InitialHeapSize                          = 125829120                                 {product} {ergonomic}
   size_t MarkStackSize                            = 4194304                                   {product} {ergonomic}
   size_t MaxHeapSize                              = 1983905792                                {product} {ergonomic}
   size_t MinHeapDeltaBytes                        = 1048576                                   {product} {ergonomic}
   size_t MinHeapSize                              = 8388608                                   {product} {ergonomic}
    uintx NonNMethodCodeHeapSize                   = 5832780                                {pd product} {ergonomic}
    uintx NonProfiledCodeHeapSize                  = 122912730                              {pd product} {ergonomic}
    uintx ProfiledCodeHeapSize                     = 122912730                              {pd product} {ergonomic}
    uintx ReservedCodeCacheSize                    = 251658240                              {pd product} {ergonomic}
     bool SegmentedCodeCache                       = true                                      {product} {ergonomic}
   size_t SoftMaxHeapSize                          = 1983905792                             {manageable} {ergonomic}
     bool UseCompressedClassPointers               = true                           {product lp64_product} {ergonomic}
     bool UseCompressedOops                        = true                           {product lp64_product} {ergonomic}
     bool UseG1GC                                  = true                                      {product} {ergonomic}
     bool UseLargePagesIndividualAllocation        = false                                  {pd product} {ergonomic}

Logging:
Log output configuration:
 #0: stdout all=warning uptime,level,tags
 #1: stderr all=off uptime,level,tags

Environment Variables:
JAVA_HOME=C:\Program Files\Amazon Corretto\jdk11.0.11_9
CLASSPATH=C:\Program Files\Apache Software Foundation\Tomcat 9.0\lib\servlet-api.jar;
PATH=C:\Program Files\Eclipse Adoptium\jdk-17.0.6.10-hotspot\bin;C:\Program Files\Microsoft\jdk-11.0.12.7-hotspot\bin;C:\oraclexe\app\oracle\product\11.2.0\server\bin;C:\Program Files\Common Files\Oracle\Java\javapath;C:\Program Files (x86)\Common Files\Oracle\Java\javapath;C:\Program Files\Amazon Corretto\jdk11.0.11_9\bin;C:\WINDOWS\system32;C:\WINDOWS;C:\WINDOWS\System32\Wbem;C:\WINDOWS\System32\WindowsPowerShell\v1.0\;C:\WINDOWS\System32\OpenSSH\;C:\Program Files\mingw-w64\mingw64\bin;C:\Program Files\MATLAB\R2022b\bin;C:\Program Files\Polyspace\R2019a\runtime\win64;C:\Program Files\Polyspace\R2019a\bin;C:\Program Files\Polyspace\R2019a\polyspace\bin;C:\Program Files\Microsoft SQL Server\130\Tools\Binn\;C:\MinGW\bin;C:\Program Files\dotnet\;C:\Program Files\Microsoft SQL Server\Client SDK\ODBC\170\Tools\Binn\;C:\MinGW\bin;C:\Program Files\Git\cmd;C:\Program Files\nodejs\;C:\Program Files\Java\jdk-17\bin;C:\Program Files\Microsoft SQL Server\150\Tools\Binn\;C:\Users\sanur\AppData\Local\Microsoft\WindowsApps;C:\Users\sanur\.dotnet\tools;C:\Users\sanur\AppData\Local\Programs\Microsoft VS Code\bin;C:\Users\sanur\AppData\Roaming\npm;C:\Users\sanur\AppData\Local\GitHubDesktop\bin
USERNAME=sanur
OS=Windows_NT
PROCESSOR_IDENTIFIER=AMD64 Family 23 Model 96 Stepping 1, AuthenticAMD



---------------  S Y S T E M  ---------------

OS:
 Windows 10 , 64 bit Build 19041 (10.0.19041.2913)
OS uptime: 0 days 22:58 hours

CPU: total 6 (initial active 6) (6 cores per cpu, 1 threads per core) family 23 model 96 stepping 1 microcode 0x0, cx8, cmov, fxsr, mmx, 3dnowpref, sse, sse2, sse3, ssse3, sse4a, sse4.1, sse4.2, popcnt, lzcnt, tsc, tscinvbit, avx, avx2, aes, clmul, bmi1, bmi2, adx, sha, fma, vzeroupper, clflush, clflushopt

Memory: 4k page, system-wide physical 7564M (405M free)
TotalPageFile size 31090M (AvailPageFile size 76M)
current process WorkingSet (physical memory assigned to process): 10M, peak: 10M
current process commit charge ("private bytes"): 55M, peak: 175M

vm_info: Java HotSpot(TM) 64-Bit Server VM (17+35-LTS-2724) for windows-amd64 JRE (17+35-LTS-2724), built on Aug  5 2021 23:28:28 by "mach5one" with MS VC++ 16.8 (VS2019)

END.
