#
# There is insufficient memory for the Java Runtime Environment to continue.
# Native memory allocation (malloc) failed to allocate 244416 bytes for Chunk::new
# Possible reasons:
#   The system is out of physical RAM or swap space
#   The process is running with CompressedOops enabled, and the Java Heap may be blocking the growth of the native heap
# Possible solutions:
#   Reduce memory load on the system
#   Increase physical memory or swap space
#   Check if swap backing store is full
#   Decrease Java heap size (-Xmx/-Xms)
#   Decrease number of Java threads
#   Decrease Java thread stack sizes (-Xss)
#   Set larger code cache with -XX:ReservedCodeCacheSize=
#   JVM is running with Unscaled Compressed Oops mode in which the Java heap is
#     placed in the first 4GB address space. The Java Heap base address is the
#     maximum limit for the native heap growth. Please use -XX:HeapBaseMinAddress
#     to set the Java Heap base and to place the Java Heap above 4GB virtual address.
# This output file may be truncated or incomplete.
#
#  Out of Memory Error (arena.cpp:189), pid=15936, tid=27724
#
# JRE version: Java(TM) SE Runtime Environment (17.0+35) (build 17+35-LTS-2724)
# Java VM: Java HotSpot(TM) 64-Bit Server VM (17+35-LTS-2724, mixed mode, sharing, tiered, compressed oops, compressed class ptrs, g1 gc, windows-amd64)
# No core dump will be written. Minidumps are not enabled by default on client versions of Windows
#

---------------  S U M M A R Y ------------

Command Line: -Dfile.encoding=UTF-8 --module-path=D:\NetBeansProjects\BankManagementSystem\build\classes bankmanagementsystem.SignUp

Host: AMD Ryzen 5 4500U with Radeon Graphics         , 6 cores, 7G,  Windows 10 , 64 bit Build 19041 (10.0.19041.2913)
Time: Wed Jun 14 21:17:11 2023 India Standard Time elapsed time: 0.911714 seconds (0d 0h 0m 0s)

---------------  T H R E A D  ---------------

Current thread (0x000001e1ff275c30):  JavaThread "C2 CompilerThread0" daemon [_thread_in_native, id=27724, stack(0x00000036c6f00000,0x00000036c7000000)]


Current CompileTask:
C2:    911  945   !   4       sun.font.TrueTypeFont::getTableBuffer (199 bytes)

Stack: [0x00000036c6f00000,0x00000036c7000000]
Native frames: (J=compiled Java code, j=interpreted, Vv=VM code, C=native code)
V  [jvm.dll+0x66f8ea]
V  [jvm.dll+0x7ce224]
V  [jvm.dll+0x7cf9ce]
V  [jvm.dll+0x7d0033]
V  [jvm.dll+0x242bb5]
V  [jvm.dll+0xaa05b]
V  [jvm.dll+0xaa5ec]
V  [jvm.dll+0x2a954f]
V  [jvm.dll+0x5784b9]
V  [jvm.dll+0x21de2d]
V  [jvm.dll+0x217381]
V  [jvm.dll+0x214fb5]
V  [jvm.dll+0x1a168d]
V  [jvm.dll+0x2248f8]
V  [jvm.dll+0x222a5c]
V  [jvm.dll+0x78422b]
V  [jvm.dll+0x77e7ea]
V  [jvm.dll+0x66e715]
C  [ucrtbase.dll+0x21bb2]
C  [KERNEL32.DLL+0x17614]
C  [ntdll.dll+0x526a1]


---------------  P R O C E S S  ---------------

Threads class SMR info:
_java_thread_list=0x000001e19ec8fb40, length=16, elements={
0x000001e1ff25c0d0, 0x000001e1ff25da90, 0x000001e1ff270e30, 0x000001e1ff2717e0,
0x000001e1ff272190, 0x000001e1ff272b40, 0x000001e1ff275c30, 0x000001e1ff2766d0,
0x000001e1ff2825d0, 0x000001e1ff2430e0, 0x000001e1ffcefda0, 0x000001e1ffee4dd0,
0x000001e1ffee52a0, 0x000001e1ffef2180, 0x000001e19ec2b7c0, 0x000001e1fbdbcc60
}

Java Threads: ( => current thread )
  0x000001e1ff25c0d0 JavaThread "Reference Handler" daemon [_thread_blocked, id=27092, stack(0x00000036c6900000,0x00000036c6a00000)]
  0x000001e1ff25da90 JavaThread "Finalizer" daemon [_thread_blocked, id=30452, stack(0x00000036c6a00000,0x00000036c6b00000)]
  0x000001e1ff270e30 JavaThread "Signal Dispatcher" daemon [_thread_blocked, id=30248, stack(0x00000036c6b00000,0x00000036c6c00000)]
  0x000001e1ff2717e0 JavaThread "Attach Listener" daemon [_thread_blocked, id=28520, stack(0x00000036c6c00000,0x00000036c6d00000)]
  0x000001e1ff272190 JavaThread "Service Thread" daemon [_thread_blocked, id=27404, stack(0x00000036c6d00000,0x00000036c6e00000)]
  0x000001e1ff272b40 JavaThread "Monitor Deflation Thread" daemon [_thread_blocked, id=30552, stack(0x00000036c6e00000,0x00000036c6f00000)]
=>0x000001e1ff275c30 JavaThread "C2 CompilerThread0" daemon [_thread_in_native, id=27724, stack(0x00000036c6f00000,0x00000036c7000000)]
  0x000001e1ff2766d0 JavaThread "C1 CompilerThread0" daemon [_thread_blocked, id=20980, stack(0x00000036c7000000,0x00000036c7100000)]
  0x000001e1ff2825d0 JavaThread "Sweeper thread" daemon [_thread_blocked, id=7744, stack(0x00000036c7100000,0x00000036c7200000)]
  0x000001e1ff2430e0 JavaThread "Common-Cleaner" daemon [_thread_blocked, id=29900, stack(0x00000036c7200000,0x00000036c7300000)]
  0x000001e1ffcefda0 JavaThread "Notification Thread" daemon [_thread_blocked, id=21296, stack(0x00000036c7300000,0x00000036c7400000)]
  0x000001e1ffee4dd0 JavaThread "Java2D Disposer" daemon [_thread_blocked, id=1580, stack(0x00000036c7500000,0x00000036c7600000)]
  0x000001e1ffee52a0 JavaThread "AWT-Shutdown" [_thread_blocked, id=25216, stack(0x00000036c7600000,0x00000036c7700000)]
  0x000001e1ffef2180 JavaThread "AWT-Windows" daemon [_thread_in_native, id=22920, stack(0x00000036c7700000,0x00000036c7800000)]
  0x000001e19ec2b7c0 JavaThread "AWT-EventQueue-0" [_thread_in_Java, id=29816, stack(0x00000036c8200000,0x00000036c8300000)]
  0x000001e1fbdbcc60 JavaThread "DestroyJavaVM" [_thread_blocked, id=29976, stack(0x00000036c6200000,0x00000036c6300000)]

Other Threads:
  0x000001e1ff2565d0 VMThread "VM Thread" [stack: 0x00000036c6800000,0x00000036c6900000] [id=30472]
  0x000001e1ffd152b0 WatcherThread [stack: 0x00000036c7400000,0x00000036c7500000] [id=29872]
  0x000001e1fbdf8fd0 GCTaskThread "GC Thread#0" [stack: 0x00000036c6300000,0x00000036c6400000] [id=14448]
  0x000001e1fbe08b90 ConcurrentGCThread "G1 Main Marker" [stack: 0x00000036c6400000,0x00000036c6500000] [id=28592]
  0x000001e1fbe0a5b0 ConcurrentGCThread "G1 Conc#0" [stack: 0x00000036c6500000,0x00000036c6600000] [id=19884]
  0x000001e1fbe9d370 ConcurrentGCThread "G1 Refine#0" [stack: 0x00000036c6600000,0x00000036c6700000] [id=21952]
  0x000001e1fbe9dd90 ConcurrentGCThread "G1 Service" [stack: 0x00000036c6700000,0x00000036c6800000] [id=14444]

Threads with active compile tasks:
C2 CompilerThread0      946  945   !   4       sun.font.TrueTypeFont::getTableBuffer (199 bytes)

VM state: not at safepoint (normal execution)

VM Mutex/Monitor currently owned by a thread: None

Heap address: 0x0000000089c00000, size: 1892 MB, Compressed Oops mode: 32-bit

CDS archive(s) mapped at: [0x0000000800000000-0x0000000800bc0000-0x0000000800bc0000), size 12320768, SharedBaseAddress: 0x0000000800000000, ArchiveRelocationMode: 0.
Compressed class space mapped at: 0x0000000800c00000-0x0000000840c00000, reserved size: 1073741824
Narrow klass base: 0x0000000800000000, Narrow klass shift: 0, Narrow klass range: 0x100000000

GC Precious Log:
 CPUs: 6 total, 6 available
 Memory: 7564M
 Large Page Support: Disabled
 NUMA Support: Disabled
 Compressed Oops: Enabled (32-bit)
 Heap Region Size: 1M
 Heap Min Capacity: 8M
 Heap Initial Capacity: 120M
 Heap Max Capacity: 1892M
 Pre-touch: Disabled
 Parallel Workers: 6
 Concurrent Workers: 2
 Concurrent Refinement Workers: 6
 Periodic GC: Disabled

Heap:
 garbage-first heap   total 122880K, used 18432K [0x0000000089c00000, 0x0000000100000000)
  region size 1024K, 15 young (15360K), 0 survivors (0K)
 Metaspace       used 6233K, committed 6400K, reserved 1056768K
  class space    used 664K, committed 768K, reserved 1048576K

Heap Regions: E=young(eden), S=young(survivor), O=old, HS=humongous(starts), HC=humongous(continues), CS=collection set, F=free, OA=open archive, CA=closed archive, TAMS=top-at-mark-start (previous, next)
|   0|0x0000000089c00000, 0x0000000089d00000, 0x0000000089d00000|100%|HS|  |TAMS 0x0000000089c00000, 0x0000000089c00000| Complete 
|   1|0x0000000089d00000, 0x0000000089e00000, 0x0000000089e00000|100%|HC|  |TAMS 0x0000000089d00000, 0x0000000089d00000| Complete 
|   2|0x0000000089e00000, 0x0000000089f00000, 0x0000000089f00000|100%|HC|  |TAMS 0x0000000089e00000, 0x0000000089e00000| Complete 
|   3|0x0000000089f00000, 0x000000008a000000, 0x000000008a000000|100%|HC|  |TAMS 0x0000000089f00000, 0x0000000089f00000| Complete 
|   4|0x000000008a000000, 0x000000008a000000, 0x000000008a100000|  0%| F|  |TAMS 0x000000008a000000, 0x000000008a000000| Untracked 
|   5|0x000000008a100000, 0x000000008a100000, 0x000000008a200000|  0%| F|  |TAMS 0x000000008a100000, 0x000000008a100000| Untracked 
|   6|0x000000008a200000, 0x000000008a200000, 0x000000008a300000|  0%| F|  |TAMS 0x000000008a200000, 0x000000008a200000| Untracked 
|   7|0x000000008a300000, 0x000000008a300000, 0x000000008a400000|  0%| F|  |TAMS 0x000000008a300000, 0x000000008a300000| Untracked 
|   8|0x000000008a400000, 0x000000008a400000, 0x000000008a500000|  0%| F|  |TAMS 0x000000008a400000, 0x000000008a400000| Untracked 
|   9|0x000000008a500000, 0x000000008a500000, 0x000000008a600000|  0%| F|  |TAMS 0x000000008a500000, 0x000000008a500000| Untracked 
|  10|0x000000008a600000, 0x000000008a600000, 0x000000008a700000|  0%| F|  |TAMS 0x000000008a600000, 0x000000008a600000| Untracked 
|  11|0x000000008a700000, 0x000000008a700000, 0x000000008a800000|  0%| F|  |TAMS 0x000000008a700000, 0x000000008a700000| Untracked 
|  12|0x000000008a800000, 0x000000008a800000, 0x000000008a900000|  0%| F|  |TAMS 0x000000008a800000, 0x000000008a800000| Untracked 
|  13|0x000000008a900000, 0x000000008a900000, 0x000000008aa00000|  0%| F|  |TAMS 0x000000008a900000, 0x000000008a900000| Untracked 
|  14|0x000000008aa00000, 0x000000008aa00000, 0x000000008ab00000|  0%| F|  |TAMS 0x000000008aa00000, 0x000000008aa00000| Untracked 
|  15|0x000000008ab00000, 0x000000008ab00000, 0x000000008ac00000|  0%| F|  |TAMS 0x000000008ab00000, 0x000000008ab00000| Untracked 
|  16|0x000000008ac00000, 0x000000008ac00000, 0x000000008ad00000|  0%| F|  |TAMS 0x000000008ac00000, 0x000000008ac00000| Untracked 
|  17|0x000000008ad00000, 0x000000008ad00000, 0x000000008ae00000|  0%| F|  |TAMS 0x000000008ad00000, 0x000000008ad00000| Untracked 
|  18|0x000000008ae00000, 0x000000008ae00000, 0x000000008af00000|  0%| F|  |TAMS 0x000000008ae00000, 0x000000008ae00000| Untracked 
|  19|0x000000008af00000, 0x000000008af00000, 0x000000008b000000|  0%| F|  |TAMS 0x000000008af00000, 0x000000008af00000| Untracked 
|  20|0x000000008b000000, 0x000000008b000000, 0x000000008b100000|  0%| F|  |TAMS 0x000000008b000000, 0x000000008b000000| Untracked 
|  21|0x000000008b100000, 0x000000008b100000, 0x000000008b200000|  0%| F|  |TAMS 0x000000008b100000, 0x000000008b100000| Untracked 
|  22|0x000000008b200000, 0x000000008b200000, 0x000000008b300000|  0%| F|  |TAMS 0x000000008b200000, 0x000000008b200000| Untracked 
|  23|0x000000008b300000, 0x000000008b300000, 0x000000008b400000|  0%| F|  |TAMS 0x000000008b300000, 0x000000008b300000| Untracked 
|  24|0x000000008b400000, 0x000000008b400000, 0x000000008b500000|  0%| F|  |TAMS 0x000000008b400000, 0x000000008b400000| Untracked 
|  25|0x000000008b500000, 0x000000008b500000, 0x000000008b600000|  0%| F|  |TAMS 0x000000008b500000, 0x000000008b500000| Untracked 
|  26|0x000000008b600000, 0x000000008b600000, 0x000000008b700000|  0%| F|  |TAMS 0x000000008b600000, 0x000000008b600000| Untracked 
|  27|0x000000008b700000, 0x000000008b700000, 0x000000008b800000|  0%| F|  |TAMS 0x000000008b700000, 0x000000008b700000| Untracked 
|  28|0x000000008b800000, 0x000000008b800000, 0x000000008b900000|  0%| F|  |TAMS 0x000000008b800000, 0x000000008b800000| Untracked 
|  29|0x000000008b900000, 0x000000008b900000, 0x000000008ba00000|  0%| F|  |TAMS 0x000000008b900000, 0x000000008b900000| Untracked 
|  30|0x000000008ba00000, 0x000000008ba00000, 0x000000008bb00000|  0%| F|  |TAMS 0x000000008ba00000, 0x000000008ba00000| Untracked 
|  31|0x000000008bb00000, 0x000000008bb00000, 0x000000008bc00000|  0%| F|  |TAMS 0x000000008bb00000, 0x000000008bb00000| Untracked 
|  32|0x000000008bc00000, 0x000000008bc00000, 0x000000008bd00000|  0%| F|  |TAMS 0x000000008bc00000, 0x000000008bc00000| Untracked 
|  33|0x000000008bd00000, 0x000000008bd00000, 0x000000008be00000|  0%| F|  |TAMS 0x000000008bd00000, 0x000000008bd00000| Untracked 
|  34|0x000000008be00000, 0x000000008be00000, 0x000000008bf00000|  0%| F|  |TAMS 0x000000008be00000, 0x000000008be00000| Untracked 
|  35|0x000000008bf00000, 0x000000008bf00000, 0x000000008c000000|  0%| F|  |TAMS 0x000000008bf00000, 0x000000008bf00000| Untracked 
|  36|0x000000008c000000, 0x000000008c000000, 0x000000008c100000|  0%| F|  |TAMS 0x000000008c000000, 0x000000008c000000| Untracked 
|  37|0x000000008c100000, 0x000000008c100000, 0x000000008c200000|  0%| F|  |TAMS 0x000000008c100000, 0x000000008c100000| Untracked 
|  38|0x000000008c200000, 0x000000008c200000, 0x000000008c300000|  0%| F|  |TAMS 0x000000008c200000, 0x000000008c200000| Untracked 
|  39|0x000000008c300000, 0x000000008c300000, 0x000000008c400000|  0%| F|  |TAMS 0x000000008c300000, 0x000000008c300000| Untracked 
|  40|0x000000008c400000, 0x000000008c400000, 0x000000008c500000|  0%| F|  |TAMS 0x000000008c400000, 0x000000008c400000| Untracked 
|  41|0x000000008c500000, 0x000000008c500000, 0x000000008c600000|  0%| F|  |TAMS 0x000000008c500000, 0x000000008c500000| Untracked 
|  42|0x000000008c600000, 0x000000008c600000, 0x000000008c700000|  0%| F|  |TAMS 0x000000008c600000, 0x000000008c600000| Untracked 
|  43|0x000000008c700000, 0x000000008c700000, 0x000000008c800000|  0%| F|  |TAMS 0x000000008c700000, 0x000000008c700000| Untracked 
|  44|0x000000008c800000, 0x000000008c800000, 0x000000008c900000|  0%| F|  |TAMS 0x000000008c800000, 0x000000008c800000| Untracked 
|  45|0x000000008c900000, 0x000000008c900000, 0x000000008ca00000|  0%| F|  |TAMS 0x000000008c900000, 0x000000008c900000| Untracked 
|  46|0x000000008ca00000, 0x000000008ca00000, 0x000000008cb00000|  0%| F|  |TAMS 0x000000008ca00000, 0x000000008ca00000| Untracked 
|  47|0x000000008cb00000, 0x000000008cb00000, 0x000000008cc00000|  0%| F|  |TAMS 0x000000008cb00000, 0x000000008cb00000| Untracked 
|  48|0x000000008cc00000, 0x000000008cc00000, 0x000000008cd00000|  0%| F|  |TAMS 0x000000008cc00000, 0x000000008cc00000| Untracked 
|  49|0x000000008cd00000, 0x000000008cd00000, 0x000000008ce00000|  0%| F|  |TAMS 0x000000008cd00000, 0x000000008cd00000| Untracked 
|  50|0x000000008ce00000, 0x000000008ce00000, 0x000000008cf00000|  0%| F|  |TAMS 0x000000008ce00000, 0x000000008ce00000| Untracked 
|  51|0x000000008cf00000, 0x000000008cf00000, 0x000000008d000000|  0%| F|  |TAMS 0x000000008cf00000, 0x000000008cf00000| Untracked 
|  52|0x000000008d000000, 0x000000008d000000, 0x000000008d100000|  0%| F|  |TAMS 0x000000008d000000, 0x000000008d000000| Untracked 
|  53|0x000000008d100000, 0x000000008d100000, 0x000000008d200000|  0%| F|  |TAMS 0x000000008d100000, 0x000000008d100000| Untracked 
|  54|0x000000008d200000, 0x000000008d200000, 0x000000008d300000|  0%| F|  |TAMS 0x000000008d200000, 0x000000008d200000| Untracked 
|  55|0x000000008d300000, 0x000000008d300000, 0x000000008d400000|  0%| F|  |TAMS 0x000000008d300000, 0x000000008d300000| Untracked 
|  56|0x000000008d400000, 0x000000008d400000, 0x000000008d500000|  0%| F|  |TAMS 0x000000008d400000, 0x000000008d400000| Untracked 
|  57|0x000000008d500000, 0x000000008d500000, 0x000000008d600000|  0%| F|  |TAMS 0x000000008d500000, 0x000000008d500000| Untracked 
|  58|0x000000008d600000, 0x000000008d600000, 0x000000008d700000|  0%| F|  |TAMS 0x000000008d600000, 0x000000008d600000| Untracked 
|  59|0x000000008d700000, 0x000000008d700000, 0x000000008d800000|  0%| F|  |TAMS 0x000000008d700000, 0x000000008d700000| Untracked 
|  60|0x000000008d800000, 0x000000008d800000, 0x000000008d900000|  0%| F|  |TAMS 0x000000008d800000, 0x000000008d800000| Untracked 
|  61|0x000000008d900000, 0x000000008d900000, 0x000000008da00000|  0%| F|  |TAMS 0x000000008d900000, 0x000000008d900000| Untracked 
|  62|0x000000008da00000, 0x000000008da00000, 0x000000008db00000|  0%| F|  |TAMS 0x000000008da00000, 0x000000008da00000| Untracked 
|  63|0x000000008db00000, 0x000000008db00000, 0x000000008dc00000|  0%| F|  |TAMS 0x000000008db00000, 0x000000008db00000| Untracked 
|  64|0x000000008dc00000, 0x000000008dc00000, 0x000000008dd00000|  0%| F|  |TAMS 0x000000008dc00000, 0x000000008dc00000| Untracked 
|  65|0x000000008dd00000, 0x000000008dd00000, 0x000000008de00000|  0%| F|  |TAMS 0x000000008dd00000, 0x000000008dd00000| Untracked 
|  66|0x000000008de00000, 0x000000008de00000, 0x000000008df00000|  0%| F|  |TAMS 0x000000008de00000, 0x000000008de00000| Untracked 
|  67|0x000000008df00000, 0x000000008df00000, 0x000000008e000000|  0%| F|  |TAMS 0x000000008df00000, 0x000000008df00000| Untracked 
|  68|0x000000008e000000, 0x000000008e000000, 0x000000008e100000|  0%| F|  |TAMS 0x000000008e000000, 0x000000008e000000| Untracked 
|  69|0x000000008e100000, 0x000000008e100000, 0x000000008e200000|  0%| F|  |TAMS 0x000000008e100000, 0x000000008e100000| Untracked 
|  70|0x000000008e200000, 0x000000008e200000, 0x000000008e300000|  0%| F|  |TAMS 0x000000008e200000, 0x000000008e200000| Untracked 
|  71|0x000000008e300000, 0x000000008e300000, 0x000000008e400000|  0%| F|  |TAMS 0x000000008e300000, 0x000000008e300000| Untracked 
|  72|0x000000008e400000, 0x000000008e400000, 0x000000008e500000|  0%| F|  |TAMS 0x000000008e400000, 0x000000008e400000| Untracked 
|  73|0x000000008e500000, 0x000000008e500000, 0x000000008e600000|  0%| F|  |TAMS 0x000000008e500000, 0x000000008e500000| Untracked 
|  74|0x000000008e600000, 0x000000008e600000, 0x000000008e700000|  0%| F|  |TAMS 0x000000008e600000, 0x000000008e600000| Untracked 
|  75|0x000000008e700000, 0x000000008e700000, 0x000000008e800000|  0%| F|  |TAMS 0x000000008e700000, 0x000000008e700000| Untracked 
|  76|0x000000008e800000, 0x000000008e800000, 0x000000008e900000|  0%| F|  |TAMS 0x000000008e800000, 0x000000008e800000| Untracked 
|  77|0x000000008e900000, 0x000000008e900000, 0x000000008ea00000|  0%| F|  |TAMS 0x000000008e900000, 0x000000008e900000| Untracked 
|  78|0x000000008ea00000, 0x000000008ea00000, 0x000000008eb00000|  0%| F|  |TAMS 0x000000008ea00000, 0x000000008ea00000| Untracked 
|  79|0x000000008eb00000, 0x000000008eb00000, 0x000000008ec00000|  0%| F|  |TAMS 0x000000008eb00000, 0x000000008eb00000| Untracked 
|  80|0x000000008ec00000, 0x000000008ec00000, 0x000000008ed00000|  0%| F|  |TAMS 0x000000008ec00000, 0x000000008ec00000| Untracked 
|  81|0x000000008ed00000, 0x000000008ed00000, 0x000000008ee00000|  0%| F|  |TAMS 0x000000008ed00000, 0x000000008ed00000| Untracked 
|  82|0x000000008ee00000, 0x000000008ee00000, 0x000000008ef00000|  0%| F|  |TAMS 0x000000008ee00000, 0x000000008ee00000| Untracked 
|  83|0x000000008ef00000, 0x000000008ef00000, 0x000000008f000000|  0%| F|  |TAMS 0x000000008ef00000, 0x000000008ef00000| Untracked 
|  84|0x000000008f000000, 0x000000008f000000, 0x000000008f100000|  0%| F|  |TAMS 0x000000008f000000, 0x000000008f000000| Untracked 
|  85|0x000000008f100000, 0x000000008f100000, 0x000000008f200000|  0%| F|  |TAMS 0x000000008f100000, 0x000000008f100000| Untracked 
|  86|0x000000008f200000, 0x000000008f200000, 0x000000008f300000|  0%| F|  |TAMS 0x000000008f200000, 0x000000008f200000| Untracked 
|  87|0x000000008f300000, 0x000000008f300000, 0x000000008f400000|  0%| F|  |TAMS 0x000000008f300000, 0x000000008f300000| Untracked 
|  88|0x000000008f400000, 0x000000008f400000, 0x000000008f500000|  0%| F|  |TAMS 0x000000008f400000, 0x000000008f400000| Untracked 
|  89|0x000000008f500000, 0x000000008f500000, 0x000000008f600000|  0%| F|  |TAMS 0x000000008f500000, 0x000000008f500000| Untracked 
|  90|0x000000008f600000, 0x000000008f600000, 0x000000008f700000|  0%| F|  |TAMS 0x000000008f600000, 0x000000008f600000| Untracked 
|  91|0x000000008f700000, 0x000000008f700000, 0x000000008f800000|  0%| F|  |TAMS 0x000000008f700000, 0x000000008f700000| Untracked 
|  92|0x000000008f800000, 0x000000008f800000, 0x000000008f900000|  0%| F|  |TAMS 0x000000008f800000, 0x000000008f800000| Untracked 
|  93|0x000000008f900000, 0x000000008f900000, 0x000000008fa00000|  0%| F|  |TAMS 0x000000008f900000, 0x000000008f900000| Untracked 
|  94|0x000000008fa00000, 0x000000008fa00000, 0x000000008fb00000|  0%| F|  |TAMS 0x000000008fa00000, 0x000000008fa00000| Untracked 
|  95|0x000000008fb00000, 0x000000008fb00000, 0x000000008fc00000|  0%| F|  |TAMS 0x000000008fb00000, 0x000000008fb00000| Untracked 
|  96|0x000000008fc00000, 0x000000008fc00000, 0x000000008fd00000|  0%| F|  |TAMS 0x000000008fc00000, 0x000000008fc00000| Untracked 
|  97|0x000000008fd00000, 0x000000008fd00000, 0x000000008fe00000|  0%| F|  |TAMS 0x000000008fd00000, 0x000000008fd00000| Untracked 
|  98|0x000000008fe00000, 0x000000008fe00000, 0x000000008ff00000|  0%| F|  |TAMS 0x000000008fe00000, 0x000000008fe00000| Untracked 
|  99|0x000000008ff00000, 0x000000008ff00000, 0x0000000090000000|  0%| F|  |TAMS 0x000000008ff00000, 0x000000008ff00000| Untracked 
| 100|0x0000000090000000, 0x0000000090000000, 0x0000000090100000|  0%| F|  |TAMS 0x0000000090000000, 0x0000000090000000| Untracked 
| 101|0x0000000090100000, 0x0000000090100000, 0x0000000090200000|  0%| F|  |TAMS 0x0000000090100000, 0x0000000090100000| Untracked 
| 102|0x0000000090200000, 0x0000000090200000, 0x0000000090300000|  0%| F|  |TAMS 0x0000000090200000, 0x0000000090200000| Untracked 
| 103|0x0000000090300000, 0x0000000090300000, 0x0000000090400000|  0%| F|  |TAMS 0x0000000090300000, 0x0000000090300000| Untracked 
| 104|0x0000000090400000, 0x0000000090400000, 0x0000000090500000|  0%| F|  |TAMS 0x0000000090400000, 0x0000000090400000| Untracked 
| 105|0x0000000090500000, 0x00000000905d9740, 0x0000000090600000| 84%| E|  |TAMS 0x0000000090500000, 0x0000000090500000| Complete 
| 106|0x0000000090600000, 0x0000000090700000, 0x0000000090700000|100%| E|CS|TAMS 0x0000000090600000, 0x0000000090600000| Complete 
| 107|0x0000000090700000, 0x0000000090800000, 0x0000000090800000|100%| E|CS|TAMS 0x0000000090700000, 0x0000000090700000| Complete 
| 108|0x0000000090800000, 0x0000000090900000, 0x0000000090900000|100%| E|CS|TAMS 0x0000000090800000, 0x0000000090800000| Complete 
| 109|0x0000000090900000, 0x0000000090a00000, 0x0000000090a00000|100%| E|CS|TAMS 0x0000000090900000, 0x0000000090900000| Complete 
| 110|0x0000000090a00000, 0x0000000090b00000, 0x0000000090b00000|100%| E|CS|TAMS 0x0000000090a00000, 0x0000000090a00000| Complete 
| 111|0x0000000090b00000, 0x0000000090c00000, 0x0000000090c00000|100%| E|CS|TAMS 0x0000000090b00000, 0x0000000090b00000| Complete 
| 112|0x0000000090c00000, 0x0000000090d00000, 0x0000000090d00000|100%| E|CS|TAMS 0x0000000090c00000, 0x0000000090c00000| Complete 
| 113|0x0000000090d00000, 0x0000000090e00000, 0x0000000090e00000|100%| E|CS|TAMS 0x0000000090d00000, 0x0000000090d00000| Complete 
| 114|0x0000000090e00000, 0x0000000090f00000, 0x0000000090f00000|100%| E|CS|TAMS 0x0000000090e00000, 0x0000000090e00000| Complete 
| 115|0x0000000090f00000, 0x0000000091000000, 0x0000000091000000|100%| E|CS|TAMS 0x0000000090f00000, 0x0000000090f00000| Complete 
| 116|0x0000000091000000, 0x0000000091100000, 0x0000000091100000|100%| E|CS|TAMS 0x0000000091000000, 0x0000000091000000| Complete 
| 117|0x0000000091100000, 0x0000000091200000, 0x0000000091200000|100%| E|CS|TAMS 0x0000000091100000, 0x0000000091100000| Complete 
| 118|0x0000000091200000, 0x0000000091300000, 0x0000000091300000|100%| E|CS|TAMS 0x0000000091200000, 0x0000000091200000| Complete 
| 119|0x0000000091300000, 0x0000000091400000, 0x0000000091400000|100%| E|CS|TAMS 0x0000000091300000, 0x0000000091300000| Complete 

Card table byte_map: [0x000001e1fe2a0000,0x000001e1fe660000] _byte_map_base: 0x000001e1fde52000

Marking Bits (Prev, Next): (CMBitMap*) 0x000001e1fbdf95e0, (CMBitMap*) 0x000001e1fbdf9620
 Prev Bits: [0x000001e196730000, 0x000001e1984c0000)
 Next Bits: [0x000001e1984c0000, 0x000001e19a250000)

Polling page: 0x000001e1fbea0000

Metaspace:

Usage:
  Non-class:      5.46 MB used.
      Class:    667.73 KB used.
       Both:      6.11 MB used.

Virtual space:
  Non-class space:        8.00 MB reserved,       5.56 MB ( 70%) committed,  1 nodes.
      Class space:        1.00 GB reserved,     768.00 KB ( <1%) committed,  1 nodes.
             Both:        1.01 GB reserved,       6.31 MB ( <1%) committed. 

Chunk freelists:
   Non-Class:  2.38 MB
       Class:  3.24 MB
        Both:  5.62 MB

MaxMetaspaceSize: unlimited
CompressedClassSpaceSize: 1.00 GB
Initial GC threshold: 21.00 MB
Current GC threshold: 21.00 MB
CDS: on
MetaspaceReclaimPolicy: balanced
 - commit_granule_bytes: 65536.
 - commit_granule_words: 8192.
 - virtual_space_node_default_size: 1048576.
 - enlarge_chunks_in_place: 1.
 - new_chunks_are_fully_committed: 0.
 - uncommit_free_chunks: 1.
 - use_allocation_guard: 0.
 - handle_deallocations: 1.


Internal statistics:

num_allocs_failed_limit: 0.
num_arena_births: 118.
num_arena_deaths: 0.
num_vsnodes_births: 2.
num_vsnodes_deaths: 0.
num_space_committed: 101.
num_space_uncommitted: 0.
num_chunks_returned_to_freelist: 0.
num_chunks_taken_from_freelist: 164.
num_chunk_merges: 0.
num_chunk_splits: 88.
num_chunks_enlarged: 21.
num_purges: 0.
num_inconsistent_stats: 0.

CodeHeap 'non-profiled nmethods': size=120000Kb used=253Kb max_used=253Kb free=119746Kb
 bounds [0x000001e18f200000, 0x000001e18f470000, 0x000001e196730000]
CodeHeap 'profiled nmethods': size=120000Kb used=1535Kb max_used=1535Kb free=118464Kb
 bounds [0x000001e187cd0000, 0x000001e187f40000, 0x000001e18f200000]
CodeHeap 'non-nmethods': size=5760Kb used=1252Kb max_used=1264Kb free=4508Kb
 bounds [0x000001e187730000, 0x000001e1879a0000, 0x000001e187cd0000]
 total_blobs=1524 nmethods=954 adapters=483
 compilation: enabled
              stopped_count=0, restarted_count=0
 full_count=0

Compilation events (20 events):
Event: 0.884 Thread 0x000001e1ff2766d0  939       3       java.nio.channels.FileChannel::<init> (5 bytes)
Event: 0.884 Thread 0x000001e1ff2766d0 nmethod 939 0x000001e187e48410 code [0x000001e187e485c0, 0x000001e187e48898]
Event: 0.884 Thread 0x000001e1ff2766d0  936       3       java.io.RandomAccessFile::open (7 bytes)
Event: 0.884 Thread 0x000001e1ff2766d0 nmethod 936 0x000001e187e48990 code [0x000001e187e48b20, 0x000001e187e48c68]
Event: 0.884 Thread 0x000001e1ff2766d0  940       3       java.nio.channels.spi.AbstractInterruptibleChannel::<init> (16 bytes)
Event: 0.884 Thread 0x000001e1ff2766d0 nmethod 940 0x000001e187e48d10 code [0x000001e187e48ec0, 0x000001e187e49138]
Event: 0.887 Thread 0x000001e1ff2766d0  943       3       java.lang.StringUTF16::toBytes (34 bytes)
Event: 0.887 Thread 0x000001e1ff2766d0 nmethod 943 0x000001e187e49210 code [0x000001e187e493c0, 0x000001e187e495e8]
Event: 0.887 Thread 0x000001e1ff2766d0  944       3       java.lang.StringUTF16::hashCode (33 bytes)
Event: 0.887 Thread 0x000001e1ff2766d0 nmethod 944 0x000001e187e49790 code [0x000001e187e49920, 0x000001e187e49ad8]
Event: 0.889 Thread 0x000001e1ff275c30 nmethod 941 0x000001e18f23e690 code [0x000001e18f23e840, 0x000001e18f23ed18]
Event: 0.889 Thread 0x000001e1ff275c30  945   !   4       sun.font.TrueTypeFont::getTableBuffer (199 bytes)
Event: 0.892 Thread 0x000001e1ff2766d0  946       3       java.util.HashSet::toArray (16 bytes)
Event: 0.892 Thread 0x000001e1ff2766d0 nmethod 946 0x000001e187e49c10 code [0x000001e187e49dc0, 0x000001e187e49fd8]
Event: 0.892 Thread 0x000001e1ff2766d0  947       3       java.util.HashMap::prepareArray (38 bytes)
Event: 0.893 Thread 0x000001e1ff2766d0 nmethod 947 0x000001e187e4a090 code [0x000001e187e4a280, 0x000001e187e4a898]
Event: 0.894 Thread 0x000001e1ff2766d0  948       3       sun.nio.ch.FileChannelImpl::open (16 bytes)
Event: 0.894 Thread 0x000001e1ff2766d0 nmethod 948 0x000001e187e4aa90 code [0x000001e187e4ac40, 0x000001e187e4ae08]
Event: 0.899 Thread 0x000001e1ff2766d0  950       3       java.lang.StringUTF16::newBytesFor (61 bytes)
Event: 0.901 Thread 0x000001e1ff2766d0 nmethod 950 0x000001e187e4af10 code [0x000001e187e4b180, 0x000001e187e4ba68]

GC Heap History (0 events):
No events

Deoptimization events (16 events):
Event: 0.347 Thread 0x000001e1fbdbcc60 Uncommon trap: trap_request=0xffffff45 fr.pc=0x000001e18f20e474 relative=0x0000000000000894
Event: 0.347 Thread 0x000001e1fbdbcc60 Uncommon trap: reason=unstable_if action=reinterpret pc=0x000001e18f20e474 method=java.util.HashMap.putVal(ILjava/lang/Object;Ljava/lang/Object;ZZ)Ljava/lang/Object; @ 81 c2
Event: 0.347 Thread 0x000001e1fbdbcc60 DEOPT PACKING pc=0x000001e18f20e474 sp=0x00000036c62fe100
Event: 0.347 Thread 0x000001e1fbdbcc60 DEOPT UNPACKING pc=0x000001e1877823a3 sp=0x00000036c62fe0a0 mode 2
Event: 0.605 Thread 0x000001e19ec2b7c0 Uncommon trap: trap_request=0xffffff45 fr.pc=0x000001e18f22efc0 relative=0x0000000000000480
Event: 0.605 Thread 0x000001e19ec2b7c0 Uncommon trap: reason=unstable_if action=reinterpret pc=0x000001e18f22efc0 method=java.lang.StringLatin1.toLowerCase(Ljava/lang/String;[BLjava/util/Locale;)Ljava/lang/String; @ 43 c2
Event: 0.605 Thread 0x000001e19ec2b7c0 DEOPT PACKING pc=0x000001e18f22efc0 sp=0x00000036c82fd540
Event: 0.605 Thread 0x000001e19ec2b7c0 DEOPT UNPACKING pc=0x000001e1877823a3 sp=0x00000036c82fd4b0 mode 2
Event: 0.614 Thread 0x000001e19ec2b7c0 DEOPT PACKING pc=0x000001e187ce6d67 sp=0x00000036c82fcf40
Event: 0.614 Thread 0x000001e19ec2b7c0 DEOPT UNPACKING pc=0x000001e187782b43 sp=0x00000036c82fc360 mode 0
Event: 0.691 Thread 0x000001e19ec2b7c0 DEOPT PACKING pc=0x000001e187cdc7d1 sp=0x00000036c82fd1c0
Event: 0.691 Thread 0x000001e19ec2b7c0 DEOPT UNPACKING pc=0x000001e187782b43 sp=0x00000036c82fc638 mode 0
Event: 0.859 Thread 0x000001e19ec2b7c0 Uncommon trap: trap_request=0xffffff45 fr.pc=0x000001e18f20af98 relative=0x0000000000000218
Event: 0.859 Thread 0x000001e19ec2b7c0 Uncommon trap: reason=unstable_if action=reinterpret pc=0x000001e18f20af98 method=java.lang.String.isLatin1()Z @ 10 c2
Event: 0.859 Thread 0x000001e19ec2b7c0 DEOPT PACKING pc=0x000001e18f20af98 sp=0x00000036c82fd350
Event: 0.859 Thread 0x000001e19ec2b7c0 DEOPT UNPACKING pc=0x000001e1877823a3 sp=0x00000036c82fd280 mode 2

Classes unloaded (0 events):
No events

Classes redefined (0 events):
No events

Internal exceptions (16 events):
Event: 0.095 Thread 0x000001e1fbdbcc60 Exception <a 'sun/nio/fs/WindowsException'{0x0000000091221710}> (0x0000000091221710) 
thrown [t:\workspace\open\src\hotspot\share\prims\jni.cpp, line 516]
Event: 0.095 Thread 0x000001e1fbdbcc60 Exception <a 'sun/nio/fs/WindowsException'{0x0000000091221bf8}> (0x0000000091221bf8) 
thrown [t:\workspace\open\src\hotspot\share\prims\jni.cpp, line 516]
Event: 0.098 Thread 0x000001e1fbdbcc60 Exception <a 'sun/nio/fs/WindowsException'{0x0000000091223da8}> (0x0000000091223da8) 
thrown [t:\workspace\open\src\hotspot\share\prims\jni.cpp, line 516]
Event: 0.099 Thread 0x000001e1fbdbcc60 Exception <a 'sun/nio/fs/WindowsException'{0x0000000091224788}> (0x0000000091224788) 
thrown [t:\workspace\open\src\hotspot\share\prims\jni.cpp, line 516]
Event: 0.137 Thread 0x000001e1fbdbcc60 Exception <a 'java/lang/ClassNotFoundException'{0x00000000912c2bc8}: sun/awt/resources/spi/awtProvider> (0x00000000912c2bc8) 
thrown [t:\workspace\open\src\hotspot\share\classfile\systemDictionary.cpp, line 256]
Event: 0.166 Thread 0x000001e1fbdbcc60 Exception <a 'java/io/FileNotFoundException'{0x0000000091116a00}> (0x0000000091116a00) 
thrown [t:\workspace\open\src\hotspot\share\prims\jni.cpp, line 516]
Event: 0.175 Thread 0x000001e1fbdbcc60 Exception <a 'java/io/FileNotFoundException'{0x0000000091143928}> (0x0000000091143928) 
thrown [t:\workspace\open\src\hotspot\share\prims\jni.cpp, line 516]
Event: 0.227 Thread 0x000001e1fbdbcc60 Exception <a 'java/lang/NoSuchMethodError'{0x0000000091187e00}: 'java.lang.Object java.lang.invoke.DirectMethodHandle$Holder.invokeStaticInit(java.lang.Object)'> (0x0000000091187e00) 
thrown [t:\workspace\open\src\hotspot\share\interpreter\linkResolver.cpp, line 766]
Event: 0.349 Thread 0x000001e1fbdbcc60 Exception <a 'java/lang/NoSuchMethodError'{0x00000000911d2610}: 'void java.lang.invoke.DirectMethodHandle$Holder.invokeSpecial(java.lang.Object, java.lang.Object, java.lang.Object)'> (0x00000000911d2610) 
thrown [t:\workspace\open\src\hotspot\share\interpreter\linkResolver.cpp, line 766]
Event: 0.360 Thread 0x000001e1fbdbcc60 Exception <a 'java/lang/NoSuchMethodError'{0x0000000091025100}: 'java.lang.Object java.lang.invoke.DirectMethodHandle$Holder.newInvokeSpecial(java.lang.Object, java.lang.Object, java.lang.Object, java.lang.Object, java.lang.Object)'> (0x0000000091025100) 
thrown [t:\workspace\open\src\hotspot\share\interpreter\linkResolver.cpp, line 766]
Event: 0.363 Thread 0x000001e1fbdbcc60 Exception <a 'java/lang/NoSuchMethodError'{0x0000000091030ac8}: 'java.lang.Object java.lang.invoke.DirectMethodHandle$Holder.invokeStatic(java.lang.Object, int, java.lang.Object, java.lang.Object, java.lang.Object, java.lang.Object)'> (0x0000000091030ac8) 
thrown [t:\workspace\open\src\hotspot\share\interpreter\linkResolver.cpp, line 766]
Event: 0.369 Thread 0x000001e1fbdbcc60 Exception <a 'java/lang/NoSuchMethodError'{0x0000000091056288}: 'java.lang.Object java.lang.invoke.DirectMethodHandle$Holder.invokeStatic(java.lang.Object, int, java.lang.Object)'> (0x0000000091056288) 
thrown [t:\workspace\open\src\hotspot\share\interpreter\linkResolver.cpp, line 766]
Event: 0.399 Thread 0x000001e1fbdbcc60 Exception <a 'java/lang/ClassNotFoundException'{0x0000000090f79f98}: com/sun/swing/internal/plaf/metal/resources/spi/metalProvider> (0x0000000090f79f98) 
thrown [t:\workspace\open\src\hotspot\share\classfile\systemDictionary.cpp, line 256]
Event: 0.401 Thread 0x000001e1fbdbcc60 Exception <a 'java/lang/ClassNotFoundException'{0x0000000090f7dda0}: com/sun/swing/internal/plaf/basic/resources/spi/basicProvider> (0x0000000090f7dda0) 
thrown [t:\workspace\open\src\hotspot\share\classfile\systemDictionary.cpp, line 256]
Event: 0.435 Thread 0x000001e1ffef2180 Exception <a 'java/lang/NoSuchMethodError'{0x00000000911e7d88}: 'void java.lang.invoke.DirectMethodHandle$Holder.invokeVirtual(java.lang.Object, java.lang.Object)'> (0x00000000911e7d88) 
thrown [t:\workspace\open\src\hotspot\share\interpreter\linkResolver.cpp, line 766]
Event: 0.456 Thread 0x000001e1fbdbcc60 Exception <a 'java/lang/NoSuchMethodError'{0x0000000090e023e0}: 'void java.lang.invoke.DirectMethodHandle$Holder.invokeStaticInit(java.lang.Object)'> (0x0000000090e023e0) 
thrown [t:\workspace\open\src\hotspot\share\interpreter\linkResolver.cpp, line 766]

VM Operations (6 events):
Event: 0.100 Executing VM operation: HandshakeAllThreads
Event: 0.100 Executing VM operation: HandshakeAllThreads done
Event: 0.444 Executing VM operation: HandshakeAllThreads
Event: 0.444 Executing VM operation: HandshakeAllThreads done
Event: 0.486 Executing VM operation: HandshakeAllThreads
Event: 0.486 Executing VM operation: HandshakeAllThreads done

Events (20 events):
Event: 0.596 loading class sun/font/TrueTypeFont$DirectoryEntry
Event: 0.596 loading class sun/font/TrueTypeFont$DirectoryEntry done
Event: 0.597 loading class java/nio/ByteBufferAsShortBufferB
Event: 0.597 loading class java/nio/ShortBuffer
Event: 0.597 loading class java/nio/ShortBuffer done
Event: 0.597 loading class java/nio/ByteBufferAsShortBufferB done
Event: 0.597 loading class sun/nio/cs/UTF_16$Decoder
Event: 0.597 loading class sun/nio/cs/UnicodeDecoder
Event: 0.598 loading class sun/nio/cs/UnicodeDecoder done
Event: 0.598 loading class sun/nio/cs/UTF_16$Decoder done
Event: 0.606 loading class sun/font/SunFontManager$4
Event: 0.606 loading class sun/font/SunFontManager$4 done
Event: 0.619 loading class jdk/internal/misc/ScopedMemoryAccess$Scope
Event: 0.619 loading class jdk/internal/misc/ScopedMemoryAccess$Scope done
Event: 0.627 loading class sun/font/SunFontManager$9
Event: 0.627 loading class sun/font/SunFontManager$9 done
Event: 0.628 loading class sun/font/SunFontManager$10
Event: 0.628 loading class sun/font/SunFontManager$10 done
Event: 0.871 loading class jdk/internal/access/foreign/MemorySegmentProxy
Event: 0.871 loading class jdk/internal/access/foreign/MemorySegmentProxy done


Dynamic libraries:
0x00007ff69cff0000 - 0x00007ff69d000000 	C:\Program Files\Java\jdk-17\bin\java.exe
0x00007ffb71150000 - 0x00007ffb71348000 	C:\WINDOWS\SYSTEM32\ntdll.dll
0x00007ffb70ba0000 - 0x00007ffb70c5f000 	C:\WINDOWS\System32\KERNEL32.DLL
0x00007ffb6ec60000 - 0x00007ffb6ef56000 	C:\WINDOWS\System32\KERNELBASE.dll
0x00007ffb6eb60000 - 0x00007ffb6ec60000 	C:\WINDOWS\System32\ucrtbase.dll
0x00007ffb69db0000 - 0x00007ffb69dca000 	C:\Program Files\Java\jdk-17\bin\VCRUNTIME140.dll
0x00007ffb6b380000 - 0x00007ffb6b398000 	C:\Program Files\Java\jdk-17\bin\jli.dll
0x00007ffb70010000 - 0x00007ffb700bf000 	C:\WINDOWS\System32\ADVAPI32.dll
0x00007ffb700c0000 - 0x00007ffb7015e000 	C:\WINDOWS\System32\msvcrt.dll
0x00007ffb70230000 - 0x00007ffb702cc000 	C:\WINDOWS\System32\sechost.dll
0x00007ffb6f720000 - 0x00007ffb6f846000 	C:\WINDOWS\System32\RPCRT4.dll
0x00007ffb6fe70000 - 0x00007ffb7000d000 	C:\WINDOWS\System32\USER32.dll
0x00007ffb6e880000 - 0x00007ffb6e8a2000 	C:\WINDOWS\System32\win32u.dll
0x00007ffb55e50000 - 0x00007ffb560ea000 	C:\WINDOWS\WinSxS\amd64_microsoft.windows.common-controls_6595b64144ccf1df_6.0.19041.1110_none_60b5254171f9507e\COMCTL32.dll
0x00007ffb70cf0000 - 0x00007ffb70d1c000 	C:\WINDOWS\System32\GDI32.dll
0x00007ffb6ef60000 - 0x00007ffb6f075000 	C:\WINDOWS\System32\gdi32full.dll
0x00007ffb6e8b0000 - 0x00007ffb6e94d000 	C:\WINDOWS\System32\msvcp_win.dll
0x00007ffb65580000 - 0x00007ffb6558a000 	C:\WINDOWS\SYSTEM32\VERSION.dll
0x00007ffb70ea0000 - 0x00007ffb70ed0000 	C:\WINDOWS\System32\IMM32.DLL
0x00007ffb6b370000 - 0x00007ffb6b37c000 	C:\Program Files\Java\jdk-17\bin\vcruntime140_1.dll
0x00007ffb69cd0000 - 0x00007ffb69d5d000 	C:\Program Files\Java\jdk-17\bin\msvcp140.dll
0x00007ffb529f0000 - 0x00007ffb535ae000 	C:\Program Files\Java\jdk-17\bin\server\jvm.dll
0x00007ffb70ce0000 - 0x00007ffb70ce8000 	C:\WINDOWS\System32\PSAPI.DLL
0x00007ffb57070000 - 0x00007ffb57079000 	C:\WINDOWS\SYSTEM32\WSOCK32.dll
0x00007ffb702d0000 - 0x00007ffb7033b000 	C:\WINDOWS\System32\WS2_32.dll
0x00007ffb65590000 - 0x00007ffb655b7000 	C:\WINDOWS\SYSTEM32\WINMM.dll
0x00007ffb6d080000 - 0x00007ffb6d092000 	C:\WINDOWS\SYSTEM32\kernel.appcore.dll
0x00007ffb53740000 - 0x00007ffb5374a000 	C:\Program Files\Java\jdk-17\bin\jimage.dll
0x00007ffb6cd30000 - 0x00007ffb6cf14000 	C:\WINDOWS\SYSTEM32\DBGHELP.DLL
0x00007ffb57310000 - 0x00007ffb57344000 	C:\WINDOWS\SYSTEM32\dbgcore.DLL
0x00007ffb6f120000 - 0x00007ffb6f1a2000 	C:\WINDOWS\System32\bcryptPrimitives.dll
0x00007ffb53710000 - 0x00007ffb53735000 	C:\Program Files\Java\jdk-17\bin\java.dll
0x00007ffb51410000 - 0x00007ffb514e6000 	C:\Program Files\Java\jdk-17\bin\svml.dll
0x00007ffb703b0000 - 0x00007ffb70af4000 	C:\WINDOWS\System32\SHELL32.dll
0x00007ffb6c470000 - 0x00007ffb6cc03000 	C:\WINDOWS\SYSTEM32\windows.storage.dll
0x00007ffb6f210000 - 0x00007ffb6f564000 	C:\WINDOWS\System32\combase.dll
0x00007ffb6e290000 - 0x00007ffb6e2be000 	C:\WINDOWS\SYSTEM32\Wldp.dll
0x00007ffb6f870000 - 0x00007ffb6f91d000 	C:\WINDOWS\System32\SHCORE.dll
0x00007ffb6f1b0000 - 0x00007ffb6f205000 	C:\WINDOWS\System32\shlwapi.dll
0x00007ffb6e770000 - 0x00007ffb6e78f000 	C:\WINDOWS\SYSTEM32\profapi.dll
0x00007ffb50de0000 - 0x00007ffb50df9000 	C:\Program Files\Java\jdk-17\bin\net.dll
0x00007ffb69710000 - 0x00007ffb6981a000 	C:\WINDOWS\SYSTEM32\WINHTTP.dll
0x00007ffb6df80000 - 0x00007ffb6dfea000 	C:\WINDOWS\system32\mswsock.dll
0x00007ffb50dc0000 - 0x00007ffb50dd5000 	C:\Program Files\Java\jdk-17\bin\nio.dll
0x00007ffb35130000 - 0x00007ffb352bf000 	C:\Program Files\Java\jdk-17\bin\awt.dll
0x00007ffb70160000 - 0x00007ffb7022d000 	C:\WINDOWS\System32\OLEAUT32.dll
0x00007ffb6ba00000 - 0x00007ffb6ba91000 	C:\WINDOWS\SYSTEM32\apphelp.dll
0x00007ffb6be80000 - 0x00007ffb6beaf000 	C:\WINDOWS\system32\DWMAPI.DLL
0x00007ffb6bba0000 - 0x00007ffb6bc3e000 	C:\WINDOWS\system32\uxtheme.dll
0x00007ffb16d10000 - 0x00007ffb16e35000 	C:\WINDOWS\system32\opengl32.dll
0x00007ffb16c20000 - 0x00007ffb16c4c000 	C:\WINDOWS\SYSTEM32\GLU32.dll
0x00007ffb70d20000 - 0x00007ffb70e34000 	C:\WINDOWS\System32\MSCTF.dll
0x00007ffb70f80000 - 0x00007ffb710aa000 	C:\WINDOWS\System32\ole32.dll
0x00007ffb07310000 - 0x00007ffb074dd000 	C:\WINDOWS\system32\d3d9.dll
0x00007ffb651e0000 - 0x00007ffb653bb000 	C:\WINDOWS\System32\DriverStore\FileRepository\u0369254.inf_amd64_6f1e9c11bbc40f12\B369275\aticfx64.dll
0x00007ffaf5c20000 - 0x00007ffaf5c53000 	C:\WINDOWS\System32\DriverStore\FileRepository\u0369254.inf_amd64_6f1e9c11bbc40f12\B369275\atiu9p64.dll
0x00007ffaf4ec0000 - 0x00007ffaf5c1a000 	C:\WINDOWS\System32\DriverStore\FileRepository\u0369254.inf_amd64_6f1e9c11bbc40f12\B369275\atiumd64.dll
0x0000000062bc0000 - 0x0000000063a8b000 	C:\WINDOWS\System32\DriverStore\FileRepository\u0369254.inf_amd64_6f1e9c11bbc40f12\B369275\atiumd6a.dll
0x00007ffb6e240000 - 0x00007ffb6e28b000 	C:\WINDOWS\SYSTEM32\POWRPROF.dll
0x00007ffb6e220000 - 0x00007ffb6e232000 	C:\WINDOWS\SYSTEM32\UMPDC.dll
0x00007ffb63070000 - 0x00007ffb630a0000 	C:\WINDOWS\SYSTEM32\amdihk64.dll
0x00007ffb65540000 - 0x00007ffb6557b000 	C:\WINDOWS\SYSTEM32\dxcore.dll
0x00007ffb6e830000 - 0x00007ffb6e87e000 	C:\WINDOWS\System32\cfgmgr32.dll
0x00007ffb406d0000 - 0x00007ffb40759000 	C:\Program Files\Java\jdk-17\bin\freetype.dll
0x00007ffb40620000 - 0x00007ffb406c8000 	C:\Program Files\Java\jdk-17\bin\fontmanager.dll
0x00007ffb55480000 - 0x00007ffb5557a000 	C:\WINDOWS\SYSTEM32\textinputframework.dll
0x00007ffb6b010000 - 0x00007ffb6b36e000 	C:\WINDOWS\System32\CoreUIComponents.dll
0x00007ffb6b7d0000 - 0x00007ffb6b8c2000 	C:\WINDOWS\System32\CoreMessaging.dll
0x00007ffb6d9b0000 - 0x00007ffb6d9e3000 	C:\WINDOWS\SYSTEM32\ntmarta.dll
0x00007ffb6acc0000 - 0x00007ffb6ae14000 	C:\WINDOWS\SYSTEM32\wintypes.dll
0x00007ffb45fd0000 - 0x00007ffb46036000 	C:\WINDOWS\system32\Oleacc.dll

dbghelp: loaded successfully - version: 4.0.5 - missing functions: none
symbol engine: initialized successfully - sym options: 0x614 - pdb path: .;C:\Program Files\Java\jdk-17\bin;C:\WINDOWS\SYSTEM32;C:\WINDOWS\WinSxS\amd64_microsoft.windows.common-controls_6595b64144ccf1df_6.0.19041.1110_none_60b5254171f9507e;C:\Program Files\Java\jdk-17\bin\server;C:\WINDOWS\System32\DriverStore\FileRepository\u0369254.inf_amd64_6f1e9c11bbc40f12\B369275

VM Arguments:
jvm_args: -Dfile.encoding=UTF-8 --module-path=D:\NetBeansProjects\BankManagementSystem\build\classes 
java_command: bankmanagementsystem.SignUp
java_class_path (initial): D:\NetBeansProjects\BankManagementSystem\build\classes
Launcher Type: SUN_STANDARD

[Global flags]
     intx CICompilerCount                          = 3                                         {product} {ergonomic}
     uint ConcGCThreads                            = 2                                         {product} {ergonomic}
     uint G1ConcRefinementThreads                  = 6                                         {product} {ergonomic}
   size_t G1HeapRegionSize                         = 1048576                                   {product} {ergonomic}
    uintx GCDrainStackTargetSize                   = 64                                        {product} {ergonomic}
   size_t InitialHeapSize                          = 125829120                                 {product} {ergonomic}
   size_t MarkStackSize                            = 4194304                                   {product} {ergonomic}
   size_t MaxHeapSize                              = 1983905792                                {product} {ergonomic}
   size_t MaxNewSize                               = 1190133760                                {product} {ergonomic}
   size_t MinHeapDeltaBytes                        = 1048576                                   {product} {ergonomic}
   size_t MinHeapSize                              = 8388608                                   {product} {ergonomic}
    uintx NonNMethodCodeHeapSize                   = 5832780                                {pd product} {ergonomic}
    uintx NonProfiledCodeHeapSize                  = 122912730                              {pd product} {ergonomic}
    uintx ProfiledCodeHeapSize                     = 122912730                              {pd product} {ergonomic}
    uintx ReservedCodeCacheSize                    = 251658240                              {pd product} {ergonomic}
     bool SegmentedCodeCache                       = true                                      {product} {ergonomic}
   size_t SoftMaxHeapSize                          = 1983905792                             {manageable} {ergonomic}
     bool UseCompressedClassPointers               = true                           {product lp64_product} {ergonomic}
     bool UseCompressedOops                        = true                           {product lp64_product} {ergonomic}
     bool UseG1GC                                  = true                                      {product} {ergonomic}
     bool UseLargePagesIndividualAllocation        = false                                  {pd product} {ergonomic}

Logging:
Log output configuration:
 #0: stdout all=warning uptime,level,tags
 #1: stderr all=off uptime,level,tags

Environment Variables:
JAVA_HOME=C:\Program Files\Amazon Corretto\jdk11.0.11_9
CLASSPATH=C:\Program Files\Apache Software Foundation\Tomcat 9.0\lib\servlet-api.jar;
PATH=C:\Program Files\Eclipse Adoptium\jdk-17.0.6.10-hotspot\bin;C:\Program Files\Microsoft\jdk-11.0.12.7-hotspot\bin;C:\oraclexe\app\oracle\product\11.2.0\server\bin;C:\Program Files\Common Files\Oracle\Java\javapath;C:\Program Files (x86)\Common Files\Oracle\Java\javapath;C:\Program Files\Amazon Corretto\jdk11.0.11_9\bin;C:\WINDOWS\system32;C:\WINDOWS;C:\WINDOWS\System32\Wbem;C:\WINDOWS\System32\WindowsPowerShell\v1.0\;C:\WINDOWS\System32\OpenSSH\;C:\Program Files\mingw-w64\mingw64\bin;C:\Program Files\MATLAB\R2022b\bin;C:\Program Files\Polyspace\R2019a\runtime\win64;C:\Program Files\Polyspace\R2019a\bin;C:\Program Files\Polyspace\R2019a\polyspace\bin;C:\Program Files\Microsoft SQL Server\130\Tools\Binn\;C:\MinGW\bin;C:\Program Files\dotnet\;C:\Program Files\Microsoft SQL Server\Client SDK\ODBC\170\Tools\Binn\;C:\MinGW\bin;C:\Program Files\Git\cmd;C:\Program Files\nodejs\;C:\Program Files\Java\jdk-17\bin;C:\Program Files\Microsoft SQL Server\150\Tools\Binn\;C:\Users\sanur\AppData\Local\Microsoft\WindowsApps;C:\Users\sanur\.dotnet\tools;C:\Users\sanur\AppData\Local\Programs\Microsoft VS Code\bin;C:\Users\sanur\AppData\Roaming\npm;C:\Users\sanur\AppData\Local\GitHubDesktop\bin
USERNAME=sanur
OS=Windows_NT
PROCESSOR_IDENTIFIER=AMD64 Family 23 Model 96 Stepping 1, AuthenticAMD



---------------  S Y S T E M  ---------------

OS:
 Windows 10 , 64 bit Build 19041 (10.0.19041.2913)
OS uptime: 0 days 23:03 hours

CPU: total 6 (initial active 6) (6 cores per cpu, 1 threads per core) family 23 model 96 stepping 1 microcode 0x0, cx8, cmov, fxsr, mmx, 3dnowpref, sse, sse2, sse3, ssse3, sse4a, sse4.1, sse4.2, popcnt, lzcnt, tsc, tscinvbit, avx, avx2, aes, clmul, bmi1, bmi2, adx, sha, fma, vzeroupper, clflush, clflushopt

Memory: 4k page, system-wide physical 7564M (200M free)
TotalPageFile size 31116M (AvailPageFile size 0M)
current process WorkingSet (physical memory assigned to process): 77M, peak: 77M
current process commit charge ("private bytes"): 225M, peak: 227M

vm_info: Java HotSpot(TM) 64-Bit Server VM (17+35-LTS-2724) for windows-amd64 JRE (17+35-LTS-2724), built on Aug  5 2021 23:28:28 by "mach5one" with MS VC++ 16.8 (VS2019)

END.
